
*** Running vivado
    with args -log comparator_test_4bit.vdi -applog -m64 -product Vivado -messageDb vivado.pb -mode batch -source comparator_test_4bit.tcl -notrace


****** Vivado v2024.2 (64-bit)
  **** SW Build 5239630 on Fri Nov 08 22:34:34 MST 2024
  **** IP Build 5239520 on Sun Nov 10 16:12:51 MST 2024
  **** SharedData Build 5239561 on Fri Nov 08 14:39:27 MST 2024
  **** Start of session at: Thu Jul 17 11:06:18 2025
    ** Copyright 1986-2022 Xilinx, Inc. All Rights Reserved.
    ** Copyright 2022-2024 Advanced Micro Devices, Inc. All Rights Reserved.

source comparator_test_4bit.tcl -notrace
create_project: Time (s): cpu = 00:00:09 ; elapsed = 00:00:09 . Memory (MB): peak = 1486.488 ; gain = 15.902 ; free physical = 2296 ; free virtual = 12787
Command: link_design -top comparator_test_4bit -part xc7a35tcpg236-1
Design is defaulting to srcset: sources_1
Design is defaulting to constrset: constrs_1
INFO: [Device 21-403] Loading part xc7a35tcpg236-1
Netlist sorting complete. Time (s): cpu = 00:00:00 ; elapsed = 00:00:00 . Memory (MB): peak = 1661.684 ; gain = 0.000 ; free physical = 2151 ; free virtual = 12638
INFO: [Project 1-479] Netlist was created with Vivado 2024.2
INFO: [Project 1-570] Preparing netlist for logic optimization
Parsing XDC File [/home/psh/work/comparator/comparator.srcs/constrs_1/imports/work/Basys-3-Master.xdc]
Finished Parsing XDC File [/home/psh/work/comparator/comparator.srcs/constrs_1/imports/work/Basys-3-Master.xdc]
INFO: [Opt 31-138] Pushed 0 inverter(s) to 0 load pin(s).
Netlist sorting complete. Time (s): cpu = 00:00:00 ; elapsed = 00:00:00 . Memory (MB): peak = 1881.273 ; gain = 0.000 ; free physical = 2052 ; free virtual = 12540
INFO: [Project 1-111] Unisim Transformation Summary:
No Unisim elements were transformed.

5 Infos, 0 Warnings, 0 Critical Warnings and 0 Errors encountered.
link_design completed successfully
link_design: Time (s): cpu = 00:00:07 ; elapsed = 00:00:07 . Memory (MB): peak = 1887.211 ; gain = 400.723 ; free physical = 2052 ; free virtual = 12540
Command: opt_design
Attempting to get a license for feature 'Implementation' and/or device 'xc7a35t'
INFO: [Common 17-349] Got license for feature 'Implementation' and/or device 'xc7a35t'
Running DRC as a precondition to command opt_design

Starting DRC Task
INFO: [DRC 23-27] Running DRC with 8 threads
INFO: [Project 1-461] DRC finished with 0 Errors
INFO: [Project 1-462] Please refer to the DRC report (report_drc) for more information.

Time (s): cpu = 00:00:10 ; elapsed = 00:00:03 . Memory (MB): peak = 2025.297 ; gain = 138.086 ; free physical = 1992 ; free virtual = 12479

Starting Cache Timing Information Task
INFO: [Timing 38-35] Done setting XDC timing constraints.
Ending Cache Timing Information Task | Checksum: 1c8726ac3

Time (s): cpu = 00:00:08 ; elapsed = 00:00:08 . Memory (MB): peak = 2397.250 ; gain = 371.953 ; free physical = 1784 ; free virtual = 12260

Starting Logic Optimization Task

Phase 1 Initialization

Phase 1.1 Core Generation And Design Setup
Phase 1.1 Core Generation And Design Setup | Checksum: 1c8726ac3

Time (s): cpu = 00:00:00 ; elapsed = 00:00:00 . Memory (MB): peak = 2735.109 ; gain = 0.000 ; free physical = 1461 ; free virtual = 11928

Phase 1.2 Setup Constraints And Sort Netlist
Phase 1.2 Setup Constraints And Sort Netlist | Checksum: 1c8726ac3

Time (s): cpu = 00:00:00.01 ; elapsed = 00:00:00 . Memory (MB): peak = 2735.109 ; gain = 0.000 ; free physical = 1461 ; free virtual = 11928
Phase 1 Initialization | Checksum: 1c8726ac3

Time (s): cpu = 00:00:00.01 ; elapsed = 00:00:00 . Memory (MB): peak = 2735.109 ; gain = 0.000 ; free physical = 1461 ; free virtual = 11928

Phase 2 Timer Update And Timing Data Collection

Phase 2.1 Timer Update
Phase 2.1 Timer Update | Checksum: 1c8726ac3

Time (s): cpu = 00:00:00.01 ; elapsed = 00:00:00 . Memory (MB): peak = 2735.109 ; gain = 0.000 ; free physical = 1461 ; free virtual = 11928

Phase 2.2 Timing Data Collection
Phase 2.2 Timing Data Collection | Checksum: 1c8726ac3

Time (s): cpu = 00:00:00.01 ; elapsed = 00:00:00.01 . Memory (MB): peak = 2735.109 ; gain = 0.000 ; free physical = 1461 ; free virtual = 11928
Phase 2 Timer Update And Timing Data Collection | Checksum: 1c8726ac3

Time (s): cpu = 00:00:00.01 ; elapsed = 00:00:00.01 . Memory (MB): peak = 2735.109 ; gain = 0.000 ; free physical = 1461 ; free virtual = 11928

Phase 3 Retarget
INFO: [Opt 31-1851] Number of loadless carry chains removed were: 0
INFO: [Opt 31-1834] Total Chains To Be Transformed Were: 0 AND Number of Transformed insts Created are: 0
INFO: [Opt 31-138] Pushed 0 inverter(s) to 0 load pin(s).
INFO: [Opt 31-49] Retargeted 0 cell(s).
Phase 3 Retarget | Checksum: 1c8726ac3

Time (s): cpu = 00:00:00.02 ; elapsed = 00:00:00.02 . Memory (MB): peak = 2735.109 ; gain = 0.000 ; free physical = 1461 ; free virtual = 11927
Retarget | Checksum: 1c8726ac3
INFO: [Opt 31-389] Phase Retarget created 0 cells and removed 0 cells

Phase 4 Constant propagation
INFO: [Opt 31-138] Pushed 0 inverter(s) to 0 load pin(s).
Phase 4 Constant propagation | Checksum: 1c8726ac3

Time (s): cpu = 00:00:00.03 ; elapsed = 00:00:00.02 . Memory (MB): peak = 2735.109 ; gain = 0.000 ; free physical = 1461 ; free virtual = 11927
Constant propagation | Checksum: 1c8726ac3
INFO: [Opt 31-389] Phase Constant propagation created 0 cells and removed 0 cells

Phase 5 Sweep
INFO: [Constraints 18-11670] Building netlist checker database with flags, 0x8
Done building netlist checker database: Time (s): cpu = 00:00:00 ; elapsed = 00:00:00 . Memory (MB): peak = 2735.109 ; gain = 0.000 ; free physical = 1461 ; free virtual = 11927
Phase 5 Sweep | Checksum: 1c8726ac3

Time (s): cpu = 00:00:00.03 ; elapsed = 00:00:00.03 . Memory (MB): peak = 2735.109 ; gain = 0.000 ; free physical = 1461 ; free virtual = 11927
Sweep | Checksum: 1c8726ac3
INFO: [Opt 31-389] Phase Sweep created 0 cells and removed 0 cells

Phase 6 BUFG optimization
Phase 6 BUFG optimization | Checksum: 1c8726ac3

Time (s): cpu = 00:00:00.04 ; elapsed = 00:00:00.03 . Memory (MB): peak = 2767.125 ; gain = 32.016 ; free physical = 1460 ; free virtual = 11926
BUFG optimization | Checksum: 1c8726ac3
INFO: [Opt 31-662] Phase BUFG optimization created 0 cells of which 0 are BUFGs and removed 0 cells.

Phase 7 Shift Register Optimization
INFO: [Opt 31-1064] SRL Remap converted 0 SRLs to 0 registers and converted 0 registers of register chains to 0 SRLs
Phase 7 Shift Register Optimization | Checksum: 1c8726ac3

Time (s): cpu = 00:00:00.04 ; elapsed = 00:00:00.03 . Memory (MB): peak = 2767.125 ; gain = 32.016 ; free physical = 1460 ; free virtual = 11926
Shift Register Optimization | Checksum: 1c8726ac3
INFO: [Opt 31-389] Phase Shift Register Optimization created 0 cells and removed 0 cells

Phase 8 Post Processing Netlist
Phase 8 Post Processing Netlist | Checksum: 1c8726ac3

Time (s): cpu = 00:00:00.04 ; elapsed = 00:00:00.03 . Memory (MB): peak = 2767.125 ; gain = 32.016 ; free physical = 1460 ; free virtual = 11926
Post Processing Netlist | Checksum: 1c8726ac3
INFO: [Opt 31-389] Phase Post Processing Netlist created 0 cells and removed 0 cells

Phase 9 Finalization

Phase 9.1 Finalizing Design Cores and Updating Shapes
Phase 9.1 Finalizing Design Cores and Updating Shapes | Checksum: 1c8726ac3

Time (s): cpu = 00:00:00.04 ; elapsed = 00:00:00.04 . Memory (MB): peak = 2767.125 ; gain = 32.016 ; free physical = 1460 ; free virtual = 11926

Phase 9.2 Verifying Netlist Connectivity

Starting Connectivity Check Task

Time (s): cpu = 00:00:00 ; elapsed = 00:00:00 . Memory (MB): peak = 2767.125 ; gain = 0.000 ; free physical = 1460 ; free virtual = 11926
Phase 9.2 Verifying Netlist Connectivity | Checksum: 1c8726ac3

Time (s): cpu = 00:00:00.04 ; elapsed = 00:00:00.04 . Memory (MB): peak = 2767.125 ; gain = 32.016 ; free physical = 1460 ; free virtual = 11926
Phase 9 Finalization | Checksum: 1c8726ac3

Time (s): cpu = 00:00:00.04 ; elapsed = 00:00:00.04 . Memory (MB): peak = 2767.125 ; gain = 32.016 ; free physical = 1460 ; free virtual = 11926
Opt_design Change Summary
=========================


-------------------------------------------------------------------------------------------------------------------------
|  Phase                        |  #Cells created  |  #Cells Removed  |  #Constrained objects preventing optimizations  |
-------------------------------------------------------------------------------------------------------------------------
|  Retarget                     |               0  |               0  |                                              0  |
|  Constant propagation         |               0  |               0  |                                              0  |
|  Sweep                        |               0  |               0  |                                              0  |
|  BUFG optimization            |               0  |               0  |                                              0  |
|  Shift Register Optimization  |               0  |               0  |                                              0  |
|  Post Processing Netlist      |               0  |               0  |                                              0  |
-------------------------------------------------------------------------------------------------------------------------


Ending Logic Optimization Task | Checksum: 1c8726ac3

Time (s): cpu = 00:00:00.04 ; elapsed = 00:00:00.04 . Memory (MB): peak = 2767.125 ; gain = 32.016 ; free physical = 1460 ; free virtual = 11926

Starting Power Optimization Task
INFO: [Pwropt 34-132] Skipping clock gating for clocks with a period < 2.00 ns.
Ending Power Optimization Task | Checksum: 1c8726ac3

Time (s): cpu = 00:00:00.01 ; elapsed = 00:00:00.01 . Memory (MB): peak = 2767.125 ; gain = 0.000 ; free physical = 1460 ; free virtual = 11927

Starting Final Cleanup Task
Ending Final Cleanup Task | Checksum: 1c8726ac3

Time (s): cpu = 00:00:00 ; elapsed = 00:00:00 . Memory (MB): peak = 2767.125 ; gain = 0.000 ; free physical = 1460 ; free virtual = 11927

Starting Netlist Obfuscation Task
Netlist sorting complete. Time (s): cpu = 00:00:00 ; elapsed = 00:00:00 . Memory (MB): peak = 2767.125 ; gain = 0.000 ; free physical = 1460 ; free virtual = 11927
Ending Netlist Obfuscation Task | Checksum: 1c8726ac3

Time (s): cpu = 00:00:00 ; elapsed = 00:00:00 . Memory (MB): peak = 2767.125 ; gain = 0.000 ; free physical = 1460 ; free virtual = 11927
INFO: [Common 17-83] Releasing license: Implementation
25 Infos, 0 Warnings, 0 Critical Warnings and 0 Errors encountered.
opt_design completed successfully
opt_design: Time (s): cpu = 00:00:21 ; elapsed = 00:00:14 . Memory (MB): peak = 2767.125 ; gain = 879.914 ; free physical = 1460 ; free virtual = 11927
INFO: [Vivado 12-24828] Executing command : report_drc -file comparator_test_4bit_drc_opted.rpt -pb comparator_test_4bit_drc_opted.pb -rpx comparator_test_4bit_drc_opted.rpx
Command: report_drc -file comparator_test_4bit_drc_opted.rpt -pb comparator_test_4bit_drc_opted.pb -rpx comparator_test_4bit_drc_opted.rpx
INFO: [IP_Flow 19-234] Refreshing IP repositories
INFO: [IP_Flow 19-1704] No user IP repositories specified
INFO: [IP_Flow 19-2313] Loaded Vivado IP repository '/home/psh/tools/Vivado/2024.2/data/ip'.
INFO: [DRC 23-27] Running DRC with 8 threads
INFO: [Vivado_Tcl 2-168] The results of DRC are in file /home/psh/work/comparator/comparator.runs/impl_1/comparator_test_4bit_drc_opted.rpt.
report_drc completed successfully
INFO: [Timing 38-480] Writing timing data to binary archive.
Write ShapeDB Complete: Time (s): cpu = 00:00:00 ; elapsed = 00:00:00 . Memory (MB): peak = 2813.719 ; gain = 0.000 ; free physical = 1422 ; free virtual = 11888
Wrote PlaceDB: Time (s): cpu = 00:00:00.01 ; elapsed = 00:00:00 . Memory (MB): peak = 2813.719 ; gain = 0.000 ; free physical = 1422 ; free virtual = 11888
Wrote PulsedLatchDB: Time (s): cpu = 00:00:00 ; elapsed = 00:00:00 . Memory (MB): peak = 2813.719 ; gain = 0.000 ; free physical = 1422 ; free virtual = 11888
Writing XDEF routing.
Writing XDEF routing logical nets.
Writing XDEF routing special nets.
Wrote RouteStorage: Time (s): cpu = 00:00:00.04 ; elapsed = 00:00:00.02 . Memory (MB): peak = 2813.719 ; gain = 0.000 ; free physical = 1422 ; free virtual = 11888
Wrote Netlist Cache: Time (s): cpu = 00:00:00 ; elapsed = 00:00:00 . Memory (MB): peak = 2813.719 ; gain = 0.000 ; free physical = 1422 ; free virtual = 11888
Wrote Device Cache: Time (s): cpu = 00:00:00.02 ; elapsed = 00:00:00.01 . Memory (MB): peak = 2813.719 ; gain = 0.000 ; free physical = 1421 ; free virtual = 11887
Write Physdb Complete: Time (s): cpu = 00:00:00.07 ; elapsed = 00:00:00.03 . Memory (MB): peak = 2813.719 ; gain = 0.000 ; free physical = 1420 ; free virtual = 11887
INFO: [Common 17-1381] The checkpoint '/home/psh/work/comparator/comparator.runs/impl_1/comparator_test_4bit_opt.dcp' has been generated.
Command: place_design
Attempting to get a license for feature 'Implementation' and/or device 'xc7a35t'
INFO: [Common 17-349] Got license for feature 'Implementation' and/or device 'xc7a35t'
INFO: [Common 17-83] Releasing license: Implementation
INFO: [DRC 23-27] Running DRC with 8 threads
INFO: [Vivado_Tcl 4-198] DRC finished with 0 Errors
INFO: [Vivado_Tcl 4-199] Please refer to the DRC report (report_drc) for more information.
Running DRC as a precondition to command place_design
INFO: [DRC 23-27] Running DRC with 8 threads
INFO: [Vivado_Tcl 4-198] DRC finished with 0 Errors
INFO: [Vivado_Tcl 4-199] Please refer to the DRC report (report_drc) for more information.
INFO: [Place 30-611] Multithreading enabled for place_design using a maximum of 8 CPUs

Starting Placer Task

Phase 1 Placer Initialization

Phase 1.1 Placer Initialization Netlist Sorting
Netlist sorting complete. Time (s): cpu = 00:00:00 ; elapsed = 00:00:00 . Memory (MB): peak = 2855.969 ; gain = 0.000 ; free physical = 1333 ; free virtual = 11812
Phase 1.1 Placer Initialization Netlist Sorting | Checksum: 1b55a276e

Time (s): cpu = 00:00:00.01 ; elapsed = 00:00:00 . Memory (MB): peak = 2855.969 ; gain = 0.000 ; free physical = 1333 ; free virtual = 11812
Netlist sorting complete. Time (s): cpu = 00:00:00 ; elapsed = 00:00:00 . Memory (MB): peak = 2855.969 ; gain = 0.000 ; free physical = 1333 ; free virtual = 11812

Phase 1.2 IO Placement/ Clock Placement/ Build Placer Device
INFO: [Timing 38-35] Done setting XDC timing constraints.
Phase 1.2 IO Placement/ Clock Placement/ Build Placer Device | Checksum: 1b55a276e

Time (s): cpu = 00:00:00.64 ; elapsed = 00:00:00.22 . Memory (MB): peak = 2855.969 ; gain = 0.000 ; free physical = 1325 ; free virtual = 11812

Phase 1.3 Build Placer Netlist Model
Phase 1.3 Build Placer Netlist Model | Checksum: 2552753de

Time (s): cpu = 00:00:01 ; elapsed = 00:00:00.3 . Memory (MB): peak = 2855.969 ; gain = 0.000 ; free physical = 1325 ; free virtual = 11812

Phase 1.4 Constrain Clocks/Macros
Phase 1.4 Constrain Clocks/Macros | Checksum: 2552753de

Time (s): cpu = 00:00:01 ; elapsed = 00:00:00.31 . Memory (MB): peak = 2855.969 ; gain = 0.000 ; free physical = 1325 ; free virtual = 11812
Phase 1 Placer Initialization | Checksum: 2552753de

Time (s): cpu = 00:00:01 ; elapsed = 00:00:00.32 . Memory (MB): peak = 2855.969 ; gain = 0.000 ; free physical = 1325 ; free virtual = 11812

Phase 2 Global Placement

Phase 2.1 Floorplanning
Phase 2.1 Floorplanning | Checksum: 2552753de

Time (s): cpu = 00:00:01 ; elapsed = 00:00:00.32 . Memory (MB): peak = 2855.969 ; gain = 0.000 ; free physical = 1325 ; free virtual = 11812

Phase 2.2 Update Timing before SLR Path Opt
Phase 2.2 Update Timing before SLR Path Opt | Checksum: 2552753de

Time (s): cpu = 00:00:01 ; elapsed = 00:00:00.33 . Memory (MB): peak = 2855.969 ; gain = 0.000 ; free physical = 1325 ; free virtual = 11812

Phase 2.3 Post-Processing in Floorplanning
Phase 2.3 Post-Processing in Floorplanning | Checksum: 2552753de

Time (s): cpu = 00:00:01 ; elapsed = 00:00:00.33 . Memory (MB): peak = 2855.969 ; gain = 0.000 ; free physical = 1325 ; free virtual = 11812

Phase 2.4 Global Place Phase1
Phase 2.4 Global Place Phase1 | Checksum: 2332c1d17

Time (s): cpu = 00:00:04 ; elapsed = 00:00:01 . Memory (MB): peak = 2887.984 ; gain = 32.016 ; free physical = 1313 ; free virtual = 11801

Phase 2.5 Global Place Phase2
WARNING: [Place 46-29] Timing had been disabled during Placer and, therefore, physical synthesis in Placer will be skipped.
Phase 2.5 Global Place Phase2 | Checksum: 2411e1e6b

Time (s): cpu = 00:00:09 ; elapsed = 00:00:02 . Memory (MB): peak = 2887.984 ; gain = 32.016 ; free physical = 1318 ; free virtual = 11808
Phase 2 Global Placement | Checksum: 2411e1e6b

Time (s): cpu = 00:00:09 ; elapsed = 00:00:02 . Memory (MB): peak = 2887.984 ; gain = 32.016 ; free physical = 1318 ; free virtual = 11808

Phase 3 Detail Placement

Phase 3.1 Commit Multi Column Macros
Phase 3.1 Commit Multi Column Macros | Checksum: 2411e1e6b

Time (s): cpu = 00:00:09 ; elapsed = 00:00:02 . Memory (MB): peak = 2887.984 ; gain = 32.016 ; free physical = 1318 ; free virtual = 11808

Phase 3.2 Commit Most Macros & LUTRAMs
Phase 3.2 Commit Most Macros & LUTRAMs | Checksum: 1dc1219b4

Time (s): cpu = 00:00:09 ; elapsed = 00:00:02 . Memory (MB): peak = 2887.984 ; gain = 32.016 ; free physical = 1318 ; free virtual = 11800

Phase 3.3 Area Swap Optimization
Phase 3.3 Area Swap Optimization | Checksum: 2355590b0

Time (s): cpu = 00:00:09 ; elapsed = 00:00:02 . Memory (MB): peak = 2887.984 ; gain = 32.016 ; free physical = 1318 ; free virtual = 11800

Phase 3.4 Pipeline Register Optimization
Phase 3.4 Pipeline Register Optimization | Checksum: 2355590b0

Time (s): cpu = 00:00:09 ; elapsed = 00:00:02 . Memory (MB): peak = 2887.984 ; gain = 32.016 ; free physical = 1318 ; free virtual = 11800

Phase 3.5 Small Shape Detail Placement
Phase 3.5 Small Shape Detail Placement | Checksum: 29304b7aa

Time (s): cpu = 00:00:10 ; elapsed = 00:00:02 . Memory (MB): peak = 2887.984 ; gain = 32.016 ; free physical = 1317 ; free virtual = 11794

Phase 3.6 Re-assign LUT pins
Phase 3.6 Re-assign LUT pins | Checksum: 29304b7aa

Time (s): cpu = 00:00:10 ; elapsed = 00:00:02 . Memory (MB): peak = 2887.984 ; gain = 32.016 ; free physical = 1317 ; free virtual = 11794

Phase 3.7 Pipeline Register Optimization
Phase 3.7 Pipeline Register Optimization | Checksum: 29304b7aa

Time (s): cpu = 00:00:10 ; elapsed = 00:00:02 . Memory (MB): peak = 2887.984 ; gain = 32.016 ; free physical = 1317 ; free virtual = 11794
Phase 3 Detail Placement | Checksum: 29304b7aa

Time (s): cpu = 00:00:10 ; elapsed = 00:00:02 . Memory (MB): peak = 2887.984 ; gain = 32.016 ; free physical = 1317 ; free virtual = 11794

Phase 4 Post Placement Optimization and Clean-Up

Phase 4.1 Post Commit Optimization
Phase 4.1 Post Commit Optimization | Checksum: 29304b7aa

Time (s): cpu = 00:00:11 ; elapsed = 00:00:02 . Memory (MB): peak = 2887.984 ; gain = 32.016 ; free physical = 1316 ; free virtual = 11793

Phase 4.2 Post Placement Cleanup
Phase 4.2 Post Placement Cleanup | Checksum: 29304b7aa

Time (s): cpu = 00:00:11 ; elapsed = 00:00:02 . Memory (MB): peak = 2887.984 ; gain = 32.016 ; free physical = 1316 ; free virtual = 11793

Phase 4.3 Placer Reporting

Phase 4.3.1 Print Estimated Congestion
INFO: [Place 30-612] Post-Placement Estimated Congestion 
 ____________________________________________________
|           | Global Congestion | Short Congestion  |
| Direction | Region Size       | Region Size       |
|___________|___________________|___________________|
|      North|                1x1|                1x1|
|___________|___________________|___________________|
|      South|                1x1|                1x1|
|___________|___________________|___________________|
|       East|                1x1|                1x1|
|___________|___________________|___________________|
|       West|                1x1|                1x1|
|___________|___________________|___________________|

Phase 4.3.1 Print Estimated Congestion | Checksum: 29304b7aa

Time (s): cpu = 00:00:11 ; elapsed = 00:00:02 . Memory (MB): peak = 2887.984 ; gain = 32.016 ; free physical = 1316 ; free virtual = 11793
Phase 4.3 Placer Reporting | Checksum: 29304b7aa

Time (s): cpu = 00:00:11 ; elapsed = 00:00:02 . Memory (MB): peak = 2887.984 ; gain = 32.016 ; free physical = 1316 ; free virtual = 11793

Phase 4.4 Final Placement Cleanup
Netlist sorting complete. Time (s): cpu = 00:00:00 ; elapsed = 00:00:00 . Memory (MB): peak = 2887.984 ; gain = 0.000 ; free physical = 1316 ; free virtual = 11793

Time (s): cpu = 00:00:11 ; elapsed = 00:00:02 . Memory (MB): peak = 2887.984 ; gain = 32.016 ; free physical = 1316 ; free virtual = 11793
Phase 4 Post Placement Optimization and Clean-Up | Checksum: 29304b7aa

Time (s): cpu = 00:00:11 ; elapsed = 00:00:02 . Memory (MB): peak = 2887.984 ; gain = 32.016 ; free physical = 1316 ; free virtual = 11793
Ending Placer Task | Checksum: 1c2b2f4c0

Time (s): cpu = 00:00:11 ; elapsed = 00:00:02 . Memory (MB): peak = 2887.984 ; gain = 32.016 ; free physical = 1324 ; free virtual = 11802
44 Infos, 1 Warnings, 0 Critical Warnings and 0 Errors encountered.
place_design completed successfully
place_design: Time (s): cpu = 00:00:25 ; elapsed = 00:00:06 . Memory (MB): peak = 2887.984 ; gain = 74.266 ; free physical = 1324 ; free virtual = 11802
INFO: [Vivado 12-24838] Running report commands "report_control_sets, report_io, report_utilization" in parallel.
Running report generation with 3 threads.
INFO: [Vivado 12-24828] Executing command : report_control_sets -verbose -file comparator_test_4bit_control_sets_placed.rpt
report_control_sets: Time (s): cpu = 00:00:00.08 ; elapsed = 00:00:00.16 . Memory (MB): peak = 2887.984 ; gain = 0.000 ; free physical = 1300 ; free virtual = 11778
INFO: [Vivado 12-24828] Executing command : report_utilization -file comparator_test_4bit_utilization_placed.rpt -pb comparator_test_4bit_utilization_placed.pb
INFO: [Vivado 12-24828] Executing command : report_io -file comparator_test_4bit_io_placed.rpt
report_io: Time (s): cpu = 00:00:00.34 ; elapsed = 00:00:00.44 . Memory (MB): peak = 2887.984 ; gain = 0.000 ; free physical = 1287 ; free virtual = 11765
INFO: [Timing 38-480] Writing timing data to binary archive.
Write ShapeDB Complete: Time (s): cpu = 00:00:00 ; elapsed = 00:00:00 . Memory (MB): peak = 2887.984 ; gain = 0.000 ; free physical = 1298 ; free virtual = 11775
Wrote PlaceDB: Time (s): cpu = 00:00:00.01 ; elapsed = 00:00:00 . Memory (MB): peak = 2887.984 ; gain = 0.000 ; free physical = 1298 ; free virtual = 11775
Wrote PulsedLatchDB: Time (s): cpu = 00:00:00 ; elapsed = 00:00:00 . Memory (MB): peak = 2887.984 ; gain = 0.000 ; free physical = 1298 ; free virtual = 11775
Writing XDEF routing.
Writing XDEF routing logical nets.
Writing XDEF routing special nets.
Wrote RouteStorage: Time (s): cpu = 00:00:00.06 ; elapsed = 00:00:00.03 . Memory (MB): peak = 2887.984 ; gain = 0.000 ; free physical = 1298 ; free virtual = 11775
Wrote Netlist Cache: Time (s): cpu = 00:00:00.01 ; elapsed = 00:00:00 . Memory (MB): peak = 2887.984 ; gain = 0.000 ; free physical = 1298 ; free virtual = 11775
Wrote Device Cache: Time (s): cpu = 00:00:00.02 ; elapsed = 00:00:00.02 . Memory (MB): peak = 2887.984 ; gain = 0.000 ; free physical = 1298 ; free virtual = 11776
Write Physdb Complete: Time (s): cpu = 00:00:00.11 ; elapsed = 00:00:00.06 . Memory (MB): peak = 2887.984 ; gain = 0.000 ; free physical = 1298 ; free virtual = 11776
INFO: [Common 17-1381] The checkpoint '/home/psh/work/comparator/comparator.runs/impl_1/comparator_test_4bit_placed.dcp' has been generated.
Command: phys_opt_design
Attempting to get a license for feature 'Implementation' and/or device 'xc7a35t'
INFO: [Common 17-349] Got license for feature 'Implementation' and/or device 'xc7a35t'

Starting Initial Update Timing Task

Time (s): cpu = 00:00:00.01 ; elapsed = 00:00:00.02 . Memory (MB): peak = 2887.984 ; gain = 0.000 ; free physical = 1283 ; free virtual = 11768
INFO: [Vivado_Tcl 4-235] No timing constraint found. The netlist was not modified.
INFO: [Common 17-83] Releasing license: Implementation
53 Infos, 1 Warnings, 0 Critical Warnings and 0 Errors encountered.
phys_opt_design completed successfully
Write ShapeDB Complete: Time (s): cpu = 00:00:00 ; elapsed = 00:00:00.01 . Memory (MB): peak = 2887.984 ; gain = 0.000 ; free physical = 1283 ; free virtual = 11768
INFO: [Timing 38-480] Writing timing data to binary archive.
Wrote PlaceDB: Time (s): cpu = 00:00:00.01 ; elapsed = 00:00:00 . Memory (MB): peak = 2887.984 ; gain = 0.000 ; free physical = 1283 ; free virtual = 11768
Wrote PulsedLatchDB: Time (s): cpu = 00:00:00 ; elapsed = 00:00:00 . Memory (MB): peak = 2887.984 ; gain = 0.000 ; free physical = 1283 ; free virtual = 11768
Writing XDEF routing.
Writing XDEF routing logical nets.
Writing XDEF routing special nets.
Wrote RouteStorage: Time (s): cpu = 00:00:00.06 ; elapsed = 00:00:00.03 . Memory (MB): peak = 2887.984 ; gain = 0.000 ; free physical = 1283 ; free virtual = 11760
Wrote Netlist Cache: Time (s): cpu = 00:00:00 ; elapsed = 00:00:00 . Memory (MB): peak = 2887.984 ; gain = 0.000 ; free physical = 1283 ; free virtual = 11760
Wrote Device Cache: Time (s): cpu = 00:00:00.02 ; elapsed = 00:00:00.01 . Memory (MB): peak = 2887.984 ; gain = 0.000 ; free physical = 1282 ; free virtual = 11760
Write Physdb Complete: Time (s): cpu = 00:00:00.09 ; elapsed = 00:00:00.05 . Memory (MB): peak = 2887.984 ; gain = 0.000 ; free physical = 1282 ; free virtual = 11760
INFO: [Common 17-1381] The checkpoint '/home/psh/work/comparator/comparator.runs/impl_1/comparator_test_4bit_physopt.dcp' has been generated.
Command: route_design
Attempting to get a license for feature 'Implementation' and/or device 'xc7a35t'
INFO: [Common 17-349] Got license for feature 'Implementation' and/or device 'xc7a35t'


Starting Routing Task
INFO: [Route 35-254] Multithreading enabled for route_design using a maximum of 8 CPUs

Phase 1 Build RT Design
Checksum: PlaceDB: 4d863e57 ConstDB: 0 ShapeSum: d4ab5a12 RouteDB: a0815c57
Post Restoration Checksum: NetGraph: ab385f4b | NumContArr: 31700656 | Constraints: c2a8fa9d | Timing: c2a8fa9d
Phase 1 Build RT Design | Checksum: 261fa5adb

Time (s): cpu = 00:00:32 ; elapsed = 00:00:27 . Memory (MB): peak = 2911.934 ; gain = 23.949 ; free physical = 1241 ; free virtual = 11722

Phase 2 Router Initialization
INFO: [Route 35-64] No timing constraints were detected. The router will operate in resource-optimization mode.

Phase 2.1 Fix Topology Constraints
Phase 2.1 Fix Topology Constraints | Checksum: 261fa5adb

Time (s): cpu = 00:00:32 ; elapsed = 00:00:27 . Memory (MB): peak = 2941.934 ; gain = 53.949 ; free physical = 1210 ; free virtual = 11691

Phase 2.2 Pre Route Cleanup
Phase 2.2 Pre Route Cleanup | Checksum: 261fa5adb

Time (s): cpu = 00:00:32 ; elapsed = 00:00:27 . Memory (MB): peak = 2941.934 ; gain = 53.949 ; free physical = 1210 ; free virtual = 11691
 Number of Nodes with overlaps = 0

Router Utilization Summary
  Global Vertical Routing Utilization    = 0 %
  Global Horizontal Routing Utilization  = 0 %
  Routable Net Status*
  *Does not include unroutable nets such as driverless and loadless.
  Run report_route_status for detailed report.
  Number of Failed Nets               = 14
    (Failed Nets is the sum of unrouted and partially routed nets)
  Number of Unrouted Nets             = 14
  Number of Partially Routed Nets     = 0
  Number of Node Overlaps             = 0

Phase 2 Router Initialization | Checksum: 2e7a2884c

Time (s): cpu = 00:00:33 ; elapsed = 00:00:27 . Memory (MB): peak = 2959.934 ; gain = 71.949 ; free physical = 1174 ; free virtual = 11654

Phase 3 Global Routing
Phase 3 Global Routing | Checksum: 2e7a2884c

Time (s): cpu = 00:00:33 ; elapsed = 00:00:27 . Memory (MB): peak = 2959.934 ; gain = 71.949 ; free physical = 1174 ; free virtual = 11654

Phase 4 Initial Routing

Phase 4.1 Initial Net Routing Pass
Phase 4.1 Initial Net Routing Pass | Checksum: 28e70ac90

Time (s): cpu = 00:00:33 ; elapsed = 00:00:27 . Memory (MB): peak = 2959.934 ; gain = 71.949 ; free physical = 1174 ; free virtual = 11654
Phase 4 Initial Routing | Checksum: 28e70ac90

Time (s): cpu = 00:00:33 ; elapsed = 00:00:27 . Memory (MB): peak = 2959.934 ; gain = 71.949 ; free physical = 1174 ; free virtual = 11654

Phase 5 Rip-up And Reroute

Phase 5.1 Global Iteration 0
 Number of Nodes with overlaps = 0
Phase 5.1 Global Iteration 0 | Checksum: 1f2f0cdf9

Time (s): cpu = 00:00:33 ; elapsed = 00:00:27 . Memory (MB): peak = 2959.934 ; gain = 71.949 ; free physical = 1174 ; free virtual = 11654
Phase 5 Rip-up And Reroute | Checksum: 1f2f0cdf9

Time (s): cpu = 00:00:33 ; elapsed = 00:00:27 . Memory (MB): peak = 2959.934 ; gain = 71.949 ; free physical = 1174 ; free virtual = 11654

Phase 6 Delay and Skew Optimization
Phase 6 Delay and Skew Optimization | Checksum: 1f2f0cdf9

Time (s): cpu = 00:00:33 ; elapsed = 00:00:27 . Memory (MB): peak = 2959.934 ; gain = 71.949 ; free physical = 1174 ; free virtual = 11654

Phase 7 Post Hold Fix

Phase 7.1 Hold Fix Iter
Phase 7.1 Hold Fix Iter | Checksum: 1f2f0cdf9

Time (s): cpu = 00:00:33 ; elapsed = 00:00:27 . Memory (MB): peak = 2959.934 ; gain = 71.949 ; free physical = 1174 ; free virtual = 11654
Phase 7 Post Hold Fix | Checksum: 1f2f0cdf9

Time (s): cpu = 00:00:33 ; elapsed = 00:00:27 . Memory (MB): peak = 2959.934 ; gain = 71.949 ; free physical = 1174 ; free virtual = 11654

Phase 8 Route finalize

Router Utilization Summary
  Global Vertical Routing Utilization    = 0.0140317 %
  Global Horizontal Routing Utilization  = 0.0203019 %
  Routable Net Status*
  *Does not include unroutable nets such as driverless and loadless.
  Run report_route_status for detailed report.
  Number of Failed Nets               = 0
    (Failed Nets is the sum of unrouted and partially routed nets)
  Number of Unrouted Nets             = 0
  Number of Partially Routed Nets     = 0
  Number of Node Overlaps             = 0


--GLOBAL Congestion:
Utilization threshold used for congestion level computation: 0.85
Congestion Report
North Dir 1x1 Area, Max Cong = 5.40541%, No Congested Regions.
South Dir 1x1 Area, Max Cong = 6.30631%, No Congested Regions.
East Dir 1x1 Area, Max Cong = 2.94118%, No Congested Regions.
West Dir 1x1 Area, Max Cong = 8.82353%, No Congested Regions.

------------------------------
Reporting congestion hotspots
------------------------------
Direction: North
----------------
Congested clusters found at Level 0
Effective congestion level: 0 Aspect Ratio: 1 Sparse Ratio: 0
Direction: South
----------------
Congested clusters found at Level 0
Effective congestion level: 0 Aspect Ratio: 1 Sparse Ratio: 0
Direction: East
----------------
Congested clusters found at Level 0
Effective congestion level: 0 Aspect Ratio: 1 Sparse Ratio: 0
Direction: West
----------------
Congested clusters found at Level 0
Effective congestion level: 0 Aspect Ratio: 1 Sparse Ratio: 0

Phase 8 Route finalize | Checksum: 1f2f0cdf9

Time (s): cpu = 00:00:33 ; elapsed = 00:00:27 . Memory (MB): peak = 2959.934 ; gain = 71.949 ; free physical = 1174 ; free virtual = 11654

Phase 9 Verifying routed nets

 Verification completed successfully
Phase 9 Verifying routed nets | Checksum: 1f2f0cdf9

Time (s): cpu = 00:00:33 ; elapsed = 00:00:27 . Memory (MB): peak = 2959.934 ; gain = 71.949 ; free physical = 1174 ; free virtual = 11654

Phase 10 Depositing Routes
Phase 10 Depositing Routes | Checksum: 2d3c2c335

Time (s): cpu = 00:00:33 ; elapsed = 00:00:27 . Memory (MB): peak = 2959.934 ; gain = 71.949 ; free physical = 1174 ; free virtual = 11654

Phase 11 Post Process Routing
Phase 11 Post Process Routing | Checksum: 2d3c2c335

Time (s): cpu = 00:00:33 ; elapsed = 00:00:27 . Memory (MB): peak = 2959.934 ; gain = 71.949 ; free physical = 1174 ; free virtual = 11654
Total Elapsed time in route_design: 27.28 secs

Phase 12 Post-Route Event Processing
Phase 12 Post-Route Event Processing | Checksum: 14e30c6c6

Time (s): cpu = 00:00:33 ; elapsed = 00:00:27 . Memory (MB): peak = 2959.934 ; gain = 71.949 ; free physical = 1174 ; free virtual = 11654
INFO: [Route 35-16] Router Completed Successfully
Ending Routing Task | Checksum: 14e30c6c6

Time (s): cpu = 00:00:33 ; elapsed = 00:00:27 . Memory (MB): peak = 2959.934 ; gain = 71.949 ; free physical = 1174 ; free virtual = 11654

Routing Is Done.
INFO: [Common 17-83] Releasing license: Implementation
60 Infos, 1 Warnings, 0 Critical Warnings and 0 Errors encountered.
route_design completed successfully
route_design: Time (s): cpu = 00:00:33 ; elapsed = 00:00:27 . Memory (MB): peak = 2959.934 ; gain = 71.949 ; free physical = 1173 ; free virtual = 11654
INFO: [Vivado 12-24828] Executing command : report_drc -file comparator_test_4bit_drc_routed.rpt -pb comparator_test_4bit_drc_routed.pb -rpx comparator_test_4bit_drc_routed.rpx
Command: report_drc -file comparator_test_4bit_drc_routed.rpt -pb comparator_test_4bit_drc_routed.pb -rpx comparator_test_4bit_drc_routed.rpx
INFO: [IP_Flow 19-1839] IP Catalog is up to date.
INFO: [DRC 23-27] Running DRC with 8 threads
INFO: [Vivado_Tcl 2-168] The results of DRC are in file /home/psh/work/comparator/comparator.runs/impl_1/comparator_test_4bit_drc_routed.rpt.
report_drc completed successfully
INFO: [Vivado 12-24828] Executing command : report_methodology -file comparator_test_4bit_methodology_drc_routed.rpt -pb comparator_test_4bit_methodology_drc_routed.pb -rpx comparator_test_4bit_methodology_drc_routed.rpx
Command: report_methodology -file comparator_test_4bit_methodology_drc_routed.rpt -pb comparator_test_4bit_methodology_drc_routed.pb -rpx comparator_test_4bit_methodology_drc_routed.rpx
INFO: [Timing 38-35] Done setting XDC timing constraints.
INFO: [DRC 23-133] Running Methodology with 8 threads
INFO: [Vivado_Tcl 2-1520] The results of Report Methodology are in file /home/psh/work/comparator/comparator.runs/impl_1/comparator_test_4bit_methodology_drc_routed.rpt.
report_methodology completed successfully
INFO: [Vivado 12-24828] Executing command : report_timing_summary -max_paths 10 -report_unconstrained -file comparator_test_4bit_timing_summary_routed.rpt -pb comparator_test_4bit_timing_summary_routed.pb -rpx comparator_test_4bit_timing_summary_routed.rpx -warn_on_violation 
INFO: [Timing 38-35] Done setting XDC timing constraints.
INFO: [Timing 38-91] UpdateTimingParams: Speed grade: -1, Delay Type: min_max.
INFO: [Timing 38-191] Multithreading enabled for timing update using a maximum of 8 CPUs
WARNING: [Timing 38-313] There are no user specified timing constraints. Timing constraints are needed for proper timing analysis.
INFO: [Vivado 12-24838] Running report commands "report_bus_skew, report_incremental_reuse, report_route_status" in parallel.
Running report generation with 3 threads.
INFO: [Vivado 12-24828] Executing command : report_incremental_reuse -file comparator_test_4bit_incremental_reuse_routed.rpt
INFO: [Vivado_Tcl 4-1062] Incremental flow is disabled. No incremental reuse Info to report.
INFO: [Vivado 12-24828] Executing command : report_route_status -file comparator_test_4bit_route_status.rpt -pb comparator_test_4bit_route_status.pb
INFO: [Vivado 12-24828] Executing command : report_bus_skew -warn_on_violation -file comparator_test_4bit_bus_skew_routed.rpt -pb comparator_test_4bit_bus_skew_routed.pb -rpx comparator_test_4bit_bus_skew_routed.rpx
INFO: [Timing 38-91] UpdateTimingParams: Speed grade: -1, Delay Type: min_max.
INFO: [Timing 38-191] Multithreading enabled for timing update using a maximum of 8 CPUs
INFO: [Vivado 12-24828] Executing command : report_power -file comparator_test_4bit_power_routed.rpt -pb comparator_test_4bit_power_summary_routed.pb -rpx comparator_test_4bit_power_routed.rpx
Command: report_power -file comparator_test_4bit_power_routed.rpt -pb comparator_test_4bit_power_summary_routed.pb -rpx comparator_test_4bit_power_routed.rpx
WARNING: [Power 33-232] No user defined clocks were found in the design! Power estimation will be inaccurate until this is corrected.
Resolution: Please specify clocks using create_clock/create_generated_clock for sequential elements. For pure combinatorial circuits, please specify a virtual clock, otherwise the vectorless estimation might be inaccurate
Running Vector-less Activity Propagation...

Finished Running Vector-less Activity Propagation
80 Infos, 3 Warnings, 0 Critical Warnings and 0 Errors encountered.
report_power completed successfully
INFO: [Vivado 12-24828] Executing command : report_clock_utilization -file comparator_test_4bit_clock_utilization_routed.rpt
generate_parallel_reports: Time (s): cpu = 00:00:20 ; elapsed = 00:00:05 . Memory (MB): peak = 3130.105 ; gain = 170.172 ; free physical = 1059 ; free virtual = 11541
INFO: [Timing 38-480] Writing timing data to binary archive.
Write ShapeDB Complete: Time (s): cpu = 00:00:00 ; elapsed = 00:00:00 . Memory (MB): peak = 3130.105 ; gain = 0.000 ; free physical = 1059 ; free virtual = 11541
Wrote PlaceDB: Time (s): cpu = 00:00:00 ; elapsed = 00:00:00 . Memory (MB): peak = 3130.105 ; gain = 0.000 ; free physical = 1059 ; free virtual = 11541
Wrote PulsedLatchDB: Time (s): cpu = 00:00:00 ; elapsed = 00:00:00 . Memory (MB): peak = 3130.105 ; gain = 0.000 ; free physical = 1059 ; free virtual = 11541
Writing XDEF routing.
Writing XDEF routing logical nets.
Writing XDEF routing special nets.
Wrote RouteStorage: Time (s): cpu = 00:00:00.03 ; elapsed = 00:00:00.02 . Memory (MB): peak = 3130.105 ; gain = 0.000 ; free physical = 1059 ; free virtual = 11541
Wrote Netlist Cache: Time (s): cpu = 00:00:00 ; elapsed = 00:00:00 . Memory (MB): peak = 3130.105 ; gain = 0.000 ; free physical = 1059 ; free virtual = 11541
Wrote Device Cache: Time (s): cpu = 00:00:00.01 ; elapsed = 00:00:00 . Memory (MB): peak = 3130.105 ; gain = 0.000 ; free physical = 1059 ; free virtual = 11541
Write Physdb Complete: Time (s): cpu = 00:00:00.04 ; elapsed = 00:00:00.03 . Memory (MB): peak = 3130.105 ; gain = 0.000 ; free physical = 1059 ; free virtual = 11541
INFO: [Common 17-1381] The checkpoint '/home/psh/work/comparator/comparator.runs/impl_1/comparator_test_4bit_routed.dcp' has been generated.
Command: write_bitstream -force comparator_test_4bit.bit
Attempting to get a license for feature 'Implementation' and/or device 'xc7a35t'
INFO: [Common 17-349] Got license for feature 'Implementation' and/or device 'xc7a35t'
Running DRC as a precondition to command write_bitstream
INFO: [IP_Flow 19-1839] IP Catalog is up to date.
INFO: [DRC 23-27] Running DRC with 8 threads
INFO: [Vivado 12-3199] DRC finished with 0 Errors
INFO: [Vivado 12-3200] Please refer to the DRC report (report_drc) for more information.
INFO: [Designutils 20-2272] Running write_bitstream with 8 threads.
Loading data files...
Loading site data...
Loading route data...
Processing options...
Creating bitmap...
Creating bitstream...
Bitstream compression saved 15800864 bits.
Writing bitstream ./comparator_test_4bit.bit...
INFO: [Vivado 12-1842] Bitgen Completed Successfully.
INFO: [Project 1-1876] WebTalk data collection is mandatory when using a ULT device. To see the specific WebTalk data collected for your design, open the usage_statistics_webtalk.html or usage_statistics_webtalk.xml file in the implementation directory.
INFO: [Common 17-83] Releasing license: Implementation
92 Infos, 3 Warnings, 0 Critical Warnings and 0 Errors encountered.
write_bitstream completed successfully
write_bitstream: Time (s): cpu = 00:00:29 ; elapsed = 00:00:25 . Memory (MB): peak = 3363.059 ; gain = 232.953 ; free physical = 827 ; free virtual = 11311
INFO: [Common 17-206] Exiting Vivado at Thu Jul 17 11:08:04 2025...

*** Running vivado
    with args -log comparator_test_4bit.vdi -applog -m64 -product Vivado -messageDb vivado.pb -mode batch -source comparator_test_4bit.tcl -notrace


****** Vivado v2024.2 (64-bit)
  **** SW Build 5239630 on Fri Nov 08 22:34:34 MST 2024
  **** IP Build 5239520 on Sun Nov 10 16:12:51 MST 2024
  **** SharedData Build 5239561 on Fri Nov 08 14:39:27 MST 2024
  **** Start of session at: Thu Jul 17 11:11:00 2025
    ** Copyright 1986-2022 Xilinx, Inc. All Rights Reserved.
    ** Copyright 2022-2024 Advanced Micro Devices, Inc. All Rights Reserved.

source comparator_test_4bit.tcl -notrace
Command: open_checkpoint comparator_test_4bit_routed.dcp
INFO: [Device 21-403] Loading part xc7a35tcpg236-1
Netlist sorting complete. Time (s): cpu = 00:00:00 ; elapsed = 00:00:00 . Memory (MB): peak = 1662.270 ; gain = 0.000 ; free physical = 2491 ; free virtual = 12846
INFO: [Project 1-479] Netlist was created with Vivado 2024.2
INFO: [Project 1-570] Preparing netlist for logic optimization
Read ShapeDB Complete: Time (s): cpu = 00:00:00.01 ; elapsed = 00:00:00 . Memory (MB): peak = 1730.051 ; gain = 0.000 ; free physical = 2409 ; free virtual = 12764
INFO: [Timing 38-478] Restoring timing data from binary archive.
INFO: [Timing 38-479] Binary timing data restore complete.
INFO: [Project 1-856] Restoring constraints from binary archive.
INFO: [Project 1-853] Binary constraint restore complete.
INFO: [Designutils 20-5722] Start Reading Physical Databases.
Reading placement.
Read Netlist Cache: Time (s): cpu = 00:00:00 ; elapsed = 00:00:00 . Memory (MB): peak = 2299.301 ; gain = 0.000 ; free physical = 1917 ; free virtual = 12271
Reading placer database...
Read Device Cache: Time (s): cpu = 00:00:00.01 ; elapsed = 00:00:00.01 . Memory (MB): peak = 2299.301 ; gain = 0.000 ; free physical = 1917 ; free virtual = 12271
Read PlaceDB: Time (s): cpu = 00:00:00 ; elapsed = 00:00:00 . Memory (MB): peak = 2299.301 ; gain = 0.000 ; free physical = 1917 ; free virtual = 12271
Read PulsedLatchDB: Time (s): cpu = 00:00:00 ; elapsed = 00:00:00 . Memory (MB): peak = 2299.301 ; gain = 0.000 ; free physical = 1916 ; free virtual = 12271
Reading routing.
Read RouteStorage: Time (s): cpu = 00:00:00 ; elapsed = 00:00:00 . Memory (MB): peak = 2299.301 ; gain = 0.000 ; free physical = 1916 ; free virtual = 12271
Read Physdb Files: Time (s): cpu = 00:00:00.01 ; elapsed = 00:00:00.02 . Memory (MB): peak = 2299.301 ; gain = 0.000 ; free physical = 1916 ; free virtual = 12271
Restored from archive | CPU: 0.060000 secs | Memory: 1.099579 MB |
Finished XDEF File Restore: Time (s): cpu = 00:00:00.06 ; elapsed = 00:00:00.07 . Memory (MB): peak = 2299.301 ; gain = 19.812 ; free physical = 1916 ; free virtual = 12271
Netlist sorting complete. Time (s): cpu = 00:00:00 ; elapsed = 00:00:00 . Memory (MB): peak = 2299.301 ; gain = 0.000 ; free physical = 1916 ; free virtual = 12271
INFO: [Project 1-111] Unisim Transformation Summary:
No Unisim elements were transformed.

INFO: [Project 1-604] Checkpoint was created with Vivado v2024.2 (64-bit) build 5239630
open_checkpoint: Time (s): cpu = 00:00:22 ; elapsed = 00:00:23 . Memory (MB): peak = 2299.301 ; gain = 856.191 ; free physical = 1916 ; free virtual = 12271
Command: write_bitstream -force comparator_test_4bit.bit
Attempting to get a license for feature 'Implementation' and/or device 'xc7a35t'
INFO: [Common 17-349] Got license for feature 'Implementation' and/or device 'xc7a35t'
Running DRC as a precondition to command write_bitstream
INFO: [IP_Flow 19-234] Refreshing IP repositories
INFO: [IP_Flow 19-1704] No user IP repositories specified
INFO: [IP_Flow 19-2313] Loaded Vivado IP repository '/home/psh/tools/Vivado/2024.2/data/ip'.
INFO: [DRC 23-27] Running DRC with 8 threads
INFO: [Vivado 12-3199] DRC finished with 0 Errors
INFO: [Vivado 12-3200] Please refer to the DRC report (report_drc) for more information.
INFO: [Designutils 20-2272] Running write_bitstream with 8 threads.
Loading data files...
Loading site data...
Loading route data...
Processing options...
Creating bitmap...
Creating bitstream...
Bitstream compression saved 15800864 bits.
Writing bitstream ./comparator_test_4bit.bit...
INFO: [Vivado 12-1842] Bitgen Completed Successfully.
INFO: [Project 1-1876] WebTalk data collection is mandatory when using a ULT device. To see the specific WebTalk data collected for your design, open the usage_statistics_webtalk.html or usage_statistics_webtalk.xml file in the implementation directory.
INFO: [Common 17-83] Releasing license: Implementation
21 Infos, 0 Warnings, 0 Critical Warnings and 0 Errors encountered.
write_bitstream completed successfully
write_bitstream: Time (s): cpu = 00:00:19 ; elapsed = 00:00:19 . Memory (MB): peak = 2817.719 ; gain = 518.418 ; free physical = 1470 ; free virtual = 11828
INFO: [Common 17-206] Exiting Vivado at Thu Jul 17 11:11:47 2025...
