Copyright 1986-2022 Xilinx, Inc. All Rights Reserved. Copyright 2022-2024 Advanced Micro Devices, Inc. All Rights Reserved.
---------------------------------------------------------------------------------------------------------------------------------------------
| Tool Version : Vivado v.2024.2 (lin64) Build 5239630 Fri Nov 08 22:34:34 MST 2024
| Date         : Thu Sep 11 14:21:20 2025
| Host         : min running 64-bit Ubuntu 24.04.2 LTS
| Command      : upgrade_ip
| Device       : xc7a35tcpg236-1
---------------------------------------------------------------------------------------------------------------------------------------------

Upgrade Log for IP 'soc_pwm_servo_myip_pwm_0_0'

1. Summary
----------

SUCCESS in the upgrade of soc_pwm_servo_myip_pwm_0_0 (user.org:user:myip_pwm:1.0) from (Rev. 3) to (Rev. 4)






Copyright 1986-2022 Xilinx, Inc. All Rights Reserved. Copyright 2022-2024 Advanced Micro Devices, Inc. All Rights Reserved.
---------------------------------------------------------------------------------------------------------------------------------------------
| Tool Version : Vivado v.2024.2 (lin64) Build 5239630 Fri Nov 08 22:34:34 MST 2024
| Date         : Thu Sep 11 14:21:19 2025
| Host         : min running 64-bit Ubuntu 24.04.2 LTS
| Command      : upgrade_ip
| Device       : xc7a35tcpg236-1
---------------------------------------------------------------------------------------------------------------------------------------------

Upgrade Log for IP 'soc_pwm_myip_pwm_0_0'

1. Summary
----------

SUCCESS in the upgrade of soc_pwm_myip_pwm_0_0 (user.org:user:myip_pwm:1.0) from (Rev. 3) to (Rev. 4)






Copyright 1986-2022 Xilinx, Inc. All Rights Reserved. Copyright 2022-2024 Advanced Micro Devices, Inc. All Rights Reserved.
---------------------------------------------------------------------------------------------------------------------------------------------
| Tool Version : Vivado v.2024.2 (lin64) Build 5239630 Fri Nov 08 22:34:34 MST 2024
| Date         : Thu Sep 11 10:04:31 2025
| Host         : min running 64-bit Ubuntu 24.04.2 LTS
| Command      : upgrade_ip
| Device       : xc7a35tcpg236-1
---------------------------------------------------------------------------------------------------------------------------------------------

Upgrade Log for IP 'soc_pwm_myip_pwm_0_0'

1. Summary
----------

SUCCESS in the upgrade of soc_pwm_myip_pwm_0_0 (user.org:user:myip_pwm:1.0) from (Rev. 2) to (Rev. 3)






Copyright 1986-2022 Xilinx, Inc. All Rights Reserved. Copyright 2022-2024 Advanced Micro Devices, Inc. All Rights Reserved.
---------------------------------------------------------------------------------------------------------------------------------------------
| Tool Version : Vivado v.2024.2 (lin64) Build 5239630 Fri Nov 08 22:34:34 MST 2024
| Date         : Wed Sep 10 11:54:58 2025
| Host         : min running 64-bit Ubuntu 24.04.2 LTS
| Command      : upgrade_ip
| Device       : xc7a35tcpg236-1
---------------------------------------------------------------------------------------------------------------------------------------------

Upgrade Log for IP 'soc_stop_watch_myip_stop_watch_0_0'

1. Summary
----------

SUCCESS in the upgrade of soc_stop_watch_myip_stop_watch_0_0 (user.org:user:myip_stop_watch:1.0) from (Rev. 4) to (Rev. 5)






Copyright 1986-2022 Xilinx, Inc. All Rights Reserved. Copyright 2022-2024 Advanced Micro Devices, Inc. All Rights Reserved.
---------------------------------------------------------------------------------------------------------------------------------------------
| Tool Version : Vivado v.2024.2 (lin64) Build 5239630 Fri Nov 08 22:34:34 MST 2024
| Date         : Wed Sep 10 11:30:46 2025
| Host         : min running 64-bit Ubuntu 24.04.2 LTS
| Command      : upgrade_ip
| Device       : xc7a35tcpg236-1
---------------------------------------------------------------------------------------------------------------------------------------------

Upgrade Log for IP 'soc_stop_watch_myip_stop_watch_0_0'

1. Summary
----------

CAUTION (success, with warnings) in the upgrade of soc_stop_watch_myip_stop_watch_0_0 (user.org:user:myip_stop_watch:1.0) from (Rev. 3) to (Rev. 4)

After upgrade, an IP may have parameter and port differences compared to the original customization. Please review the parameters within the IP customization GUI to ensure proper functionality. Also, please review the updated IP instantiation template to ensure proper connectivity, and update your design if required.

2. Connection Warnings
----------------------

Detected external port differences while upgrading 'soc_stop_watch_myip_stop_watch_0_0'. These changes may impact your design.


-Upgraded port order differs after port 's00_axi_aclk'







Copyright 1986-2022 Xilinx, Inc. All Rights Reserved. Copyright 2022-2024 Advanced Micro Devices, Inc. All Rights Reserved.
---------------------------------------------------------------------------------------------------------------------------------------------
| Tool Version : Vivado v.2024.2 (lin64) Build 5239630 Fri Nov 08 22:34:34 MST 2024
| Date         : Tue Sep  9 16:24:50 2025
| Host         : min running 64-bit Ubuntu 24.04.2 LTS
| Command      : upgrade_ip
| Device       : xc7a35tcpg236-1
---------------------------------------------------------------------------------------------------------------------------------------------

Upgrade Log for IP 'soc_stop_watch_myip_stop_watch_0_0'

1. Summary
----------

SUCCESS in the upgrade of soc_stop_watch_myip_stop_watch_0_0 (user.org:user:myip_stop_watch:1.0) from (Rev. 2) to (Rev. 3)






Copyright 1986-2022 Xilinx, Inc. All Rights Reserved. Copyright 2022-2024 Advanced Micro Devices, Inc. All Rights Reserved.
---------------------------------------------------------------------------------------------------------------------------------------------
| Tool Version : Vivado v.2024.2 (lin64) Build 5239630 Fri Nov 08 22:34:34 MST 2024
| Date         : Fri Sep  5 09:28:33 2025
| Host         : min running 64-bit Ubuntu 24.04.2 LTS
| Command      : upgrade_ip
| Device       : xc7a35tcpg236-1
---------------------------------------------------------------------------------------------------------------------------------------------

Upgrade Log for IP 'soc_dht11_myip_dht11_0_0'

1. Summary
----------

SUCCESS in the upgrade of soc_dht11_myip_dht11_0_0 (user.org:user:myip_dht11:1.0) from (Rev. 2) to (Rev. 3)






Copyright 1986-2022 Xilinx, Inc. All Rights Reserved. Copyright 2022-2024 Advanced Micro Devices, Inc. All Rights Reserved.
---------------------------------------------------------------------------------------------------------------------------------------------
| Tool Version : Vivado v.2024.2 (lin64) Build 5239630 Fri Nov 08 22:34:34 MST 2024
| Date         : Thu Sep  4 09:58:08 2025
| Host         : min running 64-bit Ubuntu 24.04.2 LTS
| Command      : upgrade_ip
| Device       : xc7a35tcpg236-1
---------------------------------------------------------------------------------------------------------------------------------------------

Upgrade Log for IP 'soc_btn_fnd_myip_fnd_0_3'

1. Summary
----------

SUCCESS in the upgrade of soc_btn_fnd_myip_fnd_0_3 (user.org:user:myip_fnd:1.0) from (Rev. 3) to (Rev. 4)






Copyright 1986-2022 Xilinx, Inc. All Rights Reserved. Copyright 2022-2024 Advanced Micro Devices, Inc. All Rights Reserved.
---------------------------------------------------------------------------------------------------------------------------------------------
| Tool Version : Vivado v.2024.2 (lin64) Build 5239630 Fri Nov 08 22:34:34 MST 2024
| Date         : Thu Sep  4 09:52:09 2025
| Host         : min running 64-bit Ubuntu 24.04.2 LTS
| Command      : upgrade_ip
| Device       : xc7a35tcpg236-1
---------------------------------------------------------------------------------------------------------------------------------------------

Upgrade Log for IP 'soc_btn_fnd_myip_fnd_0_2'

1. Summary
----------

SUCCESS in the upgrade of soc_btn_fnd_myip_fnd_0_2 (user.org:user:myip_fnd:1.0) from (Rev. 2) to (Rev. 3)

