
*** Running vivado
    with args -log FA.vdi -applog -m64 -product Vivado -messageDb vivado.pb -mode batch -source FA.tcl -notrace


****** Vivado v2024.2 (64-bit)
  **** SW Build 5239630 on Fri Nov 08 22:34:34 MST 2024
  **** IP Build 5239520 on Sun Nov 10 16:12:51 MST 2024
  **** SharedData Build 5239561 on Fri Nov 08 14:39:27 MST 2024
  **** Start of session at: Tue Aug  5 12:34:22 2025
    ** Copyright 1986-2022 Xilinx, Inc. All Rights Reserved.
    ** Copyright 2022-2024 Advanced Micro Devices, Inc. All Rights Reserved.

source FA.tcl -notrace
create_project: Time (s): cpu = 00:00:15 ; elapsed = 00:00:15 . Memory (MB): peak = 1486.062 ; gain = 46.840 ; free physical = 1296 ; free virtual = 11659
Command: link_design -top FA -part xc7a35tcpg236-1
Design is defaulting to srcset: sources_1
Design is defaulting to constrset: constrs_1
INFO: [Device 21-403] Loading part xc7a35tcpg236-1
Netlist sorting complete. Time (s): cpu = 00:00:00 ; elapsed = 00:00:00 . Memory (MB): peak = 1663.289 ; gain = 0.000 ; free physical = 1153 ; free virtual = 11516
INFO: [Project 1-479] Netlist was created with Vivado 2024.2
INFO: [Project 1-570] Preparing netlist for logic optimization
Read ShapeDB Complete: Time (s): cpu = 00:00:00 ; elapsed = 00:00:00 . Memory (MB): peak = 1731.070 ; gain = 0.000 ; free physical = 1066 ; free virtual = 11429
Netlist sorting complete. Time (s): cpu = 00:00:00 ; elapsed = 00:00:00 . Memory (MB): peak = 1731.070 ; gain = 0.000 ; free physical = 1066 ; free virtual = 11429
INFO: [Project 1-111] Unisim Transformation Summary:
No Unisim elements were transformed.

4 Infos, 0 Warnings, 0 Critical Warnings and 0 Errors encountered.
link_design completed successfully
link_design: Time (s): cpu = 00:00:06 ; elapsed = 00:00:06 . Memory (MB): peak = 1758.883 ; gain = 272.820 ; free physical = 1058 ; free virtual = 11421
Command: opt_design
Attempting to get a license for feature 'Implementation' and/or device 'xc7a35t'
INFO: [Common 17-349] Got license for feature 'Implementation' and/or device 'xc7a35t'
Running DRC as a precondition to command opt_design

Starting DRC Task
INFO: [DRC 23-27] Running DRC with 8 threads
INFO: [Project 1-461] DRC finished with 0 Errors
INFO: [Project 1-462] Please refer to the DRC report (report_drc) for more information.

Time (s): cpu = 00:00:00.75 ; elapsed = 00:00:00.67 . Memory (MB): peak = 1843.727 ; gain = 84.844 ; free physical = 1048 ; free virtual = 11412

Starting Cache Timing Information Task
INFO: [Timing 38-35] Done setting XDC timing constraints.
Ending Cache Timing Information Task | Checksum: 18c0e16f4

Time (s): cpu = 00:00:10 ; elapsed = 00:00:10 . Memory (MB): peak = 2304.492 ; gain = 460.766 ; free physical = 595 ; free virtual = 10981

Starting Logic Optimization Task

Phase 1 Initialization

Phase 1.1 Core Generation And Design Setup
Phase 1.1 Core Generation And Design Setup | Checksum: 18c0e16f4

Time (s): cpu = 00:00:00 ; elapsed = 00:00:00 . Memory (MB): peak = 2642.352 ; gain = 0.000 ; free physical = 267 ; free virtual = 10653

Phase 1.2 Setup Constraints And Sort Netlist
Phase 1.2 Setup Constraints And Sort Netlist | Checksum: 18c0e16f4

Time (s): cpu = 00:00:00 ; elapsed = 00:00:00 . Memory (MB): peak = 2642.352 ; gain = 0.000 ; free physical = 267 ; free virtual = 10653
Phase 1 Initialization | Checksum: 18c0e16f4

Time (s): cpu = 00:00:00 ; elapsed = 00:00:00 . Memory (MB): peak = 2642.352 ; gain = 0.000 ; free physical = 267 ; free virtual = 10653

Phase 2 Timer Update And Timing Data Collection

Phase 2.1 Timer Update
Phase 2.1 Timer Update | Checksum: 18c0e16f4

Time (s): cpu = 00:00:00 ; elapsed = 00:00:00.01 . Memory (MB): peak = 2642.352 ; gain = 0.000 ; free physical = 267 ; free virtual = 10653

Phase 2.2 Timing Data Collection
Phase 2.2 Timing Data Collection | Checksum: 18c0e16f4

Time (s): cpu = 00:00:00 ; elapsed = 00:00:00.01 . Memory (MB): peak = 2642.352 ; gain = 0.000 ; free physical = 267 ; free virtual = 10653
Phase 2 Timer Update And Timing Data Collection | Checksum: 18c0e16f4

Time (s): cpu = 00:00:00 ; elapsed = 00:00:00.01 . Memory (MB): peak = 2642.352 ; gain = 0.000 ; free physical = 267 ; free virtual = 10653

Phase 3 Retarget
INFO: [Opt 31-1851] Number of loadless carry chains removed were: 0
INFO: [Opt 31-1834] Total Chains To Be Transformed Were: 0 AND Number of Transformed insts Created are: 0
INFO: [Opt 31-138] Pushed 0 inverter(s) to 0 load pin(s).
INFO: [Opt 31-49] Retargeted 0 cell(s).
Phase 3 Retarget | Checksum: 18c0e16f4

Time (s): cpu = 00:00:00.04 ; elapsed = 00:00:00.06 . Memory (MB): peak = 2642.352 ; gain = 0.000 ; free physical = 263 ; free virtual = 10650
Retarget | Checksum: 18c0e16f4
INFO: [Opt 31-389] Phase Retarget created 0 cells and removed 0 cells

Phase 4 Constant propagation
INFO: [Opt 31-138] Pushed 0 inverter(s) to 0 load pin(s).
Phase 4 Constant propagation | Checksum: 18c0e16f4

Time (s): cpu = 00:00:00.04 ; elapsed = 00:00:00.06 . Memory (MB): peak = 2642.352 ; gain = 0.000 ; free physical = 263 ; free virtual = 10650
Constant propagation | Checksum: 18c0e16f4
INFO: [Opt 31-389] Phase Constant propagation created 0 cells and removed 0 cells

Phase 5 Sweep
INFO: [Constraints 18-11670] Building netlist checker database with flags, 0x8
Done building netlist checker database: Time (s): cpu = 00:00:00 ; elapsed = 00:00:00 . Memory (MB): peak = 2642.352 ; gain = 0.000 ; free physical = 263 ; free virtual = 10650
Phase 5 Sweep | Checksum: 18c0e16f4

Time (s): cpu = 00:00:00.04 ; elapsed = 00:00:00.06 . Memory (MB): peak = 2642.352 ; gain = 0.000 ; free physical = 263 ; free virtual = 10650
Sweep | Checksum: 18c0e16f4
INFO: [Opt 31-389] Phase Sweep created 0 cells and removed 0 cells

Phase 6 BUFG optimization
Phase 6 BUFG optimization | Checksum: 18c0e16f4

Time (s): cpu = 00:00:00.05 ; elapsed = 00:00:00.07 . Memory (MB): peak = 2674.367 ; gain = 32.016 ; free physical = 263 ; free virtual = 10650
BUFG optimization | Checksum: 18c0e16f4
INFO: [Opt 31-662] Phase BUFG optimization created 0 cells of which 0 are BUFGs and removed 0 cells.

Phase 7 Shift Register Optimization
INFO: [Opt 31-1064] SRL Remap converted 0 SRLs to 0 registers and converted 0 registers of register chains to 0 SRLs
Phase 7 Shift Register Optimization | Checksum: 18c0e16f4

Time (s): cpu = 00:00:00.05 ; elapsed = 00:00:00.07 . Memory (MB): peak = 2674.367 ; gain = 32.016 ; free physical = 263 ; free virtual = 10650
Shift Register Optimization | Checksum: 18c0e16f4
INFO: [Opt 31-389] Phase Shift Register Optimization created 0 cells and removed 0 cells

Phase 8 Post Processing Netlist
Phase 8 Post Processing Netlist | Checksum: 18c0e16f4

Time (s): cpu = 00:00:00.05 ; elapsed = 00:00:00.07 . Memory (MB): peak = 2674.367 ; gain = 32.016 ; free physical = 263 ; free virtual = 10650
Post Processing Netlist | Checksum: 18c0e16f4
INFO: [Opt 31-389] Phase Post Processing Netlist created 0 cells and removed 0 cells

Phase 9 Finalization

Phase 9.1 Finalizing Design Cores and Updating Shapes
Phase 9.1 Finalizing Design Cores and Updating Shapes | Checksum: 18c0e16f4

Time (s): cpu = 00:00:00.05 ; elapsed = 00:00:00.08 . Memory (MB): peak = 2674.367 ; gain = 32.016 ; free physical = 263 ; free virtual = 10650

Phase 9.2 Verifying Netlist Connectivity

Starting Connectivity Check Task

Time (s): cpu = 00:00:00 ; elapsed = 00:00:00 . Memory (MB): peak = 2674.367 ; gain = 0.000 ; free physical = 263 ; free virtual = 10650
Phase 9.2 Verifying Netlist Connectivity | Checksum: 18c0e16f4

Time (s): cpu = 00:00:00.05 ; elapsed = 00:00:00.08 . Memory (MB): peak = 2674.367 ; gain = 32.016 ; free physical = 263 ; free virtual = 10650
Phase 9 Finalization | Checksum: 18c0e16f4

Time (s): cpu = 00:00:00.05 ; elapsed = 00:00:00.08 . Memory (MB): peak = 2674.367 ; gain = 32.016 ; free physical = 263 ; free virtual = 10650
Opt_design Change Summary
=========================


-------------------------------------------------------------------------------------------------------------------------
|  Phase                        |  #Cells created  |  #Cells Removed  |  #Constrained objects preventing optimizations  |
-------------------------------------------------------------------------------------------------------------------------
|  Retarget                     |               0  |               0  |                                              0  |
|  Constant propagation         |               0  |               0  |                                              0  |
|  Sweep                        |               0  |               0  |                                              0  |
|  BUFG optimization            |               0  |               0  |                                              0  |
|  Shift Register Optimization  |               0  |               0  |                                              0  |
|  Post Processing Netlist      |               0  |               0  |                                              0  |
-------------------------------------------------------------------------------------------------------------------------


Ending Logic Optimization Task | Checksum: 18c0e16f4

Time (s): cpu = 00:00:00.05 ; elapsed = 00:00:00.08 . Memory (MB): peak = 2674.367 ; gain = 32.016 ; free physical = 263 ; free virtual = 10650

Starting Power Optimization Task
INFO: [Pwropt 34-132] Skipping clock gating for clocks with a period < 2.00 ns.
Ending Power Optimization Task | Checksum: 18c0e16f4

Time (s): cpu = 00:00:00.01 ; elapsed = 00:00:00.01 . Memory (MB): peak = 2674.367 ; gain = 0.000 ; free physical = 263 ; free virtual = 10650

Starting Final Cleanup Task
Ending Final Cleanup Task | Checksum: 18c0e16f4

Time (s): cpu = 00:00:00 ; elapsed = 00:00:00 . Memory (MB): peak = 2674.367 ; gain = 0.000 ; free physical = 263 ; free virtual = 10650

Starting Netlist Obfuscation Task
Netlist sorting complete. Time (s): cpu = 00:00:00 ; elapsed = 00:00:00 . Memory (MB): peak = 2674.367 ; gain = 0.000 ; free physical = 263 ; free virtual = 10650
Ending Netlist Obfuscation Task | Checksum: 18c0e16f4

Time (s): cpu = 00:00:00 ; elapsed = 00:00:00 . Memory (MB): peak = 2674.367 ; gain = 0.000 ; free physical = 263 ; free virtual = 10650
INFO: [Common 17-83] Releasing license: Implementation
24 Infos, 0 Warnings, 0 Critical Warnings and 0 Errors encountered.
opt_design completed successfully
opt_design: Time (s): cpu = 00:00:14 ; elapsed = 00:00:15 . Memory (MB): peak = 2674.367 ; gain = 915.484 ; free physical = 263 ; free virtual = 10650
INFO: [Vivado 12-24828] Executing command : report_drc -file FA_drc_opted.rpt -pb FA_drc_opted.pb -rpx FA_drc_opted.rpx
Command: report_drc -file FA_drc_opted.rpt -pb FA_drc_opted.pb -rpx FA_drc_opted.rpx
INFO: [IP_Flow 19-234] Refreshing IP repositories
INFO: [IP_Flow 19-1704] No user IP repositories specified
INFO: [IP_Flow 19-2313] Loaded Vivado IP repository '/home/psh/tools/Vivado/2024.2/data/ip'.
INFO: [DRC 23-27] Running DRC with 8 threads
INFO: [Vivado_Tcl 2-168] The results of DRC are in file /home/psh/work/project_6/project_6.runs/impl_1/FA_drc_opted.rpt.
report_drc completed successfully
Write ShapeDB Complete: Time (s): cpu = 00:00:00 ; elapsed = 00:00:00 . Memory (MB): peak = 2674.367 ; gain = 0.000 ; free physical = 248 ; free virtual = 10636
INFO: [Common 17-1381] The checkpoint '/home/psh/work/project_6/project_6.runs/impl_1/FA_opt.dcp' has been generated.
Command: place_design
Attempting to get a license for feature 'Implementation' and/or device 'xc7a35t'
INFO: [Common 17-349] Got license for feature 'Implementation' and/or device 'xc7a35t'
INFO: [Common 17-83] Releasing license: Implementation
INFO: [DRC 23-27] Running DRC with 8 threads
INFO: [Vivado_Tcl 4-198] DRC finished with 0 Errors
INFO: [Vivado_Tcl 4-199] Please refer to the DRC report (report_drc) for more information.
Running DRC as a precondition to command place_design
INFO: [DRC 23-27] Running DRC with 8 threads
INFO: [Vivado_Tcl 4-198] DRC finished with 0 Errors
INFO: [Vivado_Tcl 4-199] Please refer to the DRC report (report_drc) for more information.
INFO: [Place 30-611] Multithreading enabled for place_design using a maximum of 8 CPUs

Starting Placer Task

Phase 1 Placer Initialization

Phase 1.1 Placer Initialization Netlist Sorting
Netlist sorting complete. Time (s): cpu = 00:00:00 ; elapsed = 00:00:00 . Memory (MB): peak = 2698.379 ; gain = 0.000 ; free physical = 237 ; free virtual = 10626
Phase 1.1 Placer Initialization Netlist Sorting | Checksum: b350d5da

Time (s): cpu = 00:00:00.01 ; elapsed = 00:00:00.01 . Memory (MB): peak = 2698.379 ; gain = 0.000 ; free physical = 237 ; free virtual = 10626
Netlist sorting complete. Time (s): cpu = 00:00:00 ; elapsed = 00:00:00 . Memory (MB): peak = 2698.379 ; gain = 0.000 ; free physical = 237 ; free virtual = 10626

Phase 1.2 IO Placement/ Clock Placement/ Build Placer Device
INFO: [Timing 38-35] Done setting XDC timing constraints.
Phase 1.2 IO Placement/ Clock Placement/ Build Placer Device | Checksum: c5571a6b

Time (s): cpu = 00:00:00.5 ; elapsed = 00:00:00.15 . Memory (MB): peak = 2730.395 ; gain = 32.016 ; free physical = 225 ; free virtual = 10618

Phase 1.3 Build Placer Netlist Model
Phase 1.3 Build Placer Netlist Model | Checksum: 19b2fcd29

Time (s): cpu = 00:00:00.82 ; elapsed = 00:00:00.21 . Memory (MB): peak = 2733.363 ; gain = 34.984 ; free physical = 225 ; free virtual = 10618

Phase 1.4 Constrain Clocks/Macros
Phase 1.4 Constrain Clocks/Macros | Checksum: 19b2fcd29

Time (s): cpu = 00:00:00.83 ; elapsed = 00:00:00.21 . Memory (MB): peak = 2733.363 ; gain = 34.984 ; free physical = 225 ; free virtual = 10618
Phase 1 Placer Initialization | Checksum: 19b2fcd29

Time (s): cpu = 00:00:00.84 ; elapsed = 00:00:00.22 . Memory (MB): peak = 2733.363 ; gain = 34.984 ; free physical = 225 ; free virtual = 10618

Phase 2 Global Placement

Phase 2.1 Floorplanning
Phase 2.1 Floorplanning | Checksum: 19b2fcd29

Time (s): cpu = 00:00:00.84 ; elapsed = 00:00:00.22 . Memory (MB): peak = 2733.363 ; gain = 34.984 ; free physical = 225 ; free virtual = 10618

Phase 2.2 Update Timing before SLR Path Opt
Phase 2.2 Update Timing before SLR Path Opt | Checksum: 19b2fcd29

Time (s): cpu = 00:00:00.85 ; elapsed = 00:00:00.22 . Memory (MB): peak = 2733.363 ; gain = 34.984 ; free physical = 225 ; free virtual = 10618

Phase 2.3 Post-Processing in Floorplanning
Phase 2.3 Post-Processing in Floorplanning | Checksum: 19b2fcd29

Time (s): cpu = 00:00:00.85 ; elapsed = 00:00:00.22 . Memory (MB): peak = 2733.363 ; gain = 34.984 ; free physical = 225 ; free virtual = 10618

Phase 2.4 Global Place Phase1
Phase 2.4 Global Place Phase1 | Checksum: 13c9092db

Time (s): cpu = 00:00:04 ; elapsed = 00:00:00.92 . Memory (MB): peak = 2765.379 ; gain = 67.000 ; free physical = 207 ; free virtual = 10601

Phase 2.5 Global Place Phase2
WARNING: [Place 46-29] Timing had been disabled during Placer and, therefore, physical synthesis in Placer will be skipped.
Phase 2.5 Global Place Phase2 | Checksum: 1b95817b8

Time (s): cpu = 00:00:07 ; elapsed = 00:00:01 . Memory (MB): peak = 2765.379 ; gain = 67.000 ; free physical = 202 ; free virtual = 10597
Phase 2 Global Placement | Checksum: 1b95817b8

Time (s): cpu = 00:00:07 ; elapsed = 00:00:01 . Memory (MB): peak = 2765.379 ; gain = 67.000 ; free physical = 202 ; free virtual = 10597

Phase 3 Detail Placement

Phase 3.1 Commit Multi Column Macros
Phase 3.1 Commit Multi Column Macros | Checksum: 1b95817b8

Time (s): cpu = 00:00:07 ; elapsed = 00:00:01 . Memory (MB): peak = 2765.379 ; gain = 67.000 ; free physical = 202 ; free virtual = 10597

Phase 3.2 Commit Most Macros & LUTRAMs
Phase 3.2 Commit Most Macros & LUTRAMs | Checksum: dbdb8381

Time (s): cpu = 00:00:08 ; elapsed = 00:00:01 . Memory (MB): peak = 2765.379 ; gain = 67.000 ; free physical = 202 ; free virtual = 10597

Phase 3.3 Area Swap Optimization
Phase 3.3 Area Swap Optimization | Checksum: 151920780

Time (s): cpu = 00:00:08 ; elapsed = 00:00:01 . Memory (MB): peak = 2765.379 ; gain = 67.000 ; free physical = 202 ; free virtual = 10597

Phase 3.4 Pipeline Register Optimization
Phase 3.4 Pipeline Register Optimization | Checksum: 151920780

Time (s): cpu = 00:00:08 ; elapsed = 00:00:01 . Memory (MB): peak = 2765.379 ; gain = 67.000 ; free physical = 202 ; free virtual = 10597

Phase 3.5 Small Shape Detail Placement
Phase 3.5 Small Shape Detail Placement | Checksum: 1d9739e16

Time (s): cpu = 00:00:09 ; elapsed = 00:00:02 . Memory (MB): peak = 2765.379 ; gain = 67.000 ; free physical = 188 ; free virtual = 10583

Phase 3.6 Re-assign LUT pins
Phase 3.6 Re-assign LUT pins | Checksum: 1d9739e16

Time (s): cpu = 00:00:09 ; elapsed = 00:00:02 . Memory (MB): peak = 2765.379 ; gain = 67.000 ; free physical = 188 ; free virtual = 10583

Phase 3.7 Pipeline Register Optimization
Phase 3.7 Pipeline Register Optimization | Checksum: 1d9739e16

Time (s): cpu = 00:00:09 ; elapsed = 00:00:02 . Memory (MB): peak = 2765.379 ; gain = 67.000 ; free physical = 188 ; free virtual = 10583
Phase 3 Detail Placement | Checksum: 1d9739e16

Time (s): cpu = 00:00:09 ; elapsed = 00:00:02 . Memory (MB): peak = 2765.379 ; gain = 67.000 ; free physical = 188 ; free virtual = 10583

Phase 4 Post Placement Optimization and Clean-Up

Phase 4.1 Post Commit Optimization
Phase 4.1 Post Commit Optimization | Checksum: 1d9739e16

Time (s): cpu = 00:00:09 ; elapsed = 00:00:02 . Memory (MB): peak = 2765.379 ; gain = 67.000 ; free physical = 188 ; free virtual = 10583

Phase 4.2 Post Placement Cleanup
Phase 4.2 Post Placement Cleanup | Checksum: 1d9739e16

Time (s): cpu = 00:00:10 ; elapsed = 00:00:02 . Memory (MB): peak = 2765.379 ; gain = 67.000 ; free physical = 188 ; free virtual = 10583

Phase 4.3 Placer Reporting

Phase 4.3.1 Print Estimated Congestion
INFO: [Place 30-612] Post-Placement Estimated Congestion 
 ____________________________________________________
|           | Global Congestion | Short Congestion  |
| Direction | Region Size       | Region Size       |
|___________|___________________|___________________|
|      North|                1x1|                1x1|
|___________|___________________|___________________|
|      South|                1x1|                1x1|
|___________|___________________|___________________|
|       East|                1x1|                1x1|
|___________|___________________|___________________|
|       West|                1x1|                1x1|
|___________|___________________|___________________|

Phase 4.3.1 Print Estimated Congestion | Checksum: 1d9739e16

Time (s): cpu = 00:00:10 ; elapsed = 00:00:02 . Memory (MB): peak = 2765.379 ; gain = 67.000 ; free physical = 188 ; free virtual = 10583
Phase 4.3 Placer Reporting | Checksum: 1d9739e16

Time (s): cpu = 00:00:10 ; elapsed = 00:00:02 . Memory (MB): peak = 2765.379 ; gain = 67.000 ; free physical = 188 ; free virtual = 10583

Phase 4.4 Final Placement Cleanup
Netlist sorting complete. Time (s): cpu = 00:00:00 ; elapsed = 00:00:00 . Memory (MB): peak = 2765.379 ; gain = 0.000 ; free physical = 188 ; free virtual = 10583

Time (s): cpu = 00:00:10 ; elapsed = 00:00:02 . Memory (MB): peak = 2765.379 ; gain = 67.000 ; free physical = 188 ; free virtual = 10583
Phase 4 Post Placement Optimization and Clean-Up | Checksum: 1d9739e16

Time (s): cpu = 00:00:10 ; elapsed = 00:00:02 . Memory (MB): peak = 2765.379 ; gain = 67.000 ; free physical = 188 ; free virtual = 10583
Ending Placer Task | Checksum: 188b2c61f

Time (s): cpu = 00:00:10 ; elapsed = 00:00:02 . Memory (MB): peak = 2765.379 ; gain = 67.000 ; free physical = 188 ; free virtual = 10583
42 Infos, 1 Warnings, 0 Critical Warnings and 0 Errors encountered.
place_design completed successfully
INFO: [Vivado 12-24838] Running report commands "report_control_sets, report_io, report_utilization" in parallel.
Running report generation with 3 threads.
INFO: [Vivado 12-24828] Executing command : report_utilization -file FA_utilization_placed.rpt -pb FA_utilization_placed.pb
INFO: [Vivado 12-24828] Executing command : report_control_sets -verbose -file FA_control_sets_placed.rpt
report_control_sets: Time (s): cpu = 00:00:00.1 ; elapsed = 00:00:00.17 . Memory (MB): peak = 2765.379 ; gain = 0.000 ; free physical = 237 ; free virtual = 10628
INFO: [Vivado 12-24828] Executing command : report_io -file FA_io_placed.rpt
report_io: Time (s): cpu = 00:00:00.18 ; elapsed = 00:00:00.23 . Memory (MB): peak = 2765.379 ; gain = 0.000 ; free physical = 231 ; free virtual = 10622
Write ShapeDB Complete: Time (s): cpu = 00:00:00 ; elapsed = 00:00:00 . Memory (MB): peak = 2765.379 ; gain = 0.000 ; free physical = 231 ; free virtual = 10622
Wrote PlaceDB: Time (s): cpu = 00:00:00 ; elapsed = 00:00:00 . Memory (MB): peak = 2765.379 ; gain = 0.000 ; free physical = 231 ; free virtual = 10622
Wrote PulsedLatchDB: Time (s): cpu = 00:00:00 ; elapsed = 00:00:00 . Memory (MB): peak = 2765.379 ; gain = 0.000 ; free physical = 231 ; free virtual = 10622
Writing XDEF routing.
Writing XDEF routing logical nets.
Writing XDEF routing special nets.
Wrote RouteStorage: Time (s): cpu = 00:00:00.13 ; elapsed = 00:00:00.14 . Memory (MB): peak = 2765.379 ; gain = 0.000 ; free physical = 228 ; free virtual = 10620
Wrote Netlist Cache: Time (s): cpu = 00:00:00 ; elapsed = 00:00:00 . Memory (MB): peak = 2765.379 ; gain = 0.000 ; free physical = 228 ; free virtual = 10620
Wrote Device Cache: Time (s): cpu = 00:00:00.01 ; elapsed = 00:00:00.01 . Memory (MB): peak = 2765.379 ; gain = 0.000 ; free physical = 228 ; free virtual = 10620
Write Physdb Complete: Time (s): cpu = 00:00:00.15 ; elapsed = 00:00:00.15 . Memory (MB): peak = 2765.379 ; gain = 0.000 ; free physical = 228 ; free virtual = 10620
INFO: [Common 17-1381] The checkpoint '/home/psh/work/project_6/project_6.runs/impl_1/FA_placed.dcp' has been generated.
Command: phys_opt_design
Attempting to get a license for feature 'Implementation' and/or device 'xc7a35t'
INFO: [Common 17-349] Got license for feature 'Implementation' and/or device 'xc7a35t'

Starting Initial Update Timing Task

Time (s): cpu = 00:00:00.01 ; elapsed = 00:00:00.01 . Memory (MB): peak = 2765.379 ; gain = 0.000 ; free physical = 240 ; free virtual = 10629
INFO: [Vivado_Tcl 4-235] No timing constraint found. The netlist was not modified.
INFO: [Common 17-83] Releasing license: Implementation
50 Infos, 1 Warnings, 0 Critical Warnings and 0 Errors encountered.
phys_opt_design completed successfully
Write ShapeDB Complete: Time (s): cpu = 00:00:00.01 ; elapsed = 00:00:00 . Memory (MB): peak = 2765.379 ; gain = 0.000 ; free physical = 237 ; free virtual = 10626
Wrote PlaceDB: Time (s): cpu = 00:00:00.01 ; elapsed = 00:00:00 . Memory (MB): peak = 2765.379 ; gain = 0.000 ; free physical = 237 ; free virtual = 10626
Wrote PulsedLatchDB: Time (s): cpu = 00:00:00 ; elapsed = 00:00:00 . Memory (MB): peak = 2765.379 ; gain = 0.000 ; free physical = 237 ; free virtual = 10626
Writing XDEF routing.
Writing XDEF routing logical nets.
Writing XDEF routing special nets.
Wrote RouteStorage: Time (s): cpu = 00:00:00.02 ; elapsed = 00:00:00.02 . Memory (MB): peak = 2765.379 ; gain = 0.000 ; free physical = 238 ; free virtual = 10623
Wrote Netlist Cache: Time (s): cpu = 00:00:00 ; elapsed = 00:00:00 . Memory (MB): peak = 2765.379 ; gain = 0.000 ; free physical = 240 ; free virtual = 10624
Wrote Device Cache: Time (s): cpu = 00:00:00.01 ; elapsed = 00:00:00.01 . Memory (MB): peak = 2765.379 ; gain = 0.000 ; free physical = 262 ; free virtual = 10623
Write Physdb Complete: Time (s): cpu = 00:00:00.04 ; elapsed = 00:00:00.03 . Memory (MB): peak = 2765.379 ; gain = 0.000 ; free physical = 263 ; free virtual = 10623
INFO: [Common 17-1381] The checkpoint '/home/psh/work/project_6/project_6.runs/impl_1/FA_physopt.dcp' has been generated.
Command: route_design
Attempting to get a license for feature 'Implementation' and/or device 'xc7a35t'
INFO: [Common 17-349] Got license for feature 'Implementation' and/or device 'xc7a35t'


Starting Routing Task
INFO: [Route 35-254] Multithreading enabled for route_design using a maximum of 8 CPUs

Phase 1 Build RT Design
Checksum: PlaceDB: d561f045 ConstDB: 0 ShapeSum: 12cf7983 RouteDB: a0815c57
Post Restoration Checksum: NetGraph: abe80686 | NumContArr: c2abd0e8 | Constraints: c2a8fa9d | Timing: c2a8fa9d
Phase 1 Build RT Design | Checksum: 2f3e5cca8

Time (s): cpu = 00:00:33 ; elapsed = 00:00:29 . Memory (MB): peak = 2842.078 ; gain = 76.699 ; free physical = 344 ; free virtual = 10490

Phase 2 Router Initialization
INFO: [Route 35-64] No timing constraints were detected. The router will operate in resource-optimization mode.

Phase 2.1 Fix Topology Constraints
Phase 2.1 Fix Topology Constraints | Checksum: 2f3e5cca8

Time (s): cpu = 00:00:33 ; elapsed = 00:00:29 . Memory (MB): peak = 2872.078 ; gain = 106.699 ; free physical = 329 ; free virtual = 10475

Phase 2.2 Pre Route Cleanup
Phase 2.2 Pre Route Cleanup | Checksum: 2f3e5cca8

Time (s): cpu = 00:00:33 ; elapsed = 00:00:29 . Memory (MB): peak = 2872.078 ; gain = 106.699 ; free physical = 329 ; free virtual = 10475
 Number of Nodes with overlaps = 0

Router Utilization Summary
  Global Vertical Routing Utilization    = 0 %
  Global Horizontal Routing Utilization  = 0 %
  Routable Net Status*
  *Does not include unroutable nets such as driverless and loadless.
  Run report_route_status for detailed report.
  Number of Failed Nets               = 5
    (Failed Nets is the sum of unrouted and partially routed nets)
  Number of Unrouted Nets             = 5
  Number of Partially Routed Nets     = 0
  Number of Node Overlaps             = 0

Phase 2 Router Initialization | Checksum: 1f42ff8a3

Time (s): cpu = 00:00:34 ; elapsed = 00:00:29 . Memory (MB): peak = 2890.078 ; gain = 124.699 ; free physical = 313 ; free virtual = 10460

Phase 3 Global Routing
Phase 3 Global Routing | Checksum: 1f42ff8a3

Time (s): cpu = 00:00:34 ; elapsed = 00:00:29 . Memory (MB): peak = 2890.078 ; gain = 124.699 ; free physical = 313 ; free virtual = 10460

Phase 4 Initial Routing

Phase 4.1 Initial Net Routing Pass
Phase 4.1 Initial Net Routing Pass | Checksum: 27685c494

Time (s): cpu = 00:00:34 ; elapsed = 00:00:29 . Memory (MB): peak = 2890.078 ; gain = 124.699 ; free physical = 313 ; free virtual = 10460
Phase 4 Initial Routing | Checksum: 27685c494

Time (s): cpu = 00:00:34 ; elapsed = 00:00:29 . Memory (MB): peak = 2890.078 ; gain = 124.699 ; free physical = 313 ; free virtual = 10460

Phase 5 Rip-up And Reroute

Phase 5.1 Global Iteration 0
 Number of Nodes with overlaps = 0
Phase 5.1 Global Iteration 0 | Checksum: 2bcc25a2f

Time (s): cpu = 00:00:34 ; elapsed = 00:00:29 . Memory (MB): peak = 2890.078 ; gain = 124.699 ; free physical = 313 ; free virtual = 10460
Phase 5 Rip-up And Reroute | Checksum: 2bcc25a2f

Time (s): cpu = 00:00:34 ; elapsed = 00:00:29 . Memory (MB): peak = 2890.078 ; gain = 124.699 ; free physical = 313 ; free virtual = 10460

Phase 6 Delay and Skew Optimization
Phase 6 Delay and Skew Optimization | Checksum: 2bcc25a2f

Time (s): cpu = 00:00:34 ; elapsed = 00:00:29 . Memory (MB): peak = 2890.078 ; gain = 124.699 ; free physical = 313 ; free virtual = 10460

Phase 7 Post Hold Fix

Phase 7.1 Hold Fix Iter
Phase 7.1 Hold Fix Iter | Checksum: 2bcc25a2f

Time (s): cpu = 00:00:34 ; elapsed = 00:00:29 . Memory (MB): peak = 2890.078 ; gain = 124.699 ; free physical = 313 ; free virtual = 10460
Phase 7 Post Hold Fix | Checksum: 2bcc25a2f

Time (s): cpu = 00:00:34 ; elapsed = 00:00:29 . Memory (MB): peak = 2890.078 ; gain = 124.699 ; free physical = 313 ; free virtual = 10460

Phase 8 Route finalize

Router Utilization Summary
  Global Vertical Routing Utilization    = 0.000478354 %
  Global Horizontal Routing Utilization  = 0.00143155 %
  Routable Net Status*
  *Does not include unroutable nets such as driverless and loadless.
  Run report_route_status for detailed report.
  Number of Failed Nets               = 0
    (Failed Nets is the sum of unrouted and partially routed nets)
  Number of Unrouted Nets             = 0
  Number of Partially Routed Nets     = 0
  Number of Node Overlaps             = 0


--GLOBAL Congestion:
Utilization threshold used for congestion level computation: 0.85
Congestion Report
North Dir 1x1 Area, Max Cong = 0%, No Congested Regions.
South Dir 1x1 Area, Max Cong = 1.8018%, No Congested Regions.
East Dir 1x1 Area, Max Cong = 2.94118%, No Congested Regions.
West Dir 1x1 Area, Max Cong = 4.41176%, No Congested Regions.

------------------------------
Reporting congestion hotspots
------------------------------
Direction: North
----------------
Congested clusters found at Level 0
Effective congestion level: 0 Aspect Ratio: 1 Sparse Ratio: 0
Direction: South
----------------
Congested clusters found at Level 0
Effective congestion level: 0 Aspect Ratio: 1 Sparse Ratio: 0
Direction: East
----------------
Congested clusters found at Level 0
Effective congestion level: 0 Aspect Ratio: 1 Sparse Ratio: 0
Direction: West
----------------
Congested clusters found at Level 0
Effective congestion level: 0 Aspect Ratio: 1 Sparse Ratio: 0

Phase 8 Route finalize | Checksum: 2bcc25a2f

Time (s): cpu = 00:00:34 ; elapsed = 00:00:29 . Memory (MB): peak = 2890.078 ; gain = 124.699 ; free physical = 313 ; free virtual = 10460

Phase 9 Verifying routed nets

 Verification completed successfully
Phase 9 Verifying routed nets | Checksum: 2bcc25a2f

Time (s): cpu = 00:00:34 ; elapsed = 00:00:29 . Memory (MB): peak = 2890.078 ; gain = 124.699 ; free physical = 313 ; free virtual = 10460

Phase 10 Depositing Routes
Phase 10 Depositing Routes | Checksum: 2bcc25a2f

Time (s): cpu = 00:00:34 ; elapsed = 00:00:29 . Memory (MB): peak = 2890.078 ; gain = 124.699 ; free physical = 313 ; free virtual = 10460

Phase 11 Post Process Routing
Phase 11 Post Process Routing | Checksum: 2bcc25a2f

Time (s): cpu = 00:00:34 ; elapsed = 00:00:29 . Memory (MB): peak = 2890.078 ; gain = 124.699 ; free physical = 313 ; free virtual = 10460
Total Elapsed time in route_design: 28.85 secs

Phase 12 Post-Route Event Processing
Phase 12 Post-Route Event Processing | Checksum: 10c033fa7

Time (s): cpu = 00:00:34 ; elapsed = 00:00:29 . Memory (MB): peak = 2890.078 ; gain = 124.699 ; free physical = 313 ; free virtual = 10460
INFO: [Route 35-16] Router Completed Successfully
Ending Routing Task | Checksum: 10c033fa7

Time (s): cpu = 00:00:34 ; elapsed = 00:00:29 . Memory (MB): peak = 2890.078 ; gain = 124.699 ; free physical = 313 ; free virtual = 10460

Routing Is Done.
INFO: [Common 17-83] Releasing license: Implementation
56 Infos, 1 Warnings, 0 Critical Warnings and 0 Errors encountered.
route_design completed successfully
route_design: Time (s): cpu = 00:00:34 ; elapsed = 00:00:29 . Memory (MB): peak = 2890.078 ; gain = 124.699 ; free physical = 313 ; free virtual = 10460
INFO: [Vivado 12-24828] Executing command : report_drc -file FA_drc_routed.rpt -pb FA_drc_routed.pb -rpx FA_drc_routed.rpx
Command: report_drc -file FA_drc_routed.rpt -pb FA_drc_routed.pb -rpx FA_drc_routed.rpx
INFO: [IP_Flow 19-1839] IP Catalog is up to date.
INFO: [DRC 23-27] Running DRC with 8 threads
INFO: [Vivado_Tcl 2-168] The results of DRC are in file /home/psh/work/project_6/project_6.runs/impl_1/FA_drc_routed.rpt.
report_drc completed successfully
INFO: [Vivado 12-24828] Executing command : report_methodology -file FA_methodology_drc_routed.rpt -pb FA_methodology_drc_routed.pb -rpx FA_methodology_drc_routed.rpx
Command: report_methodology -file FA_methodology_drc_routed.rpt -pb FA_methodology_drc_routed.pb -rpx FA_methodology_drc_routed.rpx
INFO: [Timing 38-35] Done setting XDC timing constraints.
INFO: [DRC 23-133] Running Methodology with 8 threads
INFO: [Vivado_Tcl 2-1520] The results of Report Methodology are in file /home/psh/work/project_6/project_6.runs/impl_1/FA_methodology_drc_routed.rpt.
report_methodology completed successfully
INFO: [Vivado 12-24828] Executing command : report_timing_summary -max_paths 10 -report_unconstrained -file FA_timing_summary_routed.rpt -pb FA_timing_summary_routed.pb -rpx FA_timing_summary_routed.rpx -warn_on_violation 
INFO: [Timing 38-35] Done setting XDC timing constraints.
INFO: [Timing 38-91] UpdateTimingParams: Speed grade: -1, Delay Type: min_max.
INFO: [Timing 38-191] Multithreading enabled for timing update using a maximum of 8 CPUs
WARNING: [Timing 38-313] There are no user specified timing constraints. Timing constraints are needed for proper timing analysis.
INFO: [Vivado 12-24838] Running report commands "report_bus_skew, report_incremental_reuse, report_route_status" in parallel.
Running report generation with 3 threads.
INFO: [Vivado 12-24828] Executing command : report_route_status -file FA_route_status.rpt -pb FA_route_status.pb
INFO: [Vivado 12-24828] Executing command : report_incremental_reuse -file FA_incremental_reuse_routed.rpt
INFO: [Vivado_Tcl 4-1062] Incremental flow is disabled. No incremental reuse Info to report.
INFO: [Vivado 12-24828] Executing command : report_bus_skew -warn_on_violation -file FA_bus_skew_routed.rpt -pb FA_bus_skew_routed.pb -rpx FA_bus_skew_routed.rpx
INFO: [Timing 38-91] UpdateTimingParams: Speed grade: -1, Delay Type: min_max.
INFO: [Timing 38-191] Multithreading enabled for timing update using a maximum of 8 CPUs
INFO: [Vivado 12-24828] Executing command : report_power -file FA_power_routed.rpt -pb FA_power_summary_routed.pb -rpx FA_power_routed.rpx
Command: report_power -file FA_power_routed.rpt -pb FA_power_summary_routed.pb -rpx FA_power_routed.rpx
WARNING: [Power 33-232] No user defined clocks were found in the design! Power estimation will be inaccurate until this is corrected.
Resolution: Please specify clocks using create_clock/create_generated_clock for sequential elements. For pure combinatorial circuits, please specify a virtual clock, otherwise the vectorless estimation might be inaccurate
Running Vector-less Activity Propagation...

Finished Running Vector-less Activity Propagation
76 Infos, 3 Warnings, 0 Critical Warnings and 0 Errors encountered.
report_power completed successfully
INFO: [Vivado 12-24828] Executing command : report_clock_utilization -file FA_clock_utilization_routed.rpt
Write ShapeDB Complete: Time (s): cpu = 00:00:00 ; elapsed = 00:00:00 . Memory (MB): peak = 2964.883 ; gain = 0.000 ; free physical = 283 ; free virtual = 10442
Wrote PlaceDB: Time (s): cpu = 00:00:00 ; elapsed = 00:00:00 . Memory (MB): peak = 2964.883 ; gain = 0.000 ; free physical = 283 ; free virtual = 10442
Wrote PulsedLatchDB: Time (s): cpu = 00:00:00 ; elapsed = 00:00:00 . Memory (MB): peak = 2964.883 ; gain = 0.000 ; free physical = 283 ; free virtual = 10442
Writing XDEF routing.
Writing XDEF routing logical nets.
Writing XDEF routing special nets.
Wrote RouteStorage: Time (s): cpu = 00:00:00.02 ; elapsed = 00:00:00.01 . Memory (MB): peak = 2964.883 ; gain = 0.000 ; free physical = 283 ; free virtual = 10442
Wrote Netlist Cache: Time (s): cpu = 00:00:00 ; elapsed = 00:00:00 . Memory (MB): peak = 2964.883 ; gain = 0.000 ; free physical = 283 ; free virtual = 10442
Wrote Device Cache: Time (s): cpu = 00:00:00 ; elapsed = 00:00:00.01 . Memory (MB): peak = 2964.883 ; gain = 0.000 ; free physical = 283 ; free virtual = 10442
Write Physdb Complete: Time (s): cpu = 00:00:00.02 ; elapsed = 00:00:00.02 . Memory (MB): peak = 2964.883 ; gain = 0.000 ; free physical = 283 ; free virtual = 10442
INFO: [Common 17-1381] The checkpoint '/home/psh/work/project_6/project_6.runs/impl_1/FA_routed.dcp' has been generated.
INFO: [Common 17-206] Exiting Vivado at Tue Aug  5 12:35:44 2025...
