Time resolution is 1 ps
Time	 a	 b	 |	equal	greator	less
                   0	 0000	 0000	 |	1	0	0
                5000	 0000	 0001	 |	0	0	1
               10000	 0000	 0010	 |	0	0	1
               15000	 0000	 0011	 |	0	0	1
               20000	 0000	 0100	 |	0	0	1
               25000	 0000	 0101	 |	0	0	1
               30000	 0000	 0110	 |	0	0	1
               35000	 0000	 0111	 |	0	0	1
               40000	 0000	 1000	 |	0	0	1
               45000	 0000	 1001	 |	0	0	1
               50000	 0000	 1010	 |	0	0	1
               55000	 0000	 1011	 |	0	0	1
               60000	 0000	 1100	 |	0	0	1
               65000	 0000	 1101	 |	0	0	1
               70000	 0000	 1110	 |	0	0	1
               75000	 0000	 1111	 |	0	0	1
               80000	 0001	 0000	 |	0	1	0
               85000	 0001	 0001	 |	1	0	0
               90000	 0001	 0010	 |	0	0	1
               95000	 0001	 0011	 |	0	0	1
              100000	 0001	 0100	 |	0	0	1
              105000	 0001	 0101	 |	0	0	1
              110000	 0001	 0110	 |	0	0	1
              115000	 0001	 0111	 |	0	0	1
              120000	 0001	 1000	 |	0	0	1
              125000	 0001	 1001	 |	0	0	1
              130000	 0001	 1010	 |	0	0	1
              135000	 0001	 1011	 |	0	0	1
              140000	 0001	 1100	 |	0	0	1
              145000	 0001	 1101	 |	0	0	1
              150000	 0001	 1110	 |	0	0	1
              155000	 0001	 1111	 |	0	0	1
              160000	 0010	 0000	 |	0	1	0
              165000	 0010	 0001	 |	0	1	0
              170000	 0010	 0010	 |	1	0	0
              175000	 0010	 0011	 |	0	0	1
              180000	 0010	 0100	 |	0	0	1
              185000	 0010	 0101	 |	0	0	1
              190000	 0010	 0110	 |	0	0	1
              195000	 0010	 0111	 |	0	0	1
              200000	 0010	 1000	 |	0	0	1
              205000	 0010	 1001	 |	0	0	1
              210000	 0010	 1010	 |	0	0	1
              215000	 0010	 1011	 |	0	0	1
              220000	 0010	 1100	 |	0	0	1
              225000	 0010	 1101	 |	0	0	1
              230000	 0010	 1110	 |	0	0	1
              235000	 0010	 1111	 |	0	0	1
              240000	 0011	 0000	 |	0	1	0
              245000	 0011	 0001	 |	0	1	0
              250000	 0011	 0010	 |	0	1	0
              255000	 0011	 0011	 |	1	0	0
              260000	 0011	 0100	 |	0	0	1
              265000	 0011	 0101	 |	0	0	1
              270000	 0011	 0110	 |	0	0	1
              275000	 0011	 0111	 |	0	0	1
              280000	 0011	 1000	 |	0	0	1
              285000	 0011	 1001	 |	0	0	1
              290000	 0011	 1010	 |	0	0	1
              295000	 0011	 1011	 |	0	0	1
              300000	 0011	 1100	 |	0	0	1
              305000	 0011	 1101	 |	0	0	1
              310000	 0011	 1110	 |	0	0	1
              315000	 0011	 1111	 |	0	0	1
              320000	 0100	 0000	 |	0	1	0
              325000	 0100	 0001	 |	0	1	0
              330000	 0100	 0010	 |	0	1	0
              335000	 0100	 0011	 |	0	1	0
              340000	 0100	 0100	 |	1	0	0
              345000	 0100	 0101	 |	0	0	1
              350000	 0100	 0110	 |	0	0	1
              355000	 0100	 0111	 |	0	0	1
              360000	 0100	 1000	 |	0	0	1
              365000	 0100	 1001	 |	0	0	1
              370000	 0100	 1010	 |	0	0	1
              375000	 0100	 1011	 |	0	0	1
              380000	 0100	 1100	 |	0	0	1
              385000	 0100	 1101	 |	0	0	1
              390000	 0100	 1110	 |	0	0	1
              395000	 0100	 1111	 |	0	0	1
              400000	 0101	 0000	 |	0	1	0
              405000	 0101	 0001	 |	0	1	0
              410000	 0101	 0010	 |	0	1	0
              415000	 0101	 0011	 |	0	1	0
              420000	 0101	 0100	 |	0	1	0
              425000	 0101	 0101	 |	1	0	0
              430000	 0101	 0110	 |	0	0	1
              435000	 0101	 0111	 |	0	0	1
              440000	 0101	 1000	 |	0	0	1
              445000	 0101	 1001	 |	0	0	1
              450000	 0101	 1010	 |	0	0	1
              455000	 0101	 1011	 |	0	0	1
              460000	 0101	 1100	 |	0	0	1
              465000	 0101	 1101	 |	0	0	1
              470000	 0101	 1110	 |	0	0	1
              475000	 0101	 1111	 |	0	0	1
              480000	 0110	 0000	 |	0	1	0
              485000	 0110	 0001	 |	0	1	0
              490000	 0110	 0010	 |	0	1	0
              495000	 0110	 0011	 |	0	1	0
              500000	 0110	 0100	 |	0	1	0
              505000	 0110	 0101	 |	0	1	0
              510000	 0110	 0110	 |	1	0	0
              515000	 0110	 0111	 |	0	0	1
              520000	 0110	 1000	 |	0	0	1
              525000	 0110	 1001	 |	0	0	1
              530000	 0110	 1010	 |	0	0	1
              535000	 0110	 1011	 |	0	0	1
              540000	 0110	 1100	 |	0	0	1
              545000	 0110	 1101	 |	0	0	1
              550000	 0110	 1110	 |	0	0	1
              555000	 0110	 1111	 |	0	0	1
              560000	 0111	 0000	 |	0	1	0
              565000	 0111	 0001	 |	0	1	0
              570000	 0111	 0010	 |	0	1	0
              575000	 0111	 0011	 |	0	1	0
              580000	 0111	 0100	 |	0	1	0
              585000	 0111	 0101	 |	0	1	0
              590000	 0111	 0110	 |	0	1	0
              595000	 0111	 0111	 |	1	0	0
              600000	 0111	 1000	 |	0	0	1
              605000	 0111	 1001	 |	0	0	1
              610000	 0111	 1010	 |	0	0	1
              615000	 0111	 1011	 |	0	0	1
              620000	 0111	 1100	 |	0	0	1
              625000	 0111	 1101	 |	0	0	1
              630000	 0111	 1110	 |	0	0	1
              635000	 0111	 1111	 |	0	0	1
              640000	 1000	 0000	 |	0	1	0
              645000	 1000	 0001	 |	0	1	0
              650000	 1000	 0010	 |	0	1	0
              655000	 1000	 0011	 |	0	1	0
              660000	 1000	 0100	 |	0	1	0
              665000	 1000	 0101	 |	0	1	0
              670000	 1000	 0110	 |	0	1	0
              675000	 1000	 0111	 |	0	1	0
              680000	 1000	 1000	 |	1	0	0
              685000	 1000	 1001	 |	0	0	1
              690000	 1000	 1010	 |	0	0	1
              695000	 1000	 1011	 |	0	0	1
              700000	 1000	 1100	 |	0	0	1
              705000	 1000	 1101	 |	0	0	1
              710000	 1000	 1110	 |	0	0	1
              715000	 1000	 1111	 |	0	0	1
              720000	 1001	 0000	 |	0	1	0
              725000	 1001	 0001	 |	0	1	0
              730000	 1001	 0010	 |	0	1	0
              735000	 1001	 0011	 |	0	1	0
              740000	 1001	 0100	 |	0	1	0
              745000	 1001	 0101	 |	0	1	0
              750000	 1001	 0110	 |	0	1	0
              755000	 1001	 0111	 |	0	1	0
              760000	 1001	 1000	 |	0	1	0
              765000	 1001	 1001	 |	1	0	0
              770000	 1001	 1010	 |	0	0	1
              775000	 1001	 1011	 |	0	0	1
              780000	 1001	 1100	 |	0	0	1
              785000	 1001	 1101	 |	0	0	1
              790000	 1001	 1110	 |	0	0	1
              795000	 1001	 1111	 |	0	0	1
              800000	 1010	 0000	 |	0	1	0
              805000	 1010	 0001	 |	0	1	0
              810000	 1010	 0010	 |	0	1	0
              815000	 1010	 0011	 |	0	1	0
              820000	 1010	 0100	 |	0	1	0
              825000	 1010	 0101	 |	0	1	0
              830000	 1010	 0110	 |	0	1	0
              835000	 1010	 0111	 |	0	1	0
              840000	 1010	 1000	 |	0	1	0
              845000	 1010	 1001	 |	0	1	0
              850000	 1010	 1010	 |	1	0	0
              855000	 1010	 1011	 |	0	0	1
              860000	 1010	 1100	 |	0	0	1
              865000	 1010	 1101	 |	0	0	1
              870000	 1010	 1110	 |	0	0	1
              875000	 1010	 1111	 |	0	0	1
              880000	 1011	 0000	 |	0	1	0
              885000	 1011	 0001	 |	0	1	0
              890000	 1011	 0010	 |	0	1	0
              895000	 1011	 0011	 |	0	1	0
              900000	 1011	 0100	 |	0	1	0
              905000	 1011	 0101	 |	0	1	0
              910000	 1011	 0110	 |	0	1	0
              915000	 1011	 0111	 |	0	1	0
              920000	 1011	 1000	 |	0	1	0
              925000	 1011	 1001	 |	0	1	0
              930000	 1011	 1010	 |	0	1	0
              935000	 1011	 1011	 |	1	0	0
              940000	 1011	 1100	 |	0	0	1
              945000	 1011	 1101	 |	0	0	1
              950000	 1011	 1110	 |	0	0	1
              955000	 1011	 1111	 |	0	0	1
              960000	 1100	 0000	 |	0	1	0
              965000	 1100	 0001	 |	0	1	0
              970000	 1100	 0010	 |	0	1	0
              975000	 1100	 0011	 |	0	1	0
              980000	 1100	 0100	 |	0	1	0
              985000	 1100	 0101	 |	0	1	0
              990000	 1100	 0110	 |	0	1	0
              995000	 1100	 0111	 |	0	1	0
             1000000	 1100	 1000	 |	0	1	0
