
*** Running vivado
    with args -log and_gate.vdi -applog -m64 -product Vivado -messageDb vivado.pb -mode batch -source and_gate.tcl -notrace


****** Vivado v2024.2 (64-bit)
  **** SW Build 5239630 on Fri Nov 08 22:34:34 MST 2024
  **** IP Build 5239520 on Sun Nov 10 16:12:51 MST 2024
  **** SharedData Build 5239561 on Fri Nov 08 14:39:27 MST 2024
  **** Start of session at: Sat Jun  7 06:55:30 2025
    ** Copyright 1986-2022 Xilinx, Inc. All Rights Reserved.
    ** Copyright 2022-2024 Advanced Micro Devices, Inc. All Rights Reserved.

source and_gate.tcl -notrace
create_project: Time (s): cpu = 00:00:06 ; elapsed = 00:00:06 . Memory (MB): peak = 1487.449 ; gain = 6.965 ; free physical = 1293 ; free virtual = 14108
Command: link_design -top and_gate -part xc7a35tcpg236-1
Design is defaulting to srcset: sources_1
Design is defaulting to constrset: constrs_1
INFO: [Device 21-403] Loading part xc7a35tcpg236-1
Netlist sorting complete. Time (s): cpu = 00:00:00 ; elapsed = 00:00:00 . Memory (MB): peak = 1662.676 ; gain = 0.000 ; free physical = 1108 ; free virtual = 13928
INFO: [Project 1-479] Netlist was created with Vivado 2024.2
INFO: [Project 1-570] Preparing netlist for logic optimization
Read ShapeDB Complete: Time (s): cpu = 00:00:00 ; elapsed = 00:00:00 . Memory (MB): peak = 1730.457 ; gain = 0.000 ; free physical = 1027 ; free virtual = 13842
Netlist sorting complete. Time (s): cpu = 00:00:00 ; elapsed = 00:00:00 . Memory (MB): peak = 1731.457 ; gain = 0.000 ; free physical = 1027 ; free virtual = 13842
INFO: [Project 1-111] Unisim Transformation Summary:
No Unisim elements were transformed.

4 Infos, 0 Warnings, 0 Critical Warnings and 0 Errors encountered.
link_design completed successfully
Command: opt_design
Attempting to get a license for feature 'Implementation' and/or device 'xc7a35t'
INFO: [Common 17-349] Got license for feature 'Implementation' and/or device 'xc7a35t'
Running DRC as a precondition to command opt_design

Starting DRC Task
INFO: [DRC 23-27] Running DRC with 8 threads
INFO: [Project 1-461] DRC finished with 0 Errors
INFO: [Project 1-462] Please refer to the DRC report (report_drc) for more information.

Time (s): cpu = 00:00:00.49 ; elapsed = 00:00:00.43 . Memory (MB): peak = 1844.113 ; gain = 84.844 ; free physical = 1003 ; free virtual = 13819

Starting Cache Timing Information Task
INFO: [Timing 38-35] Done setting XDC timing constraints.
Ending Cache Timing Information Task | Checksum: 163d60810

Time (s): cpu = 00:00:06 ; elapsed = 00:00:07 . Memory (MB): peak = 2288.879 ; gain = 444.766 ; free physical = 568 ; free virtual = 13380

Starting Logic Optimization Task

Phase 1 Initialization

Phase 1.1 Core Generation And Design Setup
Phase 1.1 Core Generation And Design Setup | Checksum: 163d60810

Time (s): cpu = 00:00:00 ; elapsed = 00:00:00 . Memory (MB): peak = 2622.832 ; gain = 0.000 ; free physical = 306 ; free virtual = 12839

Phase 1.2 Setup Constraints And Sort Netlist
Phase 1.2 Setup Constraints And Sort Netlist | Checksum: 163d60810

Time (s): cpu = 00:00:00.01 ; elapsed = 00:00:00.01 . Memory (MB): peak = 2622.832 ; gain = 0.000 ; free physical = 317 ; free virtual = 12838
Phase 1 Initialization | Checksum: 163d60810

Time (s): cpu = 00:00:00.01 ; elapsed = 00:00:00.01 . Memory (MB): peak = 2622.832 ; gain = 0.000 ; free physical = 319 ; free virtual = 12838

Phase 2 Timer Update And Timing Data Collection

Phase 2.1 Timer Update
Phase 2.1 Timer Update | Checksum: 163d60810

Time (s): cpu = 00:00:00.01 ; elapsed = 00:00:00.01 . Memory (MB): peak = 2622.832 ; gain = 0.000 ; free physical = 318 ; free virtual = 12836

Phase 2.2 Timing Data Collection
Phase 2.2 Timing Data Collection | Checksum: 163d60810

Time (s): cpu = 00:00:00.01 ; elapsed = 00:00:00.02 . Memory (MB): peak = 2622.832 ; gain = 0.000 ; free physical = 318 ; free virtual = 12836
Phase 2 Timer Update And Timing Data Collection | Checksum: 163d60810

Time (s): cpu = 00:00:00.01 ; elapsed = 00:00:00.02 . Memory (MB): peak = 2622.832 ; gain = 0.000 ; free physical = 318 ; free virtual = 12836

Phase 3 Retarget
INFO: [Opt 31-1851] Number of loadless carry chains removed were: 0
INFO: [Opt 31-1834] Total Chains To Be Transformed Were: 0 AND Number of Transformed insts Created are: 0
INFO: [Opt 31-138] Pushed 0 inverter(s) to 0 load pin(s).
INFO: [Opt 31-49] Retargeted 0 cell(s).
Phase 3 Retarget | Checksum: 163d60810

Time (s): cpu = 00:00:00.04 ; elapsed = 00:00:00.05 . Memory (MB): peak = 2622.832 ; gain = 0.000 ; free physical = 320 ; free virtual = 12838
Retarget | Checksum: 163d60810
INFO: [Opt 31-389] Phase Retarget created 0 cells and removed 0 cells

Phase 4 Constant propagation
INFO: [Opt 31-138] Pushed 0 inverter(s) to 0 load pin(s).
Phase 4 Constant propagation | Checksum: 163d60810

Time (s): cpu = 00:00:00.05 ; elapsed = 00:00:00.05 . Memory (MB): peak = 2622.832 ; gain = 0.000 ; free physical = 320 ; free virtual = 12838
Constant propagation | Checksum: 163d60810
INFO: [Opt 31-389] Phase Constant propagation created 0 cells and removed 0 cells

Phase 5 Sweep
INFO: [Constraints 18-11670] Building netlist checker database with flags, 0x8
Done building netlist checker database: Time (s): cpu = 00:00:00 ; elapsed = 00:00:00 . Memory (MB): peak = 2622.832 ; gain = 0.000 ; free physical = 320 ; free virtual = 12838
Phase 5 Sweep | Checksum: 163d60810

Time (s): cpu = 00:00:00.05 ; elapsed = 00:00:00.06 . Memory (MB): peak = 2622.832 ; gain = 0.000 ; free physical = 320 ; free virtual = 12838
Sweep | Checksum: 163d60810
INFO: [Opt 31-389] Phase Sweep created 0 cells and removed 0 cells

Phase 6 BUFG optimization
Phase 6 BUFG optimization | Checksum: 163d60810

Time (s): cpu = 00:00:00.05 ; elapsed = 00:00:00.07 . Memory (MB): peak = 2654.848 ; gain = 32.016 ; free physical = 320 ; free virtual = 12838
BUFG optimization | Checksum: 163d60810
INFO: [Opt 31-662] Phase BUFG optimization created 0 cells of which 0 are BUFGs and removed 0 cells.

Phase 7 Shift Register Optimization
INFO: [Opt 31-1064] SRL Remap converted 0 SRLs to 0 registers and converted 0 registers of register chains to 0 SRLs
Phase 7 Shift Register Optimization | Checksum: 163d60810

Time (s): cpu = 00:00:00.06 ; elapsed = 00:00:00.07 . Memory (MB): peak = 2654.848 ; gain = 32.016 ; free physical = 320 ; free virtual = 12838
Shift Register Optimization | Checksum: 163d60810
INFO: [Opt 31-389] Phase Shift Register Optimization created 0 cells and removed 0 cells

Phase 8 Post Processing Netlist
Phase 8 Post Processing Netlist | Checksum: 163d60810

Time (s): cpu = 00:00:00.06 ; elapsed = 00:00:00.07 . Memory (MB): peak = 2654.848 ; gain = 32.016 ; free physical = 320 ; free virtual = 12838
Post Processing Netlist | Checksum: 163d60810
INFO: [Opt 31-389] Phase Post Processing Netlist created 0 cells and removed 0 cells

Phase 9 Finalization

Phase 9.1 Finalizing Design Cores and Updating Shapes
Phase 9.1 Finalizing Design Cores and Updating Shapes | Checksum: 163d60810

Time (s): cpu = 00:00:00.06 ; elapsed = 00:00:00.07 . Memory (MB): peak = 2654.848 ; gain = 32.016 ; free physical = 319 ; free virtual = 12838

Phase 9.2 Verifying Netlist Connectivity

Starting Connectivity Check Task

Time (s): cpu = 00:00:00 ; elapsed = 00:00:00.01 . Memory (MB): peak = 2654.848 ; gain = 0.000 ; free physical = 314 ; free virtual = 12835
Phase 9.2 Verifying Netlist Connectivity | Checksum: 163d60810

Time (s): cpu = 00:00:00.07 ; elapsed = 00:00:00.08 . Memory (MB): peak = 2654.848 ; gain = 32.016 ; free physical = 312 ; free virtual = 12835
Phase 9 Finalization | Checksum: 163d60810

Time (s): cpu = 00:00:00.07 ; elapsed = 00:00:00.08 . Memory (MB): peak = 2654.848 ; gain = 32.016 ; free physical = 307 ; free virtual = 12833
Opt_design Change Summary
=========================


-------------------------------------------------------------------------------------------------------------------------
|  Phase                        |  #Cells created  |  #Cells Removed  |  #Constrained objects preventing optimizations  |
-------------------------------------------------------------------------------------------------------------------------
|  Retarget                     |               0  |               0  |                                              0  |
|  Constant propagation         |               0  |               0  |                                              0  |
|  Sweep                        |               0  |               0  |                                              0  |
|  BUFG optimization            |               0  |               0  |                                              0  |
|  Shift Register Optimization  |               0  |               0  |                                              0  |
|  Post Processing Netlist      |               0  |               0  |                                              0  |
-------------------------------------------------------------------------------------------------------------------------


Ending Logic Optimization Task | Checksum: 163d60810

Time (s): cpu = 00:00:00.07 ; elapsed = 00:00:00.08 . Memory (MB): peak = 2654.848 ; gain = 32.016 ; free physical = 307 ; free virtual = 12833

Starting Power Optimization Task
INFO: [Pwropt 34-132] Skipping clock gating for clocks with a period < 2.00 ns.
Ending Power Optimization Task | Checksum: 163d60810

Time (s): cpu = 00:00:00 ; elapsed = 00:00:00 . Memory (MB): peak = 2654.848 ; gain = 0.000 ; free physical = 303 ; free virtual = 12829

Starting Final Cleanup Task
Ending Final Cleanup Task | Checksum: 163d60810

Time (s): cpu = 00:00:00 ; elapsed = 00:00:00 . Memory (MB): peak = 2654.848 ; gain = 0.000 ; free physical = 303 ; free virtual = 12829

Starting Netlist Obfuscation Task
Netlist sorting complete. Time (s): cpu = 00:00:00 ; elapsed = 00:00:00 . Memory (MB): peak = 2654.848 ; gain = 0.000 ; free physical = 303 ; free virtual = 12829
Ending Netlist Obfuscation Task | Checksum: 163d60810

Time (s): cpu = 00:00:00.01 ; elapsed = 00:00:00 . Memory (MB): peak = 2654.848 ; gain = 0.000 ; free physical = 303 ; free virtual = 12829
INFO: [Common 17-83] Releasing license: Implementation
24 Infos, 0 Warnings, 0 Critical Warnings and 0 Errors encountered.
opt_design completed successfully
opt_design: Time (s): cpu = 00:00:10 ; elapsed = 00:00:10 . Memory (MB): peak = 2654.848 ; gain = 895.578 ; free physical = 303 ; free virtual = 12829
INFO: [Vivado 12-24828] Executing command : report_drc -file and_gate_drc_opted.rpt -pb and_gate_drc_opted.pb -rpx and_gate_drc_opted.rpx
Command: report_drc -file and_gate_drc_opted.rpt -pb and_gate_drc_opted.pb -rpx and_gate_drc_opted.rpx
INFO: [IP_Flow 19-234] Refreshing IP repositories
INFO: [IP_Flow 19-1704] No user IP repositories specified
INFO: [IP_Flow 19-2313] Loaded Vivado IP repository '/home/psh/tools/Vivado/2024.2/data/ip'.
INFO: [DRC 23-27] Running DRC with 8 threads
INFO: [Vivado_Tcl 2-168] The results of DRC are in file /home/psh/work/basys3_exam_ubuntu24.2/basys3_exam_ubuntu24.2.runs/impl_1/and_gate_drc_opted.rpt.
report_drc completed successfully
Write ShapeDB Complete: Time (s): cpu = 00:00:00 ; elapsed = 00:00:00 . Memory (MB): peak = 2664.754 ; gain = 0.000 ; free physical = 312 ; free virtual = 12872
INFO: [Common 17-1381] The checkpoint '/home/psh/work/basys3_exam_ubuntu24.2/basys3_exam_ubuntu24.2.runs/impl_1/and_gate_opt.dcp' has been generated.
Command: place_design
Attempting to get a license for feature 'Implementation' and/or device 'xc7a35t'
INFO: [Common 17-349] Got license for feature 'Implementation' and/or device 'xc7a35t'
INFO: [Common 17-83] Releasing license: Implementation
INFO: [DRC 23-27] Running DRC with 8 threads
INFO: [Vivado_Tcl 4-198] DRC finished with 0 Errors
INFO: [Vivado_Tcl 4-199] Please refer to the DRC report (report_drc) for more information.
Running DRC as a precondition to command place_design
INFO: [DRC 23-27] Running DRC with 8 threads
INFO: [Vivado_Tcl 4-198] DRC finished with 0 Errors
INFO: [Vivado_Tcl 4-199] Please refer to the DRC report (report_drc) for more information.
INFO: [Place 30-611] Multithreading enabled for place_design using a maximum of 8 CPUs

Starting Placer Task

Phase 1 Placer Initialization

Phase 1.1 Placer Initialization Netlist Sorting
Netlist sorting complete. Time (s): cpu = 00:00:00 ; elapsed = 00:00:00 . Memory (MB): peak = 2694.703 ; gain = 0.000 ; free physical = 273 ; free virtual = 12830
Phase 1.1 Placer Initialization Netlist Sorting | Checksum: 102c90aaf

Time (s): cpu = 00:00:00.01 ; elapsed = 00:00:00 . Memory (MB): peak = 2694.703 ; gain = 0.000 ; free physical = 273 ; free virtual = 12830
Netlist sorting complete. Time (s): cpu = 00:00:00 ; elapsed = 00:00:00 . Memory (MB): peak = 2694.703 ; gain = 0.000 ; free physical = 265 ; free virtual = 12828

Phase 1.2 IO Placement/ Clock Placement/ Build Placer Device
INFO: [Timing 38-35] Done setting XDC timing constraints.
Phase 1.2 IO Placement/ Clock Placement/ Build Placer Device | Checksum: 1aa25f366

Time (s): cpu = 00:00:00.43 ; elapsed = 00:00:00.13 . Memory (MB): peak = 2726.719 ; gain = 32.016 ; free physical = 249 ; free virtual = 12818

Phase 1.3 Build Placer Netlist Model
Phase 1.3 Build Placer Netlist Model | Checksum: 296307c84

Time (s): cpu = 00:00:00.66 ; elapsed = 00:00:00.19 . Memory (MB): peak = 2726.719 ; gain = 32.016 ; free physical = 246 ; free virtual = 12817

Phase 1.4 Constrain Clocks/Macros
Phase 1.4 Constrain Clocks/Macros | Checksum: 296307c84

Time (s): cpu = 00:00:00.66 ; elapsed = 00:00:00.19 . Memory (MB): peak = 2726.719 ; gain = 32.016 ; free physical = 246 ; free virtual = 12816
Phase 1 Placer Initialization | Checksum: 296307c84

Time (s): cpu = 00:00:00.67 ; elapsed = 00:00:00.19 . Memory (MB): peak = 2726.719 ; gain = 32.016 ; free physical = 246 ; free virtual = 12817

Phase 2 Global Placement

Phase 2.1 Floorplanning
Phase 2.1 Floorplanning | Checksum: 296307c84

Time (s): cpu = 00:00:00.68 ; elapsed = 00:00:00.2 . Memory (MB): peak = 2726.719 ; gain = 32.016 ; free physical = 244 ; free virtual = 12815

Phase 2.2 Update Timing before SLR Path Opt
Phase 2.2 Update Timing before SLR Path Opt | Checksum: 296307c84

Time (s): cpu = 00:00:00.68 ; elapsed = 00:00:00.2 . Memory (MB): peak = 2726.719 ; gain = 32.016 ; free physical = 244 ; free virtual = 12815

Phase 2.3 Post-Processing in Floorplanning
Phase 2.3 Post-Processing in Floorplanning | Checksum: 296307c84

Time (s): cpu = 00:00:00.69 ; elapsed = 00:00:00.2 . Memory (MB): peak = 2726.719 ; gain = 32.016 ; free physical = 244 ; free virtual = 12815

Phase 2.4 Global Place Phase1
Phase 2.4 Global Place Phase1 | Checksum: 2145689f7

Time (s): cpu = 00:00:03 ; elapsed = 00:00:00.66 . Memory (MB): peak = 2750.730 ; gain = 56.027 ; free physical = 300 ; free virtual = 12777

Phase 2.5 Global Place Phase2
WARNING: [Place 46-29] Timing had been disabled during Placer and, therefore, physical synthesis in Placer will be skipped.
Phase 2.5 Global Place Phase2 | Checksum: 1d1a3349b

Time (s): cpu = 00:00:03 ; elapsed = 00:00:00.71 . Memory (MB): peak = 2750.730 ; gain = 56.027 ; free physical = 308 ; free virtual = 12785
Phase 2 Global Placement | Checksum: 1d1a3349b

Time (s): cpu = 00:00:03 ; elapsed = 00:00:00.71 . Memory (MB): peak = 2750.730 ; gain = 56.027 ; free physical = 308 ; free virtual = 12785

Phase 3 Detail Placement

Phase 3.1 Commit Multi Column Macros
Phase 3.1 Commit Multi Column Macros | Checksum: 1d1a3349b

Time (s): cpu = 00:00:03 ; elapsed = 00:00:00.73 . Memory (MB): peak = 2750.730 ; gain = 56.027 ; free physical = 307 ; free virtual = 12784

Phase 3.2 Commit Most Macros & LUTRAMs
Phase 3.2 Commit Most Macros & LUTRAMs | Checksum: 21076c48c

Time (s): cpu = 00:00:03 ; elapsed = 00:00:00.74 . Memory (MB): peak = 2750.730 ; gain = 56.027 ; free physical = 304 ; free virtual = 12782

Phase 3.3 Area Swap Optimization
Phase 3.3 Area Swap Optimization | Checksum: 2a714488b

Time (s): cpu = 00:00:03 ; elapsed = 00:00:00.79 . Memory (MB): peak = 2750.730 ; gain = 56.027 ; free physical = 299 ; free virtual = 12771

Phase 3.4 Pipeline Register Optimization
Phase 3.4 Pipeline Register Optimization | Checksum: 2a714488b

Time (s): cpu = 00:00:03 ; elapsed = 00:00:00.79 . Memory (MB): peak = 2750.730 ; gain = 56.027 ; free physical = 299 ; free virtual = 12771

Phase 3.5 Small Shape Detail Placement
Phase 3.5 Small Shape Detail Placement | Checksum: 20129b8e8

Time (s): cpu = 00:00:04 ; elapsed = 00:00:01 . Memory (MB): peak = 2750.730 ; gain = 56.027 ; free physical = 298 ; free virtual = 12770

Phase 3.6 Re-assign LUT pins
Phase 3.6 Re-assign LUT pins | Checksum: 20129b8e8

Time (s): cpu = 00:00:04 ; elapsed = 00:00:01 . Memory (MB): peak = 2750.730 ; gain = 56.027 ; free physical = 298 ; free virtual = 12770

Phase 3.7 Pipeline Register Optimization
Phase 3.7 Pipeline Register Optimization | Checksum: 20129b8e8

Time (s): cpu = 00:00:04 ; elapsed = 00:00:01 . Memory (MB): peak = 2750.730 ; gain = 56.027 ; free physical = 298 ; free virtual = 12770
Phase 3 Detail Placement | Checksum: 20129b8e8

Time (s): cpu = 00:00:04 ; elapsed = 00:00:01 . Memory (MB): peak = 2750.730 ; gain = 56.027 ; free physical = 298 ; free virtual = 12768

Phase 4 Post Placement Optimization and Clean-Up

Phase 4.1 Post Commit Optimization
Phase 4.1 Post Commit Optimization | Checksum: 20129b8e8

Time (s): cpu = 00:00:04 ; elapsed = 00:00:01 . Memory (MB): peak = 2750.730 ; gain = 56.027 ; free physical = 296 ; free virtual = 12767

Phase 4.2 Post Placement Cleanup
Phase 4.2 Post Placement Cleanup | Checksum: 20129b8e8

Time (s): cpu = 00:00:04 ; elapsed = 00:00:01 . Memory (MB): peak = 2750.730 ; gain = 56.027 ; free physical = 296 ; free virtual = 12767

Phase 4.3 Placer Reporting

Phase 4.3.1 Print Estimated Congestion
INFO: [Place 30-612] Post-Placement Estimated Congestion 
 ____________________________________________________
|           | Global Congestion | Short Congestion  |
| Direction | Region Size       | Region Size       |
|___________|___________________|___________________|
|      North|                1x1|                1x1|
|___________|___________________|___________________|
|      South|                1x1|                1x1|
|___________|___________________|___________________|
|       East|                1x1|                1x1|
|___________|___________________|___________________|
|       West|                1x1|                1x1|
|___________|___________________|___________________|

Phase 4.3.1 Print Estimated Congestion | Checksum: 20129b8e8

Time (s): cpu = 00:00:04 ; elapsed = 00:00:01 . Memory (MB): peak = 2750.730 ; gain = 56.027 ; free physical = 296 ; free virtual = 12767
Phase 4.3 Placer Reporting | Checksum: 20129b8e8

Time (s): cpu = 00:00:04 ; elapsed = 00:00:01 . Memory (MB): peak = 2750.730 ; gain = 56.027 ; free physical = 296 ; free virtual = 12767

Phase 4.4 Final Placement Cleanup
Netlist sorting complete. Time (s): cpu = 00:00:00 ; elapsed = 00:00:00 . Memory (MB): peak = 2750.730 ; gain = 0.000 ; free physical = 296 ; free virtual = 12767

Time (s): cpu = 00:00:04 ; elapsed = 00:00:01 . Memory (MB): peak = 2750.730 ; gain = 56.027 ; free physical = 296 ; free virtual = 12767
Phase 4 Post Placement Optimization and Clean-Up | Checksum: 20129b8e8

Time (s): cpu = 00:00:04 ; elapsed = 00:00:01 . Memory (MB): peak = 2750.730 ; gain = 56.027 ; free physical = 296 ; free virtual = 12767
Ending Placer Task | Checksum: 15a652b0a

Time (s): cpu = 00:00:04 ; elapsed = 00:00:01 . Memory (MB): peak = 2750.730 ; gain = 56.027 ; free physical = 296 ; free virtual = 12767
42 Infos, 1 Warnings, 0 Critical Warnings and 0 Errors encountered.
place_design completed successfully
INFO: [Vivado 12-24838] Running report commands "report_control_sets, report_io, report_utilization" in parallel.
Running report generation with 3 threads.
INFO: [Vivado 12-24828] Executing command : report_control_sets -verbose -file and_gate_control_sets_placed.rpt
report_control_sets: Time (s): cpu = 00:00:00.09 ; elapsed = 00:00:00.13 . Memory (MB): peak = 2750.730 ; gain = 0.000 ; free physical = 283 ; free virtual = 12755
INFO: [Vivado 12-24828] Executing command : report_utilization -file and_gate_utilization_placed.rpt -pb and_gate_utilization_placed.pb
INFO: [Vivado 12-24828] Executing command : report_io -file and_gate_io_placed.rpt
report_io: Time (s): cpu = 00:00:00.25 ; elapsed = 00:00:00.3 . Memory (MB): peak = 2750.730 ; gain = 0.000 ; free physical = 255 ; free virtual = 12731
Write ShapeDB Complete: Time (s): cpu = 00:00:00 ; elapsed = 00:00:00 . Memory (MB): peak = 2750.730 ; gain = 0.000 ; free physical = 251 ; free virtual = 12727
Wrote PlaceDB: Time (s): cpu = 00:00:00.01 ; elapsed = 00:00:00 . Memory (MB): peak = 2750.730 ; gain = 0.000 ; free physical = 251 ; free virtual = 12727
Wrote PulsedLatchDB: Time (s): cpu = 00:00:00 ; elapsed = 00:00:00 . Memory (MB): peak = 2750.730 ; gain = 0.000 ; free physical = 251 ; free virtual = 12727
Writing XDEF routing.
Writing XDEF routing logical nets.
Writing XDEF routing special nets.
Wrote RouteStorage: Time (s): cpu = 00:00:00.07 ; elapsed = 00:00:00.08 . Memory (MB): peak = 2750.730 ; gain = 0.000 ; free physical = 248 ; free virtual = 12723
Wrote Netlist Cache: Time (s): cpu = 00:00:00 ; elapsed = 00:00:00 . Memory (MB): peak = 2750.730 ; gain = 0.000 ; free physical = 248 ; free virtual = 12723
Wrote Device Cache: Time (s): cpu = 00:00:00.01 ; elapsed = 00:00:00 . Memory (MB): peak = 2750.730 ; gain = 0.000 ; free physical = 248 ; free virtual = 12724
Write Physdb Complete: Time (s): cpu = 00:00:00.09 ; elapsed = 00:00:00.09 . Memory (MB): peak = 2750.730 ; gain = 0.000 ; free physical = 248 ; free virtual = 12724
INFO: [Common 17-1381] The checkpoint '/home/psh/work/basys3_exam_ubuntu24.2/basys3_exam_ubuntu24.2.runs/impl_1/and_gate_placed.dcp' has been generated.
Command: phys_opt_design
Attempting to get a license for feature 'Implementation' and/or device 'xc7a35t'
INFO: [Common 17-349] Got license for feature 'Implementation' and/or device 'xc7a35t'

Starting Initial Update Timing Task

Time (s): cpu = 00:00:00.01 ; elapsed = 00:00:00 . Memory (MB): peak = 2750.730 ; gain = 0.000 ; free physical = 244 ; free virtual = 12720
INFO: [Vivado_Tcl 4-235] No timing constraint found. The netlist was not modified.
INFO: [Common 17-83] Releasing license: Implementation
50 Infos, 1 Warnings, 0 Critical Warnings and 0 Errors encountered.
phys_opt_design completed successfully
Write ShapeDB Complete: Time (s): cpu = 00:00:00 ; elapsed = 00:00:00 . Memory (MB): peak = 2750.730 ; gain = 0.000 ; free physical = 244 ; free virtual = 12720
Wrote PlaceDB: Time (s): cpu = 00:00:00 ; elapsed = 00:00:00 . Memory (MB): peak = 2750.730 ; gain = 0.000 ; free physical = 244 ; free virtual = 12720
Wrote PulsedLatchDB: Time (s): cpu = 00:00:00 ; elapsed = 00:00:00 . Memory (MB): peak = 2750.730 ; gain = 0.000 ; free physical = 244 ; free virtual = 12720
Writing XDEF routing.
Writing XDEF routing logical nets.
Writing XDEF routing special nets.
Wrote RouteStorage: Time (s): cpu = 00:00:00.02 ; elapsed = 00:00:00.02 . Memory (MB): peak = 2750.730 ; gain = 0.000 ; free physical = 244 ; free virtual = 12720
Wrote Netlist Cache: Time (s): cpu = 00:00:00 ; elapsed = 00:00:00 . Memory (MB): peak = 2750.730 ; gain = 0.000 ; free physical = 244 ; free virtual = 12720
Wrote Device Cache: Time (s): cpu = 00:00:00 ; elapsed = 00:00:00 . Memory (MB): peak = 2750.730 ; gain = 0.000 ; free physical = 244 ; free virtual = 12720
Write Physdb Complete: Time (s): cpu = 00:00:00.02 ; elapsed = 00:00:00.02 . Memory (MB): peak = 2750.730 ; gain = 0.000 ; free physical = 244 ; free virtual = 12720
INFO: [Common 17-1381] The checkpoint '/home/psh/work/basys3_exam_ubuntu24.2/basys3_exam_ubuntu24.2.runs/impl_1/and_gate_physopt.dcp' has been generated.
Command: route_design
Attempting to get a license for feature 'Implementation' and/or device 'xc7a35t'
INFO: [Common 17-349] Got license for feature 'Implementation' and/or device 'xc7a35t'


Starting Routing Task
INFO: [Route 35-254] Multithreading enabled for route_design using a maximum of 8 CPUs

Phase 1 Build RT Design
Checksum: PlaceDB: 579c205b ConstDB: 0 ShapeSum: 6247ae58 RouteDB: a0815c57
Post Restoration Checksum: NetGraph: b87ad6f0 | NumContArr: c2de058f | Constraints: c2a8fa9d | Timing: c2a8fa9d
Phase 1 Build RT Design | Checksum: 300aad1b9

Time (s): cpu = 00:00:19 ; elapsed = 00:00:17 . Memory (MB): peak = 2821.559 ; gain = 70.828 ; free physical = 308 ; free virtual = 12696

Phase 2 Router Initialization
INFO: [Route 35-64] No timing constraints were detected. The router will operate in resource-optimization mode.

Phase 2.1 Fix Topology Constraints
Phase 2.1 Fix Topology Constraints | Checksum: 300aad1b9

Time (s): cpu = 00:00:19 ; elapsed = 00:00:17 . Memory (MB): peak = 2852.559 ; gain = 101.828 ; free physical = 268 ; free virtual = 12657

Phase 2.2 Pre Route Cleanup
Phase 2.2 Pre Route Cleanup | Checksum: 300aad1b9

Time (s): cpu = 00:00:19 ; elapsed = 00:00:17 . Memory (MB): peak = 2852.559 ; gain = 101.828 ; free physical = 268 ; free virtual = 12657

Router Utilization Summary
  Global Vertical Routing Utilization    = 0 %
  Global Horizontal Routing Utilization  = 0 %
  Routable Net Status*
  *Does not include unroutable nets such as driverless and loadless.
  Run report_route_status for detailed report.
  Number of Failed Nets               = 3
    (Failed Nets is the sum of unrouted and partially routed nets)
  Number of Unrouted Nets             = 3
  Number of Partially Routed Nets     = 0
  Number of Node Overlaps             = 0

Phase 2 Router Initialization | Checksum: 300aad1b9

Time (s): cpu = 00:00:20 ; elapsed = 00:00:17 . Memory (MB): peak = 2869.559 ; gain = 118.828 ; free physical = 233 ; free virtual = 12632

Phase 3 Global Routing
Phase 3 Global Routing | Checksum: 300aad1b9

Time (s): cpu = 00:00:20 ; elapsed = 00:00:17 . Memory (MB): peak = 2869.559 ; gain = 118.828 ; free physical = 233 ; free virtual = 12632

Phase 4 Initial Routing

Phase 4.1 Initial Net Routing Pass
Phase 4.1 Initial Net Routing Pass | Checksum: 20c162f4d

Time (s): cpu = 00:00:20 ; elapsed = 00:00:17 . Memory (MB): peak = 2869.559 ; gain = 118.828 ; free physical = 233 ; free virtual = 12632
Phase 4 Initial Routing | Checksum: 20c162f4d

Time (s): cpu = 00:00:20 ; elapsed = 00:00:17 . Memory (MB): peak = 2869.559 ; gain = 118.828 ; free physical = 233 ; free virtual = 12632

Phase 5 Rip-up And Reroute

Phase 5.1 Global Iteration 0
 Number of Nodes with overlaps = 0
Phase 5.1 Global Iteration 0 | Checksum: 2bd84e512

Time (s): cpu = 00:00:20 ; elapsed = 00:00:17 . Memory (MB): peak = 2869.559 ; gain = 118.828 ; free physical = 233 ; free virtual = 12632
Phase 5 Rip-up And Reroute | Checksum: 2bd84e512

Time (s): cpu = 00:00:20 ; elapsed = 00:00:17 . Memory (MB): peak = 2869.559 ; gain = 118.828 ; free physical = 233 ; free virtual = 12632

Phase 6 Delay and Skew Optimization
Phase 6 Delay and Skew Optimization | Checksum: 2bd84e512

Time (s): cpu = 00:00:20 ; elapsed = 00:00:17 . Memory (MB): peak = 2869.559 ; gain = 118.828 ; free physical = 233 ; free virtual = 12632

Phase 7 Post Hold Fix

Phase 7.1 Hold Fix Iter
Phase 7.1 Hold Fix Iter | Checksum: 2bd84e512

Time (s): cpu = 00:00:20 ; elapsed = 00:00:17 . Memory (MB): peak = 2869.559 ; gain = 118.828 ; free physical = 233 ; free virtual = 12632
Phase 7 Post Hold Fix | Checksum: 2bd84e512

Time (s): cpu = 00:00:20 ; elapsed = 00:00:17 . Memory (MB): peak = 2869.559 ; gain = 118.828 ; free physical = 233 ; free virtual = 12632

Phase 8 Route finalize

Router Utilization Summary
  Global Vertical Routing Utilization    = 0.000159451 %
  Global Horizontal Routing Utilization  = 0.000780843 %
  Routable Net Status*
  *Does not include unroutable nets such as driverless and loadless.
  Run report_route_status for detailed report.
  Number of Failed Nets               = 0
    (Failed Nets is the sum of unrouted and partially routed nets)
  Number of Unrouted Nets             = 0
  Number of Partially Routed Nets     = 0
  Number of Node Overlaps             = 0


--GLOBAL Congestion:
Utilization threshold used for congestion level computation: 0.85
Congestion Report
North Dir 1x1 Area, Max Cong = 0%, No Congested Regions.
South Dir 1x1 Area, Max Cong = 0.900901%, No Congested Regions.
East Dir 1x1 Area, Max Cong = 2.94118%, No Congested Regions.
West Dir 1x1 Area, Max Cong = 1.47059%, No Congested Regions.

------------------------------
Reporting congestion hotspots
------------------------------
Direction: North
----------------
Congested clusters found at Level 0
Effective congestion level: 0 Aspect Ratio: 1 Sparse Ratio: 0
Direction: South
----------------
Congested clusters found at Level 0
Effective congestion level: 0 Aspect Ratio: 1 Sparse Ratio: 0
Direction: East
----------------
Congested clusters found at Level 0
Effective congestion level: 0 Aspect Ratio: 1 Sparse Ratio: 0
Direction: West
----------------
Congested clusters found at Level 0
Effective congestion level: 0 Aspect Ratio: 1 Sparse Ratio: 0

Phase 8 Route finalize | Checksum: 2bd84e512

Time (s): cpu = 00:00:20 ; elapsed = 00:00:17 . Memory (MB): peak = 2869.559 ; gain = 118.828 ; free physical = 233 ; free virtual = 12632

Phase 9 Verifying routed nets

 Verification completed successfully
Phase 9 Verifying routed nets | Checksum: 2bd84e512

Time (s): cpu = 00:00:20 ; elapsed = 00:00:17 . Memory (MB): peak = 2869.559 ; gain = 118.828 ; free physical = 232 ; free virtual = 12631

Phase 10 Depositing Routes
Phase 10 Depositing Routes | Checksum: 2c3b7f450

Time (s): cpu = 00:00:20 ; elapsed = 00:00:17 . Memory (MB): peak = 2869.559 ; gain = 118.828 ; free physical = 232 ; free virtual = 12631

Phase 11 Post Process Routing
Phase 11 Post Process Routing | Checksum: 2c3b7f450

Time (s): cpu = 00:00:20 ; elapsed = 00:00:17 . Memory (MB): peak = 2869.559 ; gain = 118.828 ; free physical = 232 ; free virtual = 12631
Total Elapsed time in route_design: 17.02 secs

Phase 12 Post-Route Event Processing
Phase 12 Post-Route Event Processing | Checksum: 1c9e5a902

Time (s): cpu = 00:00:20 ; elapsed = 00:00:17 . Memory (MB): peak = 2869.559 ; gain = 118.828 ; free physical = 232 ; free virtual = 12631
INFO: [Route 35-16] Router Completed Successfully
Ending Routing Task | Checksum: 1c9e5a902

Time (s): cpu = 00:00:20 ; elapsed = 00:00:17 . Memory (MB): peak = 2869.559 ; gain = 118.828 ; free physical = 232 ; free virtual = 12631

Routing Is Done.
INFO: [Common 17-83] Releasing license: Implementation
56 Infos, 1 Warnings, 0 Critical Warnings and 0 Errors encountered.
route_design completed successfully
route_design: Time (s): cpu = 00:00:20 ; elapsed = 00:00:17 . Memory (MB): peak = 2869.559 ; gain = 118.828 ; free physical = 232 ; free virtual = 12631
INFO: [Vivado 12-24828] Executing command : report_drc -file and_gate_drc_routed.rpt -pb and_gate_drc_routed.pb -rpx and_gate_drc_routed.rpx
Command: report_drc -file and_gate_drc_routed.rpt -pb and_gate_drc_routed.pb -rpx and_gate_drc_routed.rpx
INFO: [IP_Flow 19-1839] IP Catalog is up to date.
INFO: [DRC 23-27] Running DRC with 8 threads
INFO: [Vivado_Tcl 2-168] The results of DRC are in file /home/psh/work/basys3_exam_ubuntu24.2/basys3_exam_ubuntu24.2.runs/impl_1/and_gate_drc_routed.rpt.
report_drc completed successfully
INFO: [Vivado 12-24828] Executing command : report_methodology -file and_gate_methodology_drc_routed.rpt -pb and_gate_methodology_drc_routed.pb -rpx and_gate_methodology_drc_routed.rpx
Command: report_methodology -file and_gate_methodology_drc_routed.rpt -pb and_gate_methodology_drc_routed.pb -rpx and_gate_methodology_drc_routed.rpx
INFO: [Timing 38-35] Done setting XDC timing constraints.
INFO: [DRC 23-133] Running Methodology with 8 threads
INFO: [Vivado_Tcl 2-1520] The results of Report Methodology are in file /home/psh/work/basys3_exam_ubuntu24.2/basys3_exam_ubuntu24.2.runs/impl_1/and_gate_methodology_drc_routed.rpt.
report_methodology completed successfully
INFO: [Vivado 12-24828] Executing command : report_timing_summary -max_paths 10 -report_unconstrained -file and_gate_timing_summary_routed.rpt -pb and_gate_timing_summary_routed.pb -rpx and_gate_timing_summary_routed.rpx -warn_on_violation 
INFO: [Timing 38-35] Done setting XDC timing constraints.
INFO: [Timing 38-91] UpdateTimingParams: Speed grade: -1, Delay Type: min_max.
INFO: [Timing 38-191] Multithreading enabled for timing update using a maximum of 8 CPUs
WARNING: [Timing 38-313] There are no user specified timing constraints. Timing constraints are needed for proper timing analysis.
INFO: [Vivado 12-24838] Running report commands "report_bus_skew, report_incremental_reuse, report_route_status" in parallel.
Running report generation with 3 threads.
INFO: [Vivado 12-24828] Executing command : report_route_status -file and_gate_route_status.rpt -pb and_gate_route_status.pb
INFO: [Vivado 12-24828] Executing command : report_incremental_reuse -file and_gate_incremental_reuse_routed.rpt
INFO: [Vivado_Tcl 4-1062] Incremental flow is disabled. No incremental reuse Info to report.
INFO: [Vivado 12-24828] Executing command : report_bus_skew -warn_on_violation -file and_gate_bus_skew_routed.rpt -pb and_gate_bus_skew_routed.pb -rpx and_gate_bus_skew_routed.rpx
INFO: [Timing 38-91] UpdateTimingParams: Speed grade: -1, Delay Type: min_max.
INFO: [Timing 38-191] Multithreading enabled for timing update using a maximum of 8 CPUs
INFO: [Vivado 12-24828] Executing command : report_power -file and_gate_power_routed.rpt -pb and_gate_power_summary_routed.pb -rpx and_gate_power_routed.rpx
Command: report_power -file and_gate_power_routed.rpt -pb and_gate_power_summary_routed.pb -rpx and_gate_power_routed.rpx
WARNING: [Power 33-232] No user defined clocks were found in the design! Power estimation will be inaccurate until this is corrected.
Resolution: Please specify clocks using create_clock/create_generated_clock for sequential elements. For pure combinatorial circuits, please specify a virtual clock, otherwise the vectorless estimation might be inaccurate
Running Vector-less Activity Propagation...

Finished Running Vector-less Activity Propagation
76 Infos, 3 Warnings, 0 Critical Warnings and 0 Errors encountered.
report_power completed successfully
INFO: [Vivado 12-24828] Executing command : report_clock_utilization -file and_gate_clock_utilization_routed.rpt
Write ShapeDB Complete: Time (s): cpu = 00:00:00 ; elapsed = 00:00:00 . Memory (MB): peak = 2945.332 ; gain = 0.000 ; free physical = 314 ; free virtual = 12612
Wrote PlaceDB: Time (s): cpu = 00:00:00 ; elapsed = 00:00:00 . Memory (MB): peak = 2945.332 ; gain = 0.000 ; free physical = 314 ; free virtual = 12612
Wrote PulsedLatchDB: Time (s): cpu = 00:00:00 ; elapsed = 00:00:00 . Memory (MB): peak = 2945.332 ; gain = 0.000 ; free physical = 314 ; free virtual = 12612
Writing XDEF routing.
Writing XDEF routing logical nets.
Writing XDEF routing special nets.
Wrote RouteStorage: Time (s): cpu = 00:00:00.01 ; elapsed = 00:00:00.02 . Memory (MB): peak = 2945.332 ; gain = 0.000 ; free physical = 314 ; free virtual = 12612
Wrote Netlist Cache: Time (s): cpu = 00:00:00 ; elapsed = 00:00:00 . Memory (MB): peak = 2945.332 ; gain = 0.000 ; free physical = 314 ; free virtual = 12612
Wrote Device Cache: Time (s): cpu = 00:00:00.01 ; elapsed = 00:00:00 . Memory (MB): peak = 2945.332 ; gain = 0.000 ; free physical = 314 ; free virtual = 12613
Write Physdb Complete: Time (s): cpu = 00:00:00.02 ; elapsed = 00:00:00.02 . Memory (MB): peak = 2945.332 ; gain = 0.000 ; free physical = 314 ; free virtual = 12613
INFO: [Common 17-1381] The checkpoint '/home/psh/work/basys3_exam_ubuntu24.2/basys3_exam_ubuntu24.2.runs/impl_1/and_gate_routed.dcp' has been generated.
INFO: [Common 17-206] Exiting Vivado at Sat Jun  7 06:56:17 2025...
