Copyright 1986-2022 Xilinx, Inc. All Rights Reserved. Copyright 2022-2024 Advanced Micro Devices, Inc. All Rights Reserved.
---------------------------------------------------------------------------------------------------------------------------------------------
| Tool Version : Vivado v.2024.2 (lin64) Build 5239630 Fri Nov 08 22:34:34 MST 2024
| Date         : Thu Jul 24 11:51:32 2025
| Host         : min running 64-bit Ubuntu 24.04.2 LTS
| Command      : report_control_sets -verbose -file stop_watch_top_control_sets_placed.rpt
| Design       : stop_watch_top
| Device       : xc7a35t
---------------------------------------------------------------------------------------------------------------------------------------------

Control Set Information

Table of Contents
-----------------
1. Summary
2. Histogram
3. Flip-Flop Distribution
4. Detailed Control Set Information

1. Summary
----------

+----------------------------------------------------------+-------+
|                          Status                          | Count |
+----------------------------------------------------------+-------+
| Total control sets                                       |    10 |
|    Minimum number of control sets                        |    10 |
|    Addition due to synthesis replication                 |     0 |
|    Addition due to physical synthesis replication        |     0 |
| Unused register locations in slices containing registers |    36 |
+----------------------------------------------------------+-------+
* Control sets can be merged at opt_design using control_set_merge or merge_equivalent_drivers
** Run report_qor_suggestions for automated merging and remapping suggestions


2. Histogram
------------

+--------------------+-------+
|       Fanout       | Count |
+--------------------+-------+
| Total control sets |    10 |
| >= 0 to < 4        |     2 |
| >= 4 to < 6        |     4 |
| >= 6 to < 8        |     1 |
| >= 8 to < 10       |     0 |
| >= 10 to < 12      |     0 |
| >= 12 to < 14      |     0 |
| >= 14 to < 16      |     0 |
| >= 16              |     3 |
+--------------------+-------+
* Control sets can be remapped at either synth_design or opt_design


3. Flip-Flop Distribution
-------------------------

+--------------+-----------------------+------------------------+-----------------+--------------+
| Clock Enable | Synchronous Set/Reset | Asynchronous Set/Reset | Total Registers | Total Slices |
+--------------+-----------------------+------------------------+-----------------+--------------+
| No           | No                    | No                     |               6 |            2 |
| No           | No                    | Yes                    |              46 |           16 |
| No           | Yes                   | No                     |              32 |            8 |
| Yes          | No                    | No                     |               0 |            0 |
| Yes          | No                    | Yes                    |              16 |            6 |
| Yes          | Yes                   | No                     |               0 |            0 |
+--------------+-----------------------+------------------------+-----------------+--------------+


4. Detailed Control Set Information
-----------------------------------

+----------------+---------------+------------------------+------------------+----------------+--------------+
|  Clock Signal  | Enable Signal |    Set/Reset Signal    | Slice Load Count | Bel Load Count | Bels / Slice |
+----------------+---------------+------------------------+------------------+----------------+--------------+
|  u5/CLK        |               | reset_p_IBUF           |                1 |              2 |         2.00 |
|  u1/CLK        |               | reset_p_IBUF           |                1 |              2 |         2.00 |
|  u1/CLK        | u4/sec_tens0  | reset_p_IBUF           |                1 |              4 |         4.00 |
|  u1/CLK        | u4/min_tens0  | reset_p_IBUF           |                1 |              4 |         4.00 |
|  u1/CLK        | u4/sec_ones0  | reset_p_IBUF           |                1 |              4 |         4.00 |
|  u1/CLK        | u4/min_ones0  | reset_p_IBUF           |                3 |              4 |         1.33 |
|  clk_IBUF_BUFG |               |                        |                2 |              6 |         3.00 |
|  clk_IBUF_BUFG |               | u2/count[0]_i_1_n_0    |                4 |             16 |         4.00 |
|  clk_IBUF_BUFG |               | u3/count[0]_i_1__0_n_0 |                4 |             16 |         4.00 |
|  clk_IBUF_BUFG |               | reset_p_IBUF           |               14 |             42 |         3.00 |
+----------------+---------------+------------------------+------------------+----------------+--------------+


