
*** Running vivado
    with args -log btn_led_blink.vdi -applog -m64 -product Vivado -messageDb vivado.pb -mode batch -source btn_led_blink.tcl -notrace


****** Vivado v2024.2 (64-bit)
  **** SW Build 5239630 on Fri Nov 08 22:34:34 MST 2024
  **** IP Build 5239520 on Sun Nov 10 16:12:51 MST 2024
  **** SharedData Build 5239561 on Fri Nov 08 14:39:27 MST 2024
  **** Start of session at: Tue Jul 22 15:57:55 2025
    ** Copyright 1986-2022 Xilinx, Inc. All Rights Reserved.
    ** Copyright 2022-2024 Advanced Micro Devices, Inc. All Rights Reserved.

source btn_led_blink.tcl -notrace
create_project: Time (s): cpu = 00:00:08 ; elapsed = 00:00:08 . Memory (MB): peak = 1491.391 ; gain = 17.840 ; free physical = 3407 ; free virtual = 13094
Command: link_design -top btn_led_blink -part xc7a35tcpg236-1
Design is defaulting to srcset: sources_1
Design is defaulting to constrset: constrs_1
INFO: [Device 21-403] Loading part xc7a35tcpg236-1
Netlist sorting complete. Time (s): cpu = 00:00:00 ; elapsed = 00:00:00 . Memory (MB): peak = 1672.555 ; gain = 0.000 ; free physical = 3255 ; free virtual = 12943
INFO: [Netlist 29-17] Analyzing 8 Unisim elements for replacement
INFO: [Netlist 29-28] Unisim Transformation completed in 0 CPU seconds
INFO: [Project 1-479] Netlist was created with Vivado 2024.2
INFO: [Project 1-570] Preparing netlist for logic optimization
Parsing XDC File [/home/psh/work/project_3/project_3.srcs/constrs_1/imports/work/Basys-3-Master.xdc]
Finished Parsing XDC File [/home/psh/work/project_3/project_3.srcs/constrs_1/imports/work/Basys-3-Master.xdc]
INFO: [Opt 31-138] Pushed 0 inverter(s) to 0 load pin(s).
Netlist sorting complete. Time (s): cpu = 00:00:00 ; elapsed = 00:00:00 . Memory (MB): peak = 1891.113 ; gain = 0.000 ; free physical = 3137 ; free virtual = 12825
INFO: [Project 1-111] Unisim Transformation Summary:
No Unisim elements were transformed.

7 Infos, 0 Warnings, 0 Critical Warnings and 0 Errors encountered.
link_design completed successfully
Command: opt_design
Attempting to get a license for feature 'Implementation' and/or device 'xc7a35t'
INFO: [Common 17-349] Got license for feature 'Implementation' and/or device 'xc7a35t'
Running DRC as a precondition to command opt_design

Starting DRC Task
INFO: [DRC 23-27] Running DRC with 8 threads
INFO: [Project 1-461] DRC finished with 0 Errors
INFO: [Project 1-462] Please refer to the DRC report (report_drc) for more information.

Time (s): cpu = 00:00:02 ; elapsed = 00:00:00.62 . Memory (MB): peak = 2023.613 ; gain = 126.562 ; free physical = 3064 ; free virtual = 12752

Starting Cache Timing Information Task
INFO: [Timing 38-35] Done setting XDC timing constraints.
Ending Cache Timing Information Task | Checksum: 1eb439b2f

Time (s): cpu = 00:00:07 ; elapsed = 00:00:07 . Memory (MB): peak = 2417.566 ; gain = 393.953 ; free physical = 2688 ; free virtual = 12376

Starting Logic Optimization Task

Phase 1 Initialization

Phase 1.1 Core Generation And Design Setup
Phase 1.1 Core Generation And Design Setup | Checksum: 1eb439b2f

Time (s): cpu = 00:00:00 ; elapsed = 00:00:00.01 . Memory (MB): peak = 2754.488 ; gain = 0.000 ; free physical = 2346 ; free virtual = 12034

Phase 1.2 Setup Constraints And Sort Netlist
Phase 1.2 Setup Constraints And Sort Netlist | Checksum: 1eb439b2f

Time (s): cpu = 00:00:00 ; elapsed = 00:00:00.01 . Memory (MB): peak = 2754.488 ; gain = 0.000 ; free physical = 2346 ; free virtual = 12034
Phase 1 Initialization | Checksum: 1eb439b2f

Time (s): cpu = 00:00:00 ; elapsed = 00:00:00.01 . Memory (MB): peak = 2754.488 ; gain = 0.000 ; free physical = 2346 ; free virtual = 12034

Phase 2 Timer Update And Timing Data Collection

Phase 2.1 Timer Update
Phase 2.1 Timer Update | Checksum: 1eb439b2f

Time (s): cpu = 00:00:00.01 ; elapsed = 00:00:00.01 . Memory (MB): peak = 2754.488 ; gain = 0.000 ; free physical = 2346 ; free virtual = 12034

Phase 2.2 Timing Data Collection
Phase 2.2 Timing Data Collection | Checksum: 1eb439b2f

Time (s): cpu = 00:00:00.01 ; elapsed = 00:00:00.01 . Memory (MB): peak = 2754.488 ; gain = 0.000 ; free physical = 2346 ; free virtual = 12034
Phase 2 Timer Update And Timing Data Collection | Checksum: 1eb439b2f

Time (s): cpu = 00:00:00.01 ; elapsed = 00:00:00.02 . Memory (MB): peak = 2754.488 ; gain = 0.000 ; free physical = 2346 ; free virtual = 12034

Phase 3 Retarget
INFO: [Opt 31-1851] Number of loadless carry chains removed were: 0
INFO: [Opt 31-1834] Total Chains To Be Transformed Were: 0 AND Number of Transformed insts Created are: 0
INFO: [Opt 31-138] Pushed 0 inverter(s) to 0 load pin(s).
INFO: [Opt 31-49] Retargeted 0 cell(s).
Phase 3 Retarget | Checksum: 1eb439b2f

Time (s): cpu = 00:00:00.02 ; elapsed = 00:00:00.03 . Memory (MB): peak = 2754.488 ; gain = 0.000 ; free physical = 2346 ; free virtual = 12034
Retarget | Checksum: 1eb439b2f
INFO: [Opt 31-389] Phase Retarget created 0 cells and removed 0 cells

Phase 4 Constant propagation
INFO: [Opt 31-138] Pushed 0 inverter(s) to 0 load pin(s).
Phase 4 Constant propagation | Checksum: 1eb439b2f

Time (s): cpu = 00:00:00.02 ; elapsed = 00:00:00.03 . Memory (MB): peak = 2754.488 ; gain = 0.000 ; free physical = 2346 ; free virtual = 12034
Constant propagation | Checksum: 1eb439b2f
INFO: [Opt 31-389] Phase Constant propagation created 0 cells and removed 0 cells

Phase 5 Sweep
INFO: [Constraints 18-11670] Building netlist checker database with flags, 0x8
Done building netlist checker database: Time (s): cpu = 00:00:00 ; elapsed = 00:00:00 . Memory (MB): peak = 2754.488 ; gain = 0.000 ; free physical = 2346 ; free virtual = 12034
Phase 5 Sweep | Checksum: 259840387

Time (s): cpu = 00:00:00.02 ; elapsed = 00:00:00.03 . Memory (MB): peak = 2754.488 ; gain = 0.000 ; free physical = 2346 ; free virtual = 12034
Sweep | Checksum: 259840387
INFO: [Opt 31-389] Phase Sweep created 7 cells and removed 0 cells

Phase 6 BUFG optimization
Phase 6 BUFG optimization | Checksum: 259840387

Time (s): cpu = 00:00:00.03 ; elapsed = 00:00:00.04 . Memory (MB): peak = 2786.504 ; gain = 32.016 ; free physical = 2346 ; free virtual = 12034
BUFG optimization | Checksum: 259840387
INFO: [Opt 31-662] Phase BUFG optimization created 0 cells of which 0 are BUFGs and removed 0 cells.

Phase 7 Shift Register Optimization
INFO: [Opt 31-1064] SRL Remap converted 0 SRLs to 0 registers and converted 0 registers of register chains to 0 SRLs
Phase 7 Shift Register Optimization | Checksum: 259840387

Time (s): cpu = 00:00:00.03 ; elapsed = 00:00:00.04 . Memory (MB): peak = 2786.504 ; gain = 32.016 ; free physical = 2346 ; free virtual = 12034
Shift Register Optimization | Checksum: 259840387
INFO: [Opt 31-389] Phase Shift Register Optimization created 0 cells and removed 0 cells

Phase 8 Post Processing Netlist
Phase 8 Post Processing Netlist | Checksum: 259840387

Time (s): cpu = 00:00:00.03 ; elapsed = 00:00:00.04 . Memory (MB): peak = 2786.504 ; gain = 32.016 ; free physical = 2346 ; free virtual = 12034
Post Processing Netlist | Checksum: 259840387
INFO: [Opt 31-389] Phase Post Processing Netlist created 0 cells and removed 0 cells

Phase 9 Finalization

Phase 9.1 Finalizing Design Cores and Updating Shapes
Phase 9.1 Finalizing Design Cores and Updating Shapes | Checksum: 292fb48fb

Time (s): cpu = 00:00:00.04 ; elapsed = 00:00:00.05 . Memory (MB): peak = 2786.504 ; gain = 32.016 ; free physical = 2346 ; free virtual = 12034

Phase 9.2 Verifying Netlist Connectivity

Starting Connectivity Check Task

Time (s): cpu = 00:00:00 ; elapsed = 00:00:00 . Memory (MB): peak = 2786.504 ; gain = 0.000 ; free physical = 2346 ; free virtual = 12034
Phase 9.2 Verifying Netlist Connectivity | Checksum: 292fb48fb

Time (s): cpu = 00:00:00.04 ; elapsed = 00:00:00.05 . Memory (MB): peak = 2786.504 ; gain = 32.016 ; free physical = 2346 ; free virtual = 12034
Phase 9 Finalization | Checksum: 292fb48fb

Time (s): cpu = 00:00:00.04 ; elapsed = 00:00:00.05 . Memory (MB): peak = 2786.504 ; gain = 32.016 ; free physical = 2346 ; free virtual = 12034
Opt_design Change Summary
=========================


-------------------------------------------------------------------------------------------------------------------------
|  Phase                        |  #Cells created  |  #Cells Removed  |  #Constrained objects preventing optimizations  |
-------------------------------------------------------------------------------------------------------------------------
|  Retarget                     |               0  |               0  |                                              0  |
|  Constant propagation         |               0  |               0  |                                              0  |
|  Sweep                        |               7  |               0  |                                              0  |
|  BUFG optimization            |               0  |               0  |                                              0  |
|  Shift Register Optimization  |               0  |               0  |                                              0  |
|  Post Processing Netlist      |               0  |               0  |                                              0  |
-------------------------------------------------------------------------------------------------------------------------


Ending Logic Optimization Task | Checksum: 292fb48fb

Time (s): cpu = 00:00:00.04 ; elapsed = 00:00:00.05 . Memory (MB): peak = 2786.504 ; gain = 32.016 ; free physical = 2346 ; free virtual = 12034

Starting Power Optimization Task
INFO: [Pwropt 34-132] Skipping clock gating for clocks with a period < 2.00 ns.
Ending Power Optimization Task | Checksum: 292fb48fb

Time (s): cpu = 00:00:00.01 ; elapsed = 00:00:00.01 . Memory (MB): peak = 2786.504 ; gain = 0.000 ; free physical = 2346 ; free virtual = 12034

Starting Final Cleanup Task
Ending Final Cleanup Task | Checksum: 292fb48fb

Time (s): cpu = 00:00:00 ; elapsed = 00:00:00 . Memory (MB): peak = 2786.504 ; gain = 0.000 ; free physical = 2346 ; free virtual = 12034

Starting Netlist Obfuscation Task
Netlist sorting complete. Time (s): cpu = 00:00:00 ; elapsed = 00:00:00 . Memory (MB): peak = 2786.504 ; gain = 0.000 ; free physical = 2346 ; free virtual = 12034
Ending Netlist Obfuscation Task | Checksum: 292fb48fb

Time (s): cpu = 00:00:00 ; elapsed = 00:00:00 . Memory (MB): peak = 2786.504 ; gain = 0.000 ; free physical = 2346 ; free virtual = 12034
INFO: [Common 17-83] Releasing license: Implementation
27 Infos, 0 Warnings, 0 Critical Warnings and 0 Errors encountered.
opt_design completed successfully
opt_design: Time (s): cpu = 00:00:12 ; elapsed = 00:00:11 . Memory (MB): peak = 2786.504 ; gain = 889.453 ; free physical = 2346 ; free virtual = 12034
INFO: [Vivado 12-24828] Executing command : report_drc -file btn_led_blink_drc_opted.rpt -pb btn_led_blink_drc_opted.pb -rpx btn_led_blink_drc_opted.rpx
Command: report_drc -file btn_led_blink_drc_opted.rpt -pb btn_led_blink_drc_opted.pb -rpx btn_led_blink_drc_opted.rpx
INFO: [IP_Flow 19-234] Refreshing IP repositories
INFO: [IP_Flow 19-1704] No user IP repositories specified
INFO: [IP_Flow 19-2313] Loaded Vivado IP repository '/home/psh/tools/Vivado/2024.2/data/ip'.
INFO: [DRC 23-27] Running DRC with 8 threads
INFO: [Vivado_Tcl 2-168] The results of DRC are in file /home/psh/work/project_3/project_3.runs/impl_1/btn_led_blink_drc_opted.rpt.
report_drc completed successfully
INFO: [Timing 38-480] Writing timing data to binary archive.
Write ShapeDB Complete: Time (s): cpu = 00:00:00 ; elapsed = 00:00:00 . Memory (MB): peak = 2796.410 ; gain = 0.000 ; free physical = 2315 ; free virtual = 12003
Wrote PlaceDB: Time (s): cpu = 00:00:00.01 ; elapsed = 00:00:00 . Memory (MB): peak = 2796.410 ; gain = 0.000 ; free physical = 2315 ; free virtual = 12003
Wrote PulsedLatchDB: Time (s): cpu = 00:00:00 ; elapsed = 00:00:00 . Memory (MB): peak = 2796.410 ; gain = 0.000 ; free physical = 2315 ; free virtual = 12003
Writing XDEF routing.
Writing XDEF routing logical nets.
Writing XDEF routing special nets.
Wrote RouteStorage: Time (s): cpu = 00:00:00.03 ; elapsed = 00:00:00.01 . Memory (MB): peak = 2796.410 ; gain = 0.000 ; free physical = 2315 ; free virtual = 12003
Wrote Netlist Cache: Time (s): cpu = 00:00:00 ; elapsed = 00:00:00 . Memory (MB): peak = 2796.410 ; gain = 0.000 ; free physical = 2315 ; free virtual = 12003
Wrote Device Cache: Time (s): cpu = 00:00:00 ; elapsed = 00:00:00 . Memory (MB): peak = 2796.410 ; gain = 0.000 ; free physical = 2314 ; free virtual = 12003
Write Physdb Complete: Time (s): cpu = 00:00:00.05 ; elapsed = 00:00:00.01 . Memory (MB): peak = 2796.410 ; gain = 0.000 ; free physical = 2314 ; free virtual = 12003
INFO: [Common 17-1381] The checkpoint '/home/psh/work/project_3/project_3.runs/impl_1/btn_led_blink_opt.dcp' has been generated.
Command: place_design
Attempting to get a license for feature 'Implementation' and/or device 'xc7a35t'
INFO: [Common 17-349] Got license for feature 'Implementation' and/or device 'xc7a35t'
INFO: [Common 17-83] Releasing license: Implementation
INFO: [DRC 23-27] Running DRC with 8 threads
INFO: [Vivado_Tcl 4-198] DRC finished with 0 Errors
INFO: [Vivado_Tcl 4-199] Please refer to the DRC report (report_drc) for more information.
Running DRC as a precondition to command place_design
INFO: [DRC 23-27] Running DRC with 8 threads
INFO: [Vivado_Tcl 4-198] DRC finished with 0 Errors
INFO: [Vivado_Tcl 4-199] Please refer to the DRC report (report_drc) for more information.
INFO: [Place 30-611] Multithreading enabled for place_design using a maximum of 8 CPUs

Starting Placer Task

Phase 1 Placer Initialization

Phase 1.1 Placer Initialization Netlist Sorting
Netlist sorting complete. Time (s): cpu = 00:00:00 ; elapsed = 00:00:00 . Memory (MB): peak = 2834.137 ; gain = 0.000 ; free physical = 2263 ; free virtual = 11951
Phase 1.1 Placer Initialization Netlist Sorting | Checksum: 1c209c68a

Time (s): cpu = 00:00:00 ; elapsed = 00:00:00 . Memory (MB): peak = 2834.137 ; gain = 0.000 ; free physical = 2263 ; free virtual = 11951
Netlist sorting complete. Time (s): cpu = 00:00:00 ; elapsed = 00:00:00 . Memory (MB): peak = 2834.137 ; gain = 0.000 ; free physical = 2263 ; free virtual = 11951

Phase 1.2 IO Placement/ Clock Placement/ Build Placer Device
INFO: [Timing 38-35] Done setting XDC timing constraints.
Phase 1.2 IO Placement/ Clock Placement/ Build Placer Device | Checksum: 1aa27139f

Time (s): cpu = 00:00:00.48 ; elapsed = 00:00:00.22 . Memory (MB): peak = 2834.137 ; gain = 0.000 ; free physical = 2248 ; free virtual = 11942

Phase 1.3 Build Placer Netlist Model
Phase 1.3 Build Placer Netlist Model | Checksum: 24d88fd8d

Time (s): cpu = 00:00:00.88 ; elapsed = 00:00:00.31 . Memory (MB): peak = 2866.152 ; gain = 32.016 ; free physical = 2248 ; free virtual = 11941

Phase 1.4 Constrain Clocks/Macros
Phase 1.4 Constrain Clocks/Macros | Checksum: 24d88fd8d

Time (s): cpu = 00:00:00.89 ; elapsed = 00:00:00.31 . Memory (MB): peak = 2866.152 ; gain = 32.016 ; free physical = 2248 ; free virtual = 11941
Phase 1 Placer Initialization | Checksum: 24d88fd8d

Time (s): cpu = 00:00:00.89 ; elapsed = 00:00:00.32 . Memory (MB): peak = 2866.152 ; gain = 32.016 ; free physical = 2248 ; free virtual = 11941

Phase 2 Global Placement

Phase 2.1 Floorplanning
Phase 2.1 Floorplanning | Checksum: 23dce5686

Time (s): cpu = 00:00:01 ; elapsed = 00:00:00.36 . Memory (MB): peak = 2866.152 ; gain = 32.016 ; free physical = 2248 ; free virtual = 11941

Phase 2.2 Update Timing before SLR Path Opt
Phase 2.2 Update Timing before SLR Path Opt | Checksum: 1fb72a425

Time (s): cpu = 00:00:01 ; elapsed = 00:00:00.38 . Memory (MB): peak = 2866.152 ; gain = 32.016 ; free physical = 2248 ; free virtual = 11941

Phase 2.3 Post-Processing in Floorplanning
Phase 2.3 Post-Processing in Floorplanning | Checksum: 1fb72a425

Time (s): cpu = 00:00:01 ; elapsed = 00:00:00.38 . Memory (MB): peak = 2866.152 ; gain = 32.016 ; free physical = 2248 ; free virtual = 11941

Phase 2.4 Global Place Phase1
Phase 2.4 Global Place Phase1 | Checksum: 21d0109d6

Time (s): cpu = 00:00:03 ; elapsed = 00:00:00.72 . Memory (MB): peak = 2866.152 ; gain = 32.016 ; free physical = 2272 ; free virtual = 11967

Phase 2.5 Global Place Phase2

Phase 2.5.1 UpdateTiming Before Physical Synthesis
Phase 2.5.1 UpdateTiming Before Physical Synthesis | Checksum: 204d4256b

Time (s): cpu = 00:00:03 ; elapsed = 00:00:00.75 . Memory (MB): peak = 2866.152 ; gain = 32.016 ; free physical = 2271 ; free virtual = 11966

Phase 2.5.2 Physical Synthesis In Placer
INFO: [Physopt 32-1035] Found 0 LUTNM shape to break, 2 LUT instances to create LUTNM shape
INFO: [Physopt 32-1044] Break lutnm for timing: one critical 0, two critical 0, total 0, new lutff created 0
INFO: [Physopt 32-1138] End 1 Pass. Optimized 1 net or LUT. Breaked 0 LUT, combined 1 existing LUT and moved 0 existing LUT
INFO: [Physopt 32-65] No nets found for high-fanout optimization.
INFO: [Physopt 32-232] Optimized 0 net. Created 0 new instance.
INFO: [Physopt 32-775] End 1 Pass. Optimized 0 net or cell. Created 0 new cell, deleted 0 existing cell and moved 0 existing cell
INFO: [Physopt 32-670] No setup violation found.  DSP Register Optimization was not performed.
INFO: [Physopt 32-670] No setup violation found.  Shift Register to Pipeline Optimization was not performed.
INFO: [Physopt 32-670] No setup violation found.  Shift Register Optimization was not performed.
INFO: [Physopt 32-670] No setup violation found.  BRAM Register Optimization was not performed.
INFO: [Physopt 32-670] No setup violation found.  URAM Register Optimization was not performed.
INFO: [Physopt 32-949] No candidate nets found for dynamic/static region interface net replication
INFO: [Physopt 32-775] End 1 Pass. Optimized 0 net or cell. Created 0 new cell, deleted 0 existing cell and moved 0 existing cell
Netlist sorting complete. Time (s): cpu = 00:00:00 ; elapsed = 00:00:00 . Memory (MB): peak = 2866.152 ; gain = 0.000 ; free physical = 2269 ; free virtual = 11965

Summary of Physical Synthesis Optimizations
============================================


-----------------------------------------------------------------------------------------------------------------------------------------------------------
|  Optimization                                     |  Added Cells  |  Removed Cells  |  Optimized Cells/Nets  |  Dont Touch  |  Iterations  |  Elapsed   |
-----------------------------------------------------------------------------------------------------------------------------------------------------------
|  LUT Combining                                    |            0  |              1  |                     1  |           0  |           1  |  00:00:00  |
|  Retime                                           |            0  |              0  |                     0  |           0  |           1  |  00:00:00  |
|  Very High Fanout                                 |            0  |              0  |                     0  |           0  |           1  |  00:00:00  |
|  DSP Register                                     |            0  |              0  |                     0  |           0  |           0  |  00:00:00  |
|  Shift Register to Pipeline                       |            0  |              0  |                     0  |           0  |           0  |  00:00:00  |
|  Shift Register                                   |            0  |              0  |                     0  |           0  |           0  |  00:00:00  |
|  BRAM Register                                    |            0  |              0  |                     0  |           0  |           0  |  00:00:00  |
|  URAM Register                                    |            0  |              0  |                     0  |           0  |           0  |  00:00:00  |
|  Dynamic/Static Region Interface Net Replication  |            0  |              0  |                     0  |           0  |           1  |  00:00:00  |
|  Total                                            |            0  |              1  |                     1  |           0  |           4  |  00:00:00  |
-----------------------------------------------------------------------------------------------------------------------------------------------------------


Phase 2.5.2 Physical Synthesis In Placer | Checksum: 1f826dc73

Time (s): cpu = 00:00:04 ; elapsed = 00:00:01 . Memory (MB): peak = 2866.152 ; gain = 32.016 ; free physical = 2269 ; free virtual = 11966
Phase 2.5 Global Place Phase2 | Checksum: 23fcbe934

Time (s): cpu = 00:00:04 ; elapsed = 00:00:01 . Memory (MB): peak = 2866.152 ; gain = 32.016 ; free physical = 2267 ; free virtual = 11965
Phase 2 Global Placement | Checksum: 23fcbe934

Time (s): cpu = 00:00:04 ; elapsed = 00:00:01 . Memory (MB): peak = 2866.152 ; gain = 32.016 ; free physical = 2267 ; free virtual = 11965

Phase 3 Detail Placement

Phase 3.1 Commit Multi Column Macros
Phase 3.1 Commit Multi Column Macros | Checksum: 1e6906176

Time (s): cpu = 00:00:04 ; elapsed = 00:00:01 . Memory (MB): peak = 2866.152 ; gain = 32.016 ; free physical = 2267 ; free virtual = 11965

Phase 3.2 Commit Most Macros & LUTRAMs
Phase 3.2 Commit Most Macros & LUTRAMs | Checksum: 2abd5031d

Time (s): cpu = 00:00:04 ; elapsed = 00:00:01 . Memory (MB): peak = 2866.152 ; gain = 32.016 ; free physical = 2267 ; free virtual = 11964

Phase 3.3 Area Swap Optimization
Phase 3.3 Area Swap Optimization | Checksum: 25e7ace15

Time (s): cpu = 00:00:04 ; elapsed = 00:00:01 . Memory (MB): peak = 2866.152 ; gain = 32.016 ; free physical = 2267 ; free virtual = 11964

Phase 3.4 Pipeline Register Optimization
Phase 3.4 Pipeline Register Optimization | Checksum: 2b65384f0

Time (s): cpu = 00:00:04 ; elapsed = 00:00:01 . Memory (MB): peak = 2866.152 ; gain = 32.016 ; free physical = 2267 ; free virtual = 11964

Phase 3.5 Small Shape Detail Placement
Phase 3.5 Small Shape Detail Placement | Checksum: 2974924c8

Time (s): cpu = 00:00:05 ; elapsed = 00:00:01 . Memory (MB): peak = 2866.152 ; gain = 32.016 ; free physical = 2266 ; free virtual = 11963

Phase 3.6 Re-assign LUT pins
Phase 3.6 Re-assign LUT pins | Checksum: 2bd0ec56b

Time (s): cpu = 00:00:05 ; elapsed = 00:00:01 . Memory (MB): peak = 2866.152 ; gain = 32.016 ; free physical = 2266 ; free virtual = 11963

Phase 3.7 Pipeline Register Optimization
Phase 3.7 Pipeline Register Optimization | Checksum: 255257e46

Time (s): cpu = 00:00:05 ; elapsed = 00:00:01 . Memory (MB): peak = 2866.152 ; gain = 32.016 ; free physical = 2266 ; free virtual = 11963
Phase 3 Detail Placement | Checksum: 255257e46

Time (s): cpu = 00:00:05 ; elapsed = 00:00:01 . Memory (MB): peak = 2866.152 ; gain = 32.016 ; free physical = 2266 ; free virtual = 11963

Phase 4 Post Placement Optimization and Clean-Up

Phase 4.1 Post Commit Optimization
INFO: [Timing 38-35] Done setting XDC timing constraints.

Phase 4.1.1 Post Placement Optimization
Post Placement Optimization Initialization | Checksum: 1db91e8bf

Phase 4.1.1.1 BUFG Insertion

Starting Physical Synthesis Task

Phase 1 Physical Synthesis Initialization
INFO: [Physopt 32-721] Multithreading enabled for phys_opt_design using a maximum of 8 CPUs
INFO: [Physopt 32-619] Estimated Timing Summary | WNS=6.378 | TNS=0.000 |
Phase 1 Physical Synthesis Initialization | Checksum: 1426fb056

Time (s): cpu = 00:00:00.02 ; elapsed = 00:00:00.01 . Memory (MB): peak = 2866.152 ; gain = 0.000 ; free physical = 2266 ; free virtual = 11963
INFO: [Place 46-56] BUFG insertion identified 0 candidate nets. Inserted BUFG: 0, Replicated BUFG Driver: 0, Skipped due to Placement/Routing Conflicts: 0, Skipped due to Timing Degradation: 0, Skipped due to netlist editing failed: 0.
Ending Physical Synthesis Task | Checksum: 2a3f2c59e

Time (s): cpu = 00:00:00.02 ; elapsed = 00:00:00.01 . Memory (MB): peak = 2866.152 ; gain = 0.000 ; free physical = 2266 ; free virtual = 11963
Phase 4.1.1.1 BUFG Insertion | Checksum: 1db91e8bf

Time (s): cpu = 00:00:05 ; elapsed = 00:00:01 . Memory (MB): peak = 2866.152 ; gain = 32.016 ; free physical = 2266 ; free virtual = 11963

Phase 4.1.1.2 Post Placement Timing Optimization
INFO: [Place 30-746] Post Placement Timing Summary WNS=6.378. For the most accurate timing information please run report_timing.
Phase 4.1.1.2 Post Placement Timing Optimization | Checksum: 293de4880

Time (s): cpu = 00:00:05 ; elapsed = 00:00:01 . Memory (MB): peak = 2866.152 ; gain = 32.016 ; free physical = 2266 ; free virtual = 11963

Time (s): cpu = 00:00:05 ; elapsed = 00:00:01 . Memory (MB): peak = 2866.152 ; gain = 32.016 ; free physical = 2266 ; free virtual = 11963
Phase 4.1 Post Commit Optimization | Checksum: 293de4880

Time (s): cpu = 00:00:05 ; elapsed = 00:00:01 . Memory (MB): peak = 2866.152 ; gain = 32.016 ; free physical = 2266 ; free virtual = 11963

Phase 4.2 Post Placement Cleanup
Phase 4.2 Post Placement Cleanup | Checksum: 293de4880

Time (s): cpu = 00:00:05 ; elapsed = 00:00:01 . Memory (MB): peak = 2866.152 ; gain = 32.016 ; free physical = 2266 ; free virtual = 11963

Phase 4.3 Placer Reporting

Phase 4.3.1 Print Estimated Congestion
INFO: [Place 30-612] Post-Placement Estimated Congestion 
 ____________________________________________________
|           | Global Congestion | Short Congestion  |
| Direction | Region Size       | Region Size       |
|___________|___________________|___________________|
|      North|                1x1|                1x1|
|___________|___________________|___________________|
|      South|                1x1|                1x1|
|___________|___________________|___________________|
|       East|                1x1|                1x1|
|___________|___________________|___________________|
|       West|                1x1|                1x1|
|___________|___________________|___________________|

Phase 4.3.1 Print Estimated Congestion | Checksum: 293de4880

Time (s): cpu = 00:00:06 ; elapsed = 00:00:01 . Memory (MB): peak = 2866.152 ; gain = 32.016 ; free physical = 2266 ; free virtual = 11963
Phase 4.3 Placer Reporting | Checksum: 293de4880

Time (s): cpu = 00:00:06 ; elapsed = 00:00:01 . Memory (MB): peak = 2866.152 ; gain = 32.016 ; free physical = 2266 ; free virtual = 11963

Phase 4.4 Final Placement Cleanup
Netlist sorting complete. Time (s): cpu = 00:00:00 ; elapsed = 00:00:00 . Memory (MB): peak = 2866.152 ; gain = 0.000 ; free physical = 2266 ; free virtual = 11963

Time (s): cpu = 00:00:06 ; elapsed = 00:00:01 . Memory (MB): peak = 2866.152 ; gain = 32.016 ; free physical = 2266 ; free virtual = 11963
Phase 4 Post Placement Optimization and Clean-Up | Checksum: 2ad1d711d

Time (s): cpu = 00:00:06 ; elapsed = 00:00:01 . Memory (MB): peak = 2866.152 ; gain = 32.016 ; free physical = 2266 ; free virtual = 11963
Ending Placer Task | Checksum: 1ec406bca

Time (s): cpu = 00:00:06 ; elapsed = 00:00:01 . Memory (MB): peak = 2866.152 ; gain = 32.016 ; free physical = 2266 ; free virtual = 11963
64 Infos, 0 Warnings, 0 Critical Warnings and 0 Errors encountered.
place_design completed successfully
INFO: [Vivado 12-24838] Running report commands "report_control_sets, report_io, report_utilization" in parallel.
Running report generation with 3 threads.
INFO: [Vivado 12-24828] Executing command : report_control_sets -verbose -file btn_led_blink_control_sets_placed.rpt
report_control_sets: Time (s): cpu = 00:00:00.04 ; elapsed = 00:00:00.08 . Memory (MB): peak = 2866.152 ; gain = 0.000 ; free physical = 2255 ; free virtual = 11953
INFO: [Vivado 12-24828] Executing command : report_utilization -file btn_led_blink_utilization_placed.rpt -pb btn_led_blink_utilization_placed.pb
INFO: [Vivado 12-24828] Executing command : report_io -file btn_led_blink_io_placed.rpt
report_io: Time (s): cpu = 00:00:00.12 ; elapsed = 00:00:00.15 . Memory (MB): peak = 2866.152 ; gain = 0.000 ; free physical = 2234 ; free virtual = 11933
INFO: [Timing 38-480] Writing timing data to binary archive.
Write ShapeDB Complete: Time (s): cpu = 00:00:00 ; elapsed = 00:00:00 . Memory (MB): peak = 2866.152 ; gain = 0.000 ; free physical = 2234 ; free virtual = 11933
Wrote PlaceDB: Time (s): cpu = 00:00:00.02 ; elapsed = 00:00:00.01 . Memory (MB): peak = 2866.152 ; gain = 0.000 ; free physical = 2234 ; free virtual = 11933
Wrote PulsedLatchDB: Time (s): cpu = 00:00:00 ; elapsed = 00:00:00 . Memory (MB): peak = 2866.152 ; gain = 0.000 ; free physical = 2234 ; free virtual = 11933
Writing XDEF routing.
Writing XDEF routing logical nets.
Writing XDEF routing special nets.
Wrote RouteStorage: Time (s): cpu = 00:00:00.02 ; elapsed = 00:00:00.02 . Memory (MB): peak = 2866.152 ; gain = 0.000 ; free physical = 2234 ; free virtual = 11933
Wrote Netlist Cache: Time (s): cpu = 00:00:00 ; elapsed = 00:00:00 . Memory (MB): peak = 2866.152 ; gain = 0.000 ; free physical = 2234 ; free virtual = 11933
Wrote Device Cache: Time (s): cpu = 00:00:00.01 ; elapsed = 00:00:00 . Memory (MB): peak = 2866.152 ; gain = 0.000 ; free physical = 2234 ; free virtual = 11934
Write Physdb Complete: Time (s): cpu = 00:00:00.05 ; elapsed = 00:00:00.03 . Memory (MB): peak = 2866.152 ; gain = 0.000 ; free physical = 2234 ; free virtual = 11934
INFO: [Common 17-1381] The checkpoint '/home/psh/work/project_3/project_3.runs/impl_1/btn_led_blink_placed.dcp' has been generated.
Command: phys_opt_design
Attempting to get a license for feature 'Implementation' and/or device 'xc7a35t'
INFO: [Common 17-349] Got license for feature 'Implementation' and/or device 'xc7a35t'

Starting Initial Update Timing Task

Time (s): cpu = 00:00:00.02 ; elapsed = 00:00:00.03 . Memory (MB): peak = 2866.152 ; gain = 0.000 ; free physical = 2220 ; free virtual = 11920
INFO: [Vivado_Tcl 4-2279] Estimated Timing Summary | WNS= 6.378 | TNS= 0.000 | 
INFO: [Vivado_Tcl 4-383] Design worst setup slack (WNS) is greater than or equal to 0.000 ns. All physical synthesis setup optimizations will be skipped.
INFO: [Vivado_Tcl 4-232] No setup violation found. The netlist was not modified.
INFO: [Common 17-83] Releasing license: Implementation
75 Infos, 0 Warnings, 0 Critical Warnings and 0 Errors encountered.
phys_opt_design completed successfully
INFO: [Timing 38-480] Writing timing data to binary archive.
Write ShapeDB Complete: Time (s): cpu = 00:00:00 ; elapsed = 00:00:00 . Memory (MB): peak = 2866.152 ; gain = 0.000 ; free physical = 2220 ; free virtual = 11920
Wrote PlaceDB: Time (s): cpu = 00:00:00.02 ; elapsed = 00:00:00 . Memory (MB): peak = 2866.152 ; gain = 0.000 ; free physical = 2220 ; free virtual = 11920
Wrote PulsedLatchDB: Time (s): cpu = 00:00:00 ; elapsed = 00:00:00 . Memory (MB): peak = 2866.152 ; gain = 0.000 ; free physical = 2220 ; free virtual = 11920
Writing XDEF routing.
Writing XDEF routing logical nets.
Writing XDEF routing special nets.
Wrote RouteStorage: Time (s): cpu = 00:00:00.03 ; elapsed = 00:00:00.02 . Memory (MB): peak = 2866.152 ; gain = 0.000 ; free physical = 2220 ; free virtual = 11920
Wrote Netlist Cache: Time (s): cpu = 00:00:00 ; elapsed = 00:00:00 . Memory (MB): peak = 2866.152 ; gain = 0.000 ; free physical = 2220 ; free virtual = 11920
Wrote Device Cache: Time (s): cpu = 00:00:00 ; elapsed = 00:00:00 . Memory (MB): peak = 2866.152 ; gain = 0.000 ; free physical = 2220 ; free virtual = 11920
Write Physdb Complete: Time (s): cpu = 00:00:00.06 ; elapsed = 00:00:00.02 . Memory (MB): peak = 2866.152 ; gain = 0.000 ; free physical = 2220 ; free virtual = 11920
INFO: [Common 17-1381] The checkpoint '/home/psh/work/project_3/project_3.runs/impl_1/btn_led_blink_physopt.dcp' has been generated.
Command: route_design
Attempting to get a license for feature 'Implementation' and/or device 'xc7a35t'
INFO: [Common 17-349] Got license for feature 'Implementation' and/or device 'xc7a35t'


Starting Routing Task
INFO: [Route 35-254] Multithreading enabled for route_design using a maximum of 8 CPUs

Phase 1 Build RT Design
Checksum: PlaceDB: c9925e83 ConstDB: 0 ShapeSum: 822cb0f0 RouteDB: a0815c57
Post Restoration Checksum: NetGraph: 583c3ff2 | NumContArr: 89b66d1a | Constraints: c2a8fa9d | Timing: c2a8fa9d
Phase 1 Build RT Design | Checksum: 26744a246

Time (s): cpu = 00:00:21 ; elapsed = 00:00:19 . Memory (MB): peak = 2947.070 ; gain = 80.918 ; free physical = 2102 ; free virtual = 11792

Phase 2 Router Initialization

Phase 2.1 Fix Topology Constraints
Phase 2.1 Fix Topology Constraints | Checksum: 26744a246

Time (s): cpu = 00:00:21 ; elapsed = 00:00:19 . Memory (MB): peak = 2947.070 ; gain = 80.918 ; free physical = 2102 ; free virtual = 11792

Phase 2.2 Pre Route Cleanup
Phase 2.2 Pre Route Cleanup | Checksum: 26744a246

Time (s): cpu = 00:00:21 ; elapsed = 00:00:19 . Memory (MB): peak = 2947.070 ; gain = 80.918 ; free physical = 2102 ; free virtual = 11792
 Number of Nodes with overlaps = 0

Phase 2.3 Update Timing
Phase 2.3 Update Timing | Checksum: 23755d2d7

Time (s): cpu = 00:00:22 ; elapsed = 00:00:19 . Memory (MB): peak = 2972.070 ; gain = 105.918 ; free physical = 2078 ; free virtual = 11768
INFO: [Route 35-416] Intermediate Timing Summary | WNS=6.284  | TNS=0.000  | WHS=-0.044 | THS=-0.541 |


Router Utilization Summary
  Global Vertical Routing Utilization    = 0 %
  Global Horizontal Routing Utilization  = 0 %
  Routable Net Status*
  *Does not include unroutable nets such as driverless and loadless.
  Run report_route_status for detailed report.
  Number of Failed Nets               = 97
    (Failed Nets is the sum of unrouted and partially routed nets)
  Number of Unrouted Nets             = 97
  Number of Partially Routed Nets     = 0
  Number of Node Overlaps             = 0

Phase 2 Router Initialization | Checksum: 2c24537e0

Time (s): cpu = 00:00:22 ; elapsed = 00:00:19 . Memory (MB): peak = 2972.070 ; gain = 105.918 ; free physical = 2078 ; free virtual = 11768

Phase 3 Global Routing
Phase 3 Global Routing | Checksum: 2c24537e0

Time (s): cpu = 00:00:22 ; elapsed = 00:00:19 . Memory (MB): peak = 2972.070 ; gain = 105.918 ; free physical = 2078 ; free virtual = 11768

Phase 4 Initial Routing

Phase 4.1 Initial Net Routing Pass
Phase 4.1 Initial Net Routing Pass | Checksum: 2b292f98a

Time (s): cpu = 00:00:22 ; elapsed = 00:00:19 . Memory (MB): peak = 2972.070 ; gain = 105.918 ; free physical = 2077 ; free virtual = 11767
Phase 4 Initial Routing | Checksum: 2b292f98a

Time (s): cpu = 00:00:22 ; elapsed = 00:00:19 . Memory (MB): peak = 2972.070 ; gain = 105.918 ; free physical = 2077 ; free virtual = 11767

Phase 5 Rip-up And Reroute

Phase 5.1 Global Iteration 0
 Number of Nodes with overlaps = 6
 Number of Nodes with overlaps = 0
INFO: [Route 35-416] Intermediate Timing Summary | WNS=5.991  | TNS=0.000  | WHS=N/A    | THS=N/A    |

Phase 5.1 Global Iteration 0 | Checksum: 2627eda29

Time (s): cpu = 00:00:22 ; elapsed = 00:00:19 . Memory (MB): peak = 2972.070 ; gain = 105.918 ; free physical = 2077 ; free virtual = 11767
Phase 5 Rip-up And Reroute | Checksum: 2627eda29

Time (s): cpu = 00:00:22 ; elapsed = 00:00:19 . Memory (MB): peak = 2972.070 ; gain = 105.918 ; free physical = 2077 ; free virtual = 11767

Phase 6 Delay and Skew Optimization

Phase 6.1 Delay CleanUp

Phase 6.1.1 Update Timing
Phase 6.1.1 Update Timing | Checksum: 23d0ee967

Time (s): cpu = 00:00:22 ; elapsed = 00:00:19 . Memory (MB): peak = 2972.070 ; gain = 105.918 ; free physical = 2077 ; free virtual = 11767
INFO: [Route 35-416] Intermediate Timing Summary | WNS=6.084  | TNS=0.000  | WHS=N/A    | THS=N/A    |

Phase 6.1 Delay CleanUp | Checksum: 23d0ee967

Time (s): cpu = 00:00:22 ; elapsed = 00:00:19 . Memory (MB): peak = 2972.070 ; gain = 105.918 ; free physical = 2077 ; free virtual = 11767

Phase 6.2 Clock Skew Optimization
Phase 6.2 Clock Skew Optimization | Checksum: 23d0ee967

Time (s): cpu = 00:00:22 ; elapsed = 00:00:19 . Memory (MB): peak = 2972.070 ; gain = 105.918 ; free physical = 2077 ; free virtual = 11767
Phase 6 Delay and Skew Optimization | Checksum: 23d0ee967

Time (s): cpu = 00:00:22 ; elapsed = 00:00:19 . Memory (MB): peak = 2972.070 ; gain = 105.918 ; free physical = 2077 ; free virtual = 11767

Phase 7 Post Hold Fix

Phase 7.1 Hold Fix Iter
INFO: [Route 35-416] Intermediate Timing Summary | WNS=6.084  | TNS=0.000  | WHS=0.213  | THS=0.000  |

Phase 7.1 Hold Fix Iter | Checksum: 29428f3fa

Time (s): cpu = 00:00:22 ; elapsed = 00:00:19 . Memory (MB): peak = 2972.070 ; gain = 105.918 ; free physical = 2077 ; free virtual = 11759
Phase 7 Post Hold Fix | Checksum: 29428f3fa

Time (s): cpu = 00:00:22 ; elapsed = 00:00:19 . Memory (MB): peak = 2972.070 ; gain = 105.918 ; free physical = 2077 ; free virtual = 11759

Phase 8 Route finalize

Router Utilization Summary
  Global Vertical Routing Utilization    = 0.0218449 %
  Global Horizontal Routing Utilization  = 0.0118428 %
  Routable Net Status*
  *Does not include unroutable nets such as driverless and loadless.
  Run report_route_status for detailed report.
  Number of Failed Nets               = 0
    (Failed Nets is the sum of unrouted and partially routed nets)
  Number of Unrouted Nets             = 0
  Number of Partially Routed Nets     = 0
  Number of Node Overlaps             = 0

Phase 8 Route finalize | Checksum: 29428f3fa

Time (s): cpu = 00:00:22 ; elapsed = 00:00:19 . Memory (MB): peak = 2972.070 ; gain = 105.918 ; free physical = 2077 ; free virtual = 11759

Phase 9 Verifying routed nets

 Verification completed successfully
Phase 9 Verifying routed nets | Checksum: 29428f3fa

Time (s): cpu = 00:00:22 ; elapsed = 00:00:19 . Memory (MB): peak = 2972.070 ; gain = 105.918 ; free physical = 2077 ; free virtual = 11759

Phase 10 Depositing Routes
Phase 10 Depositing Routes | Checksum: 294c85078

Time (s): cpu = 00:00:22 ; elapsed = 00:00:19 . Memory (MB): peak = 2972.070 ; gain = 105.918 ; free physical = 2077 ; free virtual = 11759

Phase 11 Post Process Routing
Phase 11 Post Process Routing | Checksum: 294c85078

Time (s): cpu = 00:00:22 ; elapsed = 00:00:19 . Memory (MB): peak = 2972.070 ; gain = 105.918 ; free physical = 2077 ; free virtual = 11759

Phase 12 Post Router Timing
INFO: [Route 35-57] Estimated Timing Summary | WNS=6.084  | TNS=0.000  | WHS=0.213  | THS=0.000  |

INFO: [Route 35-327] The final timing numbers are based on the router estimated timing analysis. For a complete and accurate timing signoff, please run report_timing_summary.
Phase 12 Post Router Timing | Checksum: 294c85078

Time (s): cpu = 00:00:22 ; elapsed = 00:00:19 . Memory (MB): peak = 2972.070 ; gain = 105.918 ; free physical = 2077 ; free virtual = 11759
Total Elapsed time in route_design: 19.05 secs

Phase 13 Post-Route Event Processing
Phase 13 Post-Route Event Processing | Checksum: 1de7a7e1d

Time (s): cpu = 00:00:22 ; elapsed = 00:00:19 . Memory (MB): peak = 2972.070 ; gain = 105.918 ; free physical = 2077 ; free virtual = 11759
INFO: [Route 35-16] Router Completed Successfully
Ending Routing Task | Checksum: 1de7a7e1d

Time (s): cpu = 00:00:22 ; elapsed = 00:00:19 . Memory (MB): peak = 2972.070 ; gain = 105.918 ; free physical = 2077 ; free virtual = 11759

Routing Is Done.
INFO: [Common 17-83] Releasing license: Implementation
87 Infos, 0 Warnings, 0 Critical Warnings and 0 Errors encountered.
route_design completed successfully
route_design: Time (s): cpu = 00:00:22 ; elapsed = 00:00:19 . Memory (MB): peak = 2972.070 ; gain = 105.918 ; free physical = 2077 ; free virtual = 11759
INFO: [Vivado 12-24828] Executing command : report_drc -file btn_led_blink_drc_routed.rpt -pb btn_led_blink_drc_routed.pb -rpx btn_led_blink_drc_routed.rpx
Command: report_drc -file btn_led_blink_drc_routed.rpt -pb btn_led_blink_drc_routed.pb -rpx btn_led_blink_drc_routed.rpx
INFO: [IP_Flow 19-1839] IP Catalog is up to date.
INFO: [DRC 23-27] Running DRC with 8 threads
INFO: [Vivado_Tcl 2-168] The results of DRC are in file /home/psh/work/project_3/project_3.runs/impl_1/btn_led_blink_drc_routed.rpt.
report_drc completed successfully
INFO: [Vivado 12-24828] Executing command : report_methodology -file btn_led_blink_methodology_drc_routed.rpt -pb btn_led_blink_methodology_drc_routed.pb -rpx btn_led_blink_methodology_drc_routed.rpx
Command: report_methodology -file btn_led_blink_methodology_drc_routed.rpt -pb btn_led_blink_methodology_drc_routed.pb -rpx btn_led_blink_methodology_drc_routed.rpx
INFO: [Timing 38-35] Done setting XDC timing constraints.
INFO: [DRC 23-133] Running Methodology with 8 threads
INFO: [Vivado_Tcl 2-1520] The results of Report Methodology are in file /home/psh/work/project_3/project_3.runs/impl_1/btn_led_blink_methodology_drc_routed.rpt.
report_methodology completed successfully
INFO: [Vivado 12-24828] Executing command : report_timing_summary -max_paths 10 -report_unconstrained -file btn_led_blink_timing_summary_routed.rpt -pb btn_led_blink_timing_summary_routed.pb -rpx btn_led_blink_timing_summary_routed.rpx -warn_on_violation 
INFO: [Timing 38-35] Done setting XDC timing constraints.
INFO: [Timing 38-91] UpdateTimingParams: Speed grade: -1, Delay Type: min_max.
INFO: [Timing 38-191] Multithreading enabled for timing update using a maximum of 8 CPUs
INFO: [Vivado 12-24838] Running report commands "report_bus_skew, report_incremental_reuse, report_route_status" in parallel.
Running report generation with 3 threads.
INFO: [Vivado 12-24828] Executing command : report_route_status -file btn_led_blink_route_status.rpt -pb btn_led_blink_route_status.pb
INFO: [Vivado 12-24828] Executing command : report_incremental_reuse -file btn_led_blink_incremental_reuse_routed.rpt
INFO: [Vivado_Tcl 4-1062] Incremental flow is disabled. No incremental reuse Info to report.
INFO: [Vivado 12-24828] Executing command : report_bus_skew -warn_on_violation -file btn_led_blink_bus_skew_routed.rpt -pb btn_led_blink_bus_skew_routed.pb -rpx btn_led_blink_bus_skew_routed.rpx
INFO: [Timing 38-91] UpdateTimingParams: Speed grade: -1, Delay Type: min_max.
INFO: [Timing 38-191] Multithreading enabled for timing update using a maximum of 8 CPUs
INFO: [Vivado 12-24828] Executing command : report_power -file btn_led_blink_power_routed.rpt -pb btn_led_blink_power_summary_routed.pb -rpx btn_led_blink_power_routed.rpx
Command: report_power -file btn_led_blink_power_routed.rpt -pb btn_led_blink_power_summary_routed.pb -rpx btn_led_blink_power_routed.rpx
Running Vector-less Activity Propagation...

Finished Running Vector-less Activity Propagation
107 Infos, 0 Warnings, 0 Critical Warnings and 0 Errors encountered.
report_power completed successfully
INFO: [Vivado 12-24828] Executing command : report_clock_utilization -file btn_led_blink_clock_utilization_routed.rpt
INFO: [Timing 38-480] Writing timing data to binary archive.
Write ShapeDB Complete: Time (s): cpu = 00:00:00 ; elapsed = 00:00:00 . Memory (MB): peak = 3111.281 ; gain = 0.000 ; free physical = 1968 ; free virtual = 11675
Wrote PlaceDB: Time (s): cpu = 00:00:00.01 ; elapsed = 00:00:00 . Memory (MB): peak = 3111.281 ; gain = 0.000 ; free physical = 1968 ; free virtual = 11675
Wrote PulsedLatchDB: Time (s): cpu = 00:00:00 ; elapsed = 00:00:00 . Memory (MB): peak = 3111.281 ; gain = 0.000 ; free physical = 1968 ; free virtual = 11675
Writing XDEF routing.
Writing XDEF routing logical nets.
Writing XDEF routing special nets.
Wrote RouteStorage: Time (s): cpu = 00:00:00.02 ; elapsed = 00:00:00.02 . Memory (MB): peak = 3111.281 ; gain = 0.000 ; free physical = 1968 ; free virtual = 11675
Wrote Netlist Cache: Time (s): cpu = 00:00:00 ; elapsed = 00:00:00 . Memory (MB): peak = 3111.281 ; gain = 0.000 ; free physical = 1968 ; free virtual = 11675
Wrote Device Cache: Time (s): cpu = 00:00:00 ; elapsed = 00:00:00 . Memory (MB): peak = 3111.281 ; gain = 0.000 ; free physical = 1968 ; free virtual = 11675
Write Physdb Complete: Time (s): cpu = 00:00:00.05 ; elapsed = 00:00:00.02 . Memory (MB): peak = 3111.281 ; gain = 0.000 ; free physical = 1968 ; free virtual = 11675
INFO: [Common 17-1381] The checkpoint '/home/psh/work/project_3/project_3.runs/impl_1/btn_led_blink_routed.dcp' has been generated.
Command: write_bitstream -force btn_led_blink.bit
Attempting to get a license for feature 'Implementation' and/or device 'xc7a35t'
INFO: [Common 17-349] Got license for feature 'Implementation' and/or device 'xc7a35t'
Running DRC as a precondition to command write_bitstream
INFO: [IP_Flow 19-1839] IP Catalog is up to date.
INFO: [DRC 23-27] Running DRC with 8 threads
INFO: [Vivado 12-3199] DRC finished with 0 Errors
INFO: [Vivado 12-3200] Please refer to the DRC report (report_drc) for more information.
INFO: [Designutils 20-2272] Running write_bitstream with 8 threads.
Loading data files...
Loading site data...
Loading route data...
Processing options...
Creating bitmap...
Creating bitstream...
Bitstream compression saved 15781280 bits.
Writing bitstream ./btn_led_blink.bit...
INFO: [Vivado 12-1842] Bitgen Completed Successfully.
INFO: [Project 1-1876] WebTalk data collection is mandatory when using a ULT device. To see the specific WebTalk data collected for your design, open the usage_statistics_webtalk.html or usage_statistics_webtalk.xml file in the implementation directory.
INFO: [Common 17-83] Releasing license: Implementation
119 Infos, 0 Warnings, 0 Critical Warnings and 0 Errors encountered.
write_bitstream completed successfully
write_bitstream: Time (s): cpu = 00:00:17 ; elapsed = 00:00:18 . Memory (MB): peak = 3349.062 ; gain = 237.781 ; free physical = 1733 ; free virtual = 11422
INFO: [Common 17-206] Exiting Vivado at Tue Jul 22 15:59:09 2025...
