
*** Running vivado
    with args -log decoder_7seg.vdi -applog -m64 -product Vivado -messageDb vivado.pb -mode batch -source decoder_7seg.tcl -notrace


****** Vivado v2024.2 (64-bit)
  **** SW Build 5239630 on Fri Nov 08 22:34:34 MST 2024
  **** IP Build 5239520 on Sun Nov 10 16:12:51 MST 2024
  **** SharedData Build 5239561 on Fri Nov 08 14:39:27 MST 2024
  **** Start of session at: Thu Jul 17 14:18:42 2025
    ** Copyright 1986-2022 Xilinx, Inc. All Rights Reserved.
    ** Copyright 2022-2024 Advanced Micro Devices, Inc. All Rights Reserved.

source decoder_7seg.tcl -notrace
create_project: Time (s): cpu = 00:00:08 ; elapsed = 00:00:08 . Memory (MB): peak = 1490.418 ; gain = 15.871 ; free physical = 2140 ; free virtual = 12663
Command: link_design -top decoder_7seg -part xc7a35tcpg236-1
Design is defaulting to srcset: sources_1
Design is defaulting to constrset: constrs_1
INFO: [Device 21-403] Loading part xc7a35tcpg236-1
Netlist sorting complete. Time (s): cpu = 00:00:00 ; elapsed = 00:00:00 . Memory (MB): peak = 1672.551 ; gain = 0.000 ; free physical = 1963 ; free virtual = 12498
INFO: [Project 1-479] Netlist was created with Vivado 2024.2
INFO: [Project 1-570] Preparing netlist for logic optimization
Parsing XDC File [/home/psh/work/decoder/decoder.srcs/constrs_1/imports/work/Basys-3-Master.xdc]
Finished Parsing XDC File [/home/psh/work/decoder/decoder.srcs/constrs_1/imports/work/Basys-3-Master.xdc]
INFO: [Opt 31-138] Pushed 0 inverter(s) to 0 load pin(s).
Netlist sorting complete. Time (s): cpu = 00:00:00 ; elapsed = 00:00:00 . Memory (MB): peak = 1881.234 ; gain = 0.000 ; free physical = 1848 ; free virtual = 12373
INFO: [Project 1-111] Unisim Transformation Summary:
No Unisim elements were transformed.

5 Infos, 0 Warnings, 0 Critical Warnings and 0 Errors encountered.
link_design completed successfully
Command: opt_design
Attempting to get a license for feature 'Implementation' and/or device 'xc7a35t'
INFO: [Common 17-349] Got license for feature 'Implementation' and/or device 'xc7a35t'
Running DRC as a precondition to command opt_design

Starting DRC Task
INFO: [DRC 23-27] Running DRC with 8 threads
INFO: [Project 1-461] DRC finished with 0 Errors
INFO: [Project 1-462] Please refer to the DRC report (report_drc) for more information.

Time (s): cpu = 00:00:08 ; elapsed = 00:00:02 . Memory (MB): peak = 2040.195 ; gain = 153.023 ; free physical = 1758 ; free virtual = 12292

Starting Cache Timing Information Task
INFO: [Timing 38-35] Done setting XDC timing constraints.
Ending Cache Timing Information Task | Checksum: 271cec960

Time (s): cpu = 00:00:08 ; elapsed = 00:00:08 . Memory (MB): peak = 2414.117 ; gain = 373.922 ; free physical = 1372 ; free virtual = 11906

Starting Logic Optimization Task

Phase 1 Initialization

Phase 1.1 Core Generation And Design Setup
Phase 1.1 Core Generation And Design Setup | Checksum: 271cec960

Time (s): cpu = 00:00:00 ; elapsed = 00:00:00 . Memory (MB): peak = 2747.039 ; gain = 0.000 ; free physical = 1036 ; free virtual = 11571

Phase 1.2 Setup Constraints And Sort Netlist
Phase 1.2 Setup Constraints And Sort Netlist | Checksum: 271cec960

Time (s): cpu = 00:00:00 ; elapsed = 00:00:00.01 . Memory (MB): peak = 2747.039 ; gain = 0.000 ; free physical = 1037 ; free virtual = 11571
Phase 1 Initialization | Checksum: 271cec960

Time (s): cpu = 00:00:00 ; elapsed = 00:00:00.01 . Memory (MB): peak = 2747.039 ; gain = 0.000 ; free physical = 1037 ; free virtual = 11571

Phase 2 Timer Update And Timing Data Collection

Phase 2.1 Timer Update
Phase 2.1 Timer Update | Checksum: 271cec960

Time (s): cpu = 00:00:00 ; elapsed = 00:00:00.01 . Memory (MB): peak = 2747.039 ; gain = 0.000 ; free physical = 1037 ; free virtual = 11572

Phase 2.2 Timing Data Collection
Phase 2.2 Timing Data Collection | Checksum: 271cec960

Time (s): cpu = 00:00:00 ; elapsed = 00:00:00.01 . Memory (MB): peak = 2747.039 ; gain = 0.000 ; free physical = 1037 ; free virtual = 11572
Phase 2 Timer Update And Timing Data Collection | Checksum: 271cec960

Time (s): cpu = 00:00:00 ; elapsed = 00:00:00.01 . Memory (MB): peak = 2747.039 ; gain = 0.000 ; free physical = 1037 ; free virtual = 11572

Phase 3 Retarget
INFO: [Opt 31-1851] Number of loadless carry chains removed were: 0
INFO: [Opt 31-1834] Total Chains To Be Transformed Were: 0 AND Number of Transformed insts Created are: 0
INFO: [Opt 31-138] Pushed 0 inverter(s) to 0 load pin(s).
INFO: [Opt 31-49] Retargeted 0 cell(s).
Phase 3 Retarget | Checksum: 271cec960

Time (s): cpu = 00:00:00.01 ; elapsed = 00:00:00.02 . Memory (MB): peak = 2747.039 ; gain = 0.000 ; free physical = 1037 ; free virtual = 11572
Retarget | Checksum: 271cec960
INFO: [Opt 31-389] Phase Retarget created 0 cells and removed 0 cells

Phase 4 Constant propagation
INFO: [Opt 31-138] Pushed 0 inverter(s) to 0 load pin(s).
Phase 4 Constant propagation | Checksum: 271cec960

Time (s): cpu = 00:00:00.01 ; elapsed = 00:00:00.02 . Memory (MB): peak = 2747.039 ; gain = 0.000 ; free physical = 1037 ; free virtual = 11572
Constant propagation | Checksum: 271cec960
INFO: [Opt 31-389] Phase Constant propagation created 0 cells and removed 0 cells

Phase 5 Sweep
INFO: [Constraints 18-11670] Building netlist checker database with flags, 0x8
Done building netlist checker database: Time (s): cpu = 00:00:00 ; elapsed = 00:00:00 . Memory (MB): peak = 2747.039 ; gain = 0.000 ; free physical = 1037 ; free virtual = 11572
Phase 5 Sweep | Checksum: 271cec960

Time (s): cpu = 00:00:00.01 ; elapsed = 00:00:00.03 . Memory (MB): peak = 2747.039 ; gain = 0.000 ; free physical = 1037 ; free virtual = 11572
Sweep | Checksum: 271cec960
INFO: [Opt 31-389] Phase Sweep created 0 cells and removed 0 cells

Phase 6 BUFG optimization
Phase 6 BUFG optimization | Checksum: 271cec960

Time (s): cpu = 00:00:00.02 ; elapsed = 00:00:00.03 . Memory (MB): peak = 2779.055 ; gain = 32.016 ; free physical = 1037 ; free virtual = 11572
BUFG optimization | Checksum: 271cec960
INFO: [Opt 31-662] Phase BUFG optimization created 0 cells of which 0 are BUFGs and removed 0 cells.

Phase 7 Shift Register Optimization
INFO: [Opt 31-1064] SRL Remap converted 0 SRLs to 0 registers and converted 0 registers of register chains to 0 SRLs
Phase 7 Shift Register Optimization | Checksum: 271cec960

Time (s): cpu = 00:00:00.02 ; elapsed = 00:00:00.03 . Memory (MB): peak = 2779.055 ; gain = 32.016 ; free physical = 1037 ; free virtual = 11572
Shift Register Optimization | Checksum: 271cec960
INFO: [Opt 31-389] Phase Shift Register Optimization created 0 cells and removed 0 cells

Phase 8 Post Processing Netlist
Phase 8 Post Processing Netlist | Checksum: 271cec960

Time (s): cpu = 00:00:00.02 ; elapsed = 00:00:00.03 . Memory (MB): peak = 2779.055 ; gain = 32.016 ; free physical = 1037 ; free virtual = 11572
Post Processing Netlist | Checksum: 271cec960
INFO: [Opt 31-389] Phase Post Processing Netlist created 0 cells and removed 0 cells

Phase 9 Finalization

Phase 9.1 Finalizing Design Cores and Updating Shapes
Phase 9.1 Finalizing Design Cores and Updating Shapes | Checksum: 271cec960

Time (s): cpu = 00:00:00.02 ; elapsed = 00:00:00.04 . Memory (MB): peak = 2779.055 ; gain = 32.016 ; free physical = 1037 ; free virtual = 11572

Phase 9.2 Verifying Netlist Connectivity

Starting Connectivity Check Task

Time (s): cpu = 00:00:00 ; elapsed = 00:00:00 . Memory (MB): peak = 2779.055 ; gain = 0.000 ; free physical = 1037 ; free virtual = 11572
Phase 9.2 Verifying Netlist Connectivity | Checksum: 271cec960

Time (s): cpu = 00:00:00.02 ; elapsed = 00:00:00.04 . Memory (MB): peak = 2779.055 ; gain = 32.016 ; free physical = 1037 ; free virtual = 11572
Phase 9 Finalization | Checksum: 271cec960

Time (s): cpu = 00:00:00.02 ; elapsed = 00:00:00.04 . Memory (MB): peak = 2779.055 ; gain = 32.016 ; free physical = 1037 ; free virtual = 11572
Opt_design Change Summary
=========================


-------------------------------------------------------------------------------------------------------------------------
|  Phase                        |  #Cells created  |  #Cells Removed  |  #Constrained objects preventing optimizations  |
-------------------------------------------------------------------------------------------------------------------------
|  Retarget                     |               0  |               0  |                                              0  |
|  Constant propagation         |               0  |               0  |                                              0  |
|  Sweep                        |               0  |               0  |                                              0  |
|  BUFG optimization            |               0  |               0  |                                              0  |
|  Shift Register Optimization  |               0  |               0  |                                              0  |
|  Post Processing Netlist      |               0  |               0  |                                              0  |
-------------------------------------------------------------------------------------------------------------------------


Ending Logic Optimization Task | Checksum: 271cec960

Time (s): cpu = 00:00:00.02 ; elapsed = 00:00:00.04 . Memory (MB): peak = 2779.055 ; gain = 32.016 ; free physical = 1037 ; free virtual = 11572

Starting Power Optimization Task
INFO: [Pwropt 34-132] Skipping clock gating for clocks with a period < 2.00 ns.
Ending Power Optimization Task | Checksum: 271cec960

Time (s): cpu = 00:00:00 ; elapsed = 00:00:00.01 . Memory (MB): peak = 2779.055 ; gain = 0.000 ; free physical = 1037 ; free virtual = 11571

Starting Final Cleanup Task
Ending Final Cleanup Task | Checksum: 271cec960

Time (s): cpu = 00:00:00 ; elapsed = 00:00:00 . Memory (MB): peak = 2779.055 ; gain = 0.000 ; free physical = 1037 ; free virtual = 11571

Starting Netlist Obfuscation Task
Netlist sorting complete. Time (s): cpu = 00:00:00 ; elapsed = 00:00:00 . Memory (MB): peak = 2779.055 ; gain = 0.000 ; free physical = 1037 ; free virtual = 11571
Ending Netlist Obfuscation Task | Checksum: 271cec960

Time (s): cpu = 00:00:00 ; elapsed = 00:00:00 . Memory (MB): peak = 2779.055 ; gain = 0.000 ; free physical = 1037 ; free virtual = 11571
INFO: [Common 17-83] Releasing license: Implementation
25 Infos, 0 Warnings, 0 Critical Warnings and 0 Errors encountered.
opt_design completed successfully
opt_design: Time (s): cpu = 00:00:18 ; elapsed = 00:00:13 . Memory (MB): peak = 2779.055 ; gain = 891.883 ; free physical = 1037 ; free virtual = 11571
INFO: [Vivado 12-24828] Executing command : report_drc -file decoder_7seg_drc_opted.rpt -pb decoder_7seg_drc_opted.pb -rpx decoder_7seg_drc_opted.rpx
Command: report_drc -file decoder_7seg_drc_opted.rpt -pb decoder_7seg_drc_opted.pb -rpx decoder_7seg_drc_opted.rpx
INFO: [IP_Flow 19-234] Refreshing IP repositories
INFO: [IP_Flow 19-1704] No user IP repositories specified
INFO: [IP_Flow 19-2313] Loaded Vivado IP repository '/home/psh/tools/Vivado/2024.2/data/ip'.
INFO: [DRC 23-27] Running DRC with 8 threads
INFO: [Vivado_Tcl 2-168] The results of DRC are in file /home/psh/work/decoder/decoder.runs/impl_1/decoder_7seg_drc_opted.rpt.
report_drc completed successfully
INFO: [Timing 38-480] Writing timing data to binary archive.
Write ShapeDB Complete: Time (s): cpu = 00:00:00 ; elapsed = 00:00:00 . Memory (MB): peak = 2814.711 ; gain = 0.000 ; free physical = 958 ; free virtual = 11491
Wrote PlaceDB: Time (s): cpu = 00:00:00 ; elapsed = 00:00:00.01 . Memory (MB): peak = 2814.711 ; gain = 0.000 ; free physical = 958 ; free virtual = 11491
Wrote PulsedLatchDB: Time (s): cpu = 00:00:00 ; elapsed = 00:00:00 . Memory (MB): peak = 2814.711 ; gain = 0.000 ; free physical = 958 ; free virtual = 11491
Writing XDEF routing.
Writing XDEF routing logical nets.
Writing XDEF routing special nets.
Wrote RouteStorage: Time (s): cpu = 00:00:00.02 ; elapsed = 00:00:00.01 . Memory (MB): peak = 2814.711 ; gain = 0.000 ; free physical = 957 ; free virtual = 11490
Wrote Netlist Cache: Time (s): cpu = 00:00:00 ; elapsed = 00:00:00 . Memory (MB): peak = 2814.711 ; gain = 0.000 ; free physical = 957 ; free virtual = 11490
Wrote Device Cache: Time (s): cpu = 00:00:00.01 ; elapsed = 00:00:00 . Memory (MB): peak = 2814.711 ; gain = 0.000 ; free physical = 956 ; free virtual = 11489
Write Physdb Complete: Time (s): cpu = 00:00:00.03 ; elapsed = 00:00:00.02 . Memory (MB): peak = 2814.711 ; gain = 0.000 ; free physical = 956 ; free virtual = 11489
INFO: [Common 17-1381] The checkpoint '/home/psh/work/decoder/decoder.runs/impl_1/decoder_7seg_opt.dcp' has been generated.
Command: place_design
Attempting to get a license for feature 'Implementation' and/or device 'xc7a35t'
INFO: [Common 17-349] Got license for feature 'Implementation' and/or device 'xc7a35t'
INFO: [Common 17-83] Releasing license: Implementation
INFO: [DRC 23-27] Running DRC with 8 threads
INFO: [Vivado_Tcl 4-198] DRC finished with 0 Errors
INFO: [Vivado_Tcl 4-199] Please refer to the DRC report (report_drc) for more information.
Running DRC as a precondition to command place_design
INFO: [DRC 23-27] Running DRC with 8 threads
INFO: [Vivado_Tcl 4-198] DRC finished with 0 Errors
INFO: [Vivado_Tcl 4-199] Please refer to the DRC report (report_drc) for more information.
INFO: [Place 30-611] Multithreading enabled for place_design using a maximum of 8 CPUs

Starting Placer Task

Phase 1 Placer Initialization

Phase 1.1 Placer Initialization Netlist Sorting
Netlist sorting complete. Time (s): cpu = 00:00:00 ; elapsed = 00:00:00 . Memory (MB): peak = 2855.438 ; gain = 0.000 ; free physical = 927 ; free virtual = 11460
Phase 1.1 Placer Initialization Netlist Sorting | Checksum: 1eb1842dd

Time (s): cpu = 00:00:00 ; elapsed = 00:00:00.01 . Memory (MB): peak = 2855.438 ; gain = 0.000 ; free physical = 927 ; free virtual = 11460
Netlist sorting complete. Time (s): cpu = 00:00:00 ; elapsed = 00:00:00 . Memory (MB): peak = 2855.438 ; gain = 0.000 ; free physical = 927 ; free virtual = 11460

Phase 1.2 IO Placement/ Clock Placement/ Build Placer Device
INFO: [Timing 38-35] Done setting XDC timing constraints.
Phase 1.2 IO Placement/ Clock Placement/ Build Placer Device | Checksum: 1eb1842dd

Time (s): cpu = 00:00:00.36 ; elapsed = 00:00:00.1 . Memory (MB): peak = 2855.438 ; gain = 0.000 ; free physical = 926 ; free virtual = 11459

Phase 1.3 Build Placer Netlist Model
Phase 1.3 Build Placer Netlist Model | Checksum: 259cdac62

Time (s): cpu = 00:00:00.58 ; elapsed = 00:00:00.13 . Memory (MB): peak = 2855.438 ; gain = 0.000 ; free physical = 926 ; free virtual = 11459

Phase 1.4 Constrain Clocks/Macros
Phase 1.4 Constrain Clocks/Macros | Checksum: 259cdac62

Time (s): cpu = 00:00:00.59 ; elapsed = 00:00:00.14 . Memory (MB): peak = 2855.438 ; gain = 0.000 ; free physical = 926 ; free virtual = 11459
Phase 1 Placer Initialization | Checksum: 259cdac62

Time (s): cpu = 00:00:00.6 ; elapsed = 00:00:00.14 . Memory (MB): peak = 2855.438 ; gain = 0.000 ; free physical = 926 ; free virtual = 11459

Phase 2 Global Placement

Phase 2.1 Floorplanning
Phase 2.1 Floorplanning | Checksum: 259cdac62

Time (s): cpu = 00:00:00.6 ; elapsed = 00:00:00.15 . Memory (MB): peak = 2855.438 ; gain = 0.000 ; free physical = 926 ; free virtual = 11459

Phase 2.2 Update Timing before SLR Path Opt
Phase 2.2 Update Timing before SLR Path Opt | Checksum: 259cdac62

Time (s): cpu = 00:00:00.61 ; elapsed = 00:00:00.15 . Memory (MB): peak = 2855.438 ; gain = 0.000 ; free physical = 926 ; free virtual = 11459

Phase 2.3 Post-Processing in Floorplanning
Phase 2.3 Post-Processing in Floorplanning | Checksum: 259cdac62

Time (s): cpu = 00:00:00.61 ; elapsed = 00:00:00.15 . Memory (MB): peak = 2855.438 ; gain = 0.000 ; free physical = 926 ; free virtual = 11459

Phase 2.4 Global Place Phase1
Phase 2.4 Global Place Phase1 | Checksum: 2e77e34f2

Time (s): cpu = 00:00:01 ; elapsed = 00:00:00.31 . Memory (MB): peak = 2895.457 ; gain = 40.020 ; free physical = 935 ; free virtual = 11467

Phase 2.5 Global Place Phase2
WARNING: [Place 46-29] Timing had been disabled during Placer and, therefore, physical synthesis in Placer will be skipped.
Phase 2.5 Global Place Phase2 | Checksum: 22db36c67

Time (s): cpu = 00:00:03 ; elapsed = 00:00:00.64 . Memory (MB): peak = 2895.457 ; gain = 40.020 ; free physical = 936 ; free virtual = 11479
Phase 2 Global Placement | Checksum: 22db36c67

Time (s): cpu = 00:00:03 ; elapsed = 00:00:00.64 . Memory (MB): peak = 2895.457 ; gain = 40.020 ; free physical = 936 ; free virtual = 11479

Phase 3 Detail Placement

Phase 3.1 Commit Multi Column Macros
Phase 3.1 Commit Multi Column Macros | Checksum: 22db36c67

Time (s): cpu = 00:00:03 ; elapsed = 00:00:00.64 . Memory (MB): peak = 2895.457 ; gain = 40.020 ; free physical = 936 ; free virtual = 11479

Phase 3.2 Commit Most Macros & LUTRAMs
Phase 3.2 Commit Most Macros & LUTRAMs | Checksum: 2af732020

Time (s): cpu = 00:00:03 ; elapsed = 00:00:00.65 . Memory (MB): peak = 2895.457 ; gain = 40.020 ; free physical = 936 ; free virtual = 11479

Phase 3.3 Area Swap Optimization
Phase 3.3 Area Swap Optimization | Checksum: 1f46e8dca

Time (s): cpu = 00:00:03 ; elapsed = 00:00:00.66 . Memory (MB): peak = 2895.457 ; gain = 40.020 ; free physical = 936 ; free virtual = 11479

Phase 3.4 Pipeline Register Optimization
Phase 3.4 Pipeline Register Optimization | Checksum: 1f46e8dca

Time (s): cpu = 00:00:03 ; elapsed = 00:00:00.66 . Memory (MB): peak = 2895.457 ; gain = 40.020 ; free physical = 936 ; free virtual = 11479

Phase 3.5 Small Shape Detail Placement
Phase 3.5 Small Shape Detail Placement | Checksum: 2ae13f7a2

Time (s): cpu = 00:00:04 ; elapsed = 00:00:00.74 . Memory (MB): peak = 2895.457 ; gain = 40.020 ; free physical = 933 ; free virtual = 11476

Phase 3.6 Re-assign LUT pins
Phase 3.6 Re-assign LUT pins | Checksum: 2ae13f7a2

Time (s): cpu = 00:00:04 ; elapsed = 00:00:00.75 . Memory (MB): peak = 2895.457 ; gain = 40.020 ; free physical = 933 ; free virtual = 11476

Phase 3.7 Pipeline Register Optimization
Phase 3.7 Pipeline Register Optimization | Checksum: 2ae13f7a2

Time (s): cpu = 00:00:04 ; elapsed = 00:00:00.75 . Memory (MB): peak = 2895.457 ; gain = 40.020 ; free physical = 933 ; free virtual = 11476
Phase 3 Detail Placement | Checksum: 2ae13f7a2

Time (s): cpu = 00:00:04 ; elapsed = 00:00:00.75 . Memory (MB): peak = 2895.457 ; gain = 40.020 ; free physical = 933 ; free virtual = 11476

Phase 4 Post Placement Optimization and Clean-Up

Phase 4.1 Post Commit Optimization
Phase 4.1 Post Commit Optimization | Checksum: 2ae13f7a2

Time (s): cpu = 00:00:04 ; elapsed = 00:00:00.79 . Memory (MB): peak = 2895.457 ; gain = 40.020 ; free physical = 933 ; free virtual = 11476

Phase 4.2 Post Placement Cleanup
Phase 4.2 Post Placement Cleanup | Checksum: 2ae13f7a2

Time (s): cpu = 00:00:04 ; elapsed = 00:00:00.8 . Memory (MB): peak = 2895.457 ; gain = 40.020 ; free physical = 933 ; free virtual = 11476

Phase 4.3 Placer Reporting

Phase 4.3.1 Print Estimated Congestion
INFO: [Place 30-612] Post-Placement Estimated Congestion 
 ____________________________________________________
|           | Global Congestion | Short Congestion  |
| Direction | Region Size       | Region Size       |
|___________|___________________|___________________|
|      North|                1x1|                1x1|
|___________|___________________|___________________|
|      South|                1x1|                1x1|
|___________|___________________|___________________|
|       East|                1x1|                1x1|
|___________|___________________|___________________|
|       West|                1x1|                1x1|
|___________|___________________|___________________|

Phase 4.3.1 Print Estimated Congestion | Checksum: 2ae13f7a2

Time (s): cpu = 00:00:04 ; elapsed = 00:00:00.8 . Memory (MB): peak = 2895.457 ; gain = 40.020 ; free physical = 933 ; free virtual = 11476
Phase 4.3 Placer Reporting | Checksum: 2ae13f7a2

Time (s): cpu = 00:00:04 ; elapsed = 00:00:00.8 . Memory (MB): peak = 2895.457 ; gain = 40.020 ; free physical = 933 ; free virtual = 11476

Phase 4.4 Final Placement Cleanup
Netlist sorting complete. Time (s): cpu = 00:00:00 ; elapsed = 00:00:00 . Memory (MB): peak = 2895.457 ; gain = 0.000 ; free physical = 933 ; free virtual = 11476

Time (s): cpu = 00:00:04 ; elapsed = 00:00:00.8 . Memory (MB): peak = 2895.457 ; gain = 40.020 ; free physical = 933 ; free virtual = 11476
Phase 4 Post Placement Optimization and Clean-Up | Checksum: 2ae13f7a2

Time (s): cpu = 00:00:04 ; elapsed = 00:00:00.8 . Memory (MB): peak = 2895.457 ; gain = 40.020 ; free physical = 933 ; free virtual = 11476
Ending Placer Task | Checksum: 1ee63a209

Time (s): cpu = 00:00:04 ; elapsed = 00:00:00.81 . Memory (MB): peak = 2895.457 ; gain = 40.020 ; free physical = 933 ; free virtual = 11476
44 Infos, 1 Warnings, 0 Critical Warnings and 0 Errors encountered.
place_design completed successfully
INFO: [Vivado 12-24838] Running report commands "report_control_sets, report_io, report_utilization" in parallel.
Running report generation with 3 threads.
INFO: [Vivado 12-24828] Executing command : report_control_sets -verbose -file decoder_7seg_control_sets_placed.rpt
report_control_sets: Time (s): cpu = 00:00:00.03 ; elapsed = 00:00:00.08 . Memory (MB): peak = 2895.457 ; gain = 0.000 ; free physical = 923 ; free virtual = 11465
INFO: [Vivado 12-24828] Executing command : report_utilization -file decoder_7seg_utilization_placed.rpt -pb decoder_7seg_utilization_placed.pb
INFO: [Vivado 12-24828] Executing command : report_io -file decoder_7seg_io_placed.rpt
report_io: Time (s): cpu = 00:00:00.17 ; elapsed = 00:00:00.21 . Memory (MB): peak = 2895.457 ; gain = 0.000 ; free physical = 913 ; free virtual = 11456
INFO: [Timing 38-480] Writing timing data to binary archive.
Write ShapeDB Complete: Time (s): cpu = 00:00:00 ; elapsed = 00:00:00 . Memory (MB): peak = 2895.457 ; gain = 0.000 ; free physical = 913 ; free virtual = 11456
Wrote PlaceDB: Time (s): cpu = 00:00:00.01 ; elapsed = 00:00:00 . Memory (MB): peak = 2895.457 ; gain = 0.000 ; free physical = 913 ; free virtual = 11456
Wrote PulsedLatchDB: Time (s): cpu = 00:00:00 ; elapsed = 00:00:00 . Memory (MB): peak = 2895.457 ; gain = 0.000 ; free physical = 913 ; free virtual = 11456
Writing XDEF routing.
Writing XDEF routing logical nets.
Writing XDEF routing special nets.
Wrote RouteStorage: Time (s): cpu = 00:00:00.03 ; elapsed = 00:00:00.01 . Memory (MB): peak = 2895.457 ; gain = 0.000 ; free physical = 913 ; free virtual = 11456
Wrote Netlist Cache: Time (s): cpu = 00:00:00 ; elapsed = 00:00:00 . Memory (MB): peak = 2895.457 ; gain = 0.000 ; free physical = 913 ; free virtual = 11456
Wrote Device Cache: Time (s): cpu = 00:00:00 ; elapsed = 00:00:00.01 . Memory (MB): peak = 2895.457 ; gain = 0.000 ; free physical = 913 ; free virtual = 11456
Write Physdb Complete: Time (s): cpu = 00:00:00.05 ; elapsed = 00:00:00.02 . Memory (MB): peak = 2895.457 ; gain = 0.000 ; free physical = 913 ; free virtual = 11456
INFO: [Common 17-1381] The checkpoint '/home/psh/work/decoder/decoder.runs/impl_1/decoder_7seg_placed.dcp' has been generated.
Command: phys_opt_design
Attempting to get a license for feature 'Implementation' and/or device 'xc7a35t'
INFO: [Common 17-349] Got license for feature 'Implementation' and/or device 'xc7a35t'

Starting Initial Update Timing Task

Time (s): cpu = 00:00:00 ; elapsed = 00:00:00.01 . Memory (MB): peak = 2895.457 ; gain = 0.000 ; free physical = 905 ; free virtual = 11448
INFO: [Vivado_Tcl 4-235] No timing constraint found. The netlist was not modified.
INFO: [Common 17-83] Releasing license: Implementation
53 Infos, 1 Warnings, 0 Critical Warnings and 0 Errors encountered.
phys_opt_design completed successfully
INFO: [Timing 38-480] Writing timing data to binary archive.
Write ShapeDB Complete: Time (s): cpu = 00:00:00 ; elapsed = 00:00:00 . Memory (MB): peak = 2895.457 ; gain = 0.000 ; free physical = 905 ; free virtual = 11448
Wrote PlaceDB: Time (s): cpu = 00:00:00 ; elapsed = 00:00:00 . Memory (MB): peak = 2895.457 ; gain = 0.000 ; free physical = 905 ; free virtual = 11448
Wrote PulsedLatchDB: Time (s): cpu = 00:00:00 ; elapsed = 00:00:00 . Memory (MB): peak = 2895.457 ; gain = 0.000 ; free physical = 905 ; free virtual = 11448
Writing XDEF routing.
Writing XDEF routing logical nets.
Writing XDEF routing special nets.
Wrote RouteStorage: Time (s): cpu = 00:00:00.02 ; elapsed = 00:00:00.01 . Memory (MB): peak = 2895.457 ; gain = 0.000 ; free physical = 905 ; free virtual = 11448
Wrote Netlist Cache: Time (s): cpu = 00:00:00 ; elapsed = 00:00:00 . Memory (MB): peak = 2895.457 ; gain = 0.000 ; free physical = 905 ; free virtual = 11448
Wrote Device Cache: Time (s): cpu = 00:00:00.01 ; elapsed = 00:00:00.01 . Memory (MB): peak = 2895.457 ; gain = 0.000 ; free physical = 905 ; free virtual = 11448
Write Physdb Complete: Time (s): cpu = 00:00:00.04 ; elapsed = 00:00:00.02 . Memory (MB): peak = 2895.457 ; gain = 0.000 ; free physical = 905 ; free virtual = 11448
INFO: [Common 17-1381] The checkpoint '/home/psh/work/decoder/decoder.runs/impl_1/decoder_7seg_physopt.dcp' has been generated.
Command: route_design
Attempting to get a license for feature 'Implementation' and/or device 'xc7a35t'
INFO: [Common 17-349] Got license for feature 'Implementation' and/or device 'xc7a35t'


Starting Routing Task
INFO: [Route 35-254] Multithreading enabled for route_design using a maximum of 8 CPUs

Phase 1 Build RT Design
Checksum: PlaceDB: 50d45333 ConstDB: 0 ShapeSum: fd0df27f RouteDB: a0815c57
Post Restoration Checksum: NetGraph: 8aab7a35 | NumContArr: f526e8f0 | Constraints: c2a8fa9d | Timing: c2a8fa9d
Phase 1 Build RT Design | Checksum: 30524585f

Time (s): cpu = 00:00:22 ; elapsed = 00:00:19 . Memory (MB): peak = 2929.402 ; gain = 33.945 ; free physical = 879 ; free virtual = 11395

Phase 2 Router Initialization
INFO: [Route 35-64] No timing constraints were detected. The router will operate in resource-optimization mode.

Phase 2.1 Fix Topology Constraints
Phase 2.1 Fix Topology Constraints | Checksum: 30524585f

Time (s): cpu = 00:00:22 ; elapsed = 00:00:19 . Memory (MB): peak = 2959.402 ; gain = 63.945 ; free physical = 857 ; free virtual = 11373

Phase 2.2 Pre Route Cleanup
Phase 2.2 Pre Route Cleanup | Checksum: 30524585f

Time (s): cpu = 00:00:22 ; elapsed = 00:00:19 . Memory (MB): peak = 2959.402 ; gain = 63.945 ; free physical = 857 ; free virtual = 11373
 Number of Nodes with overlaps = 0

Router Utilization Summary
  Global Vertical Routing Utilization    = 0 %
  Global Horizontal Routing Utilization  = 0 %
  Routable Net Status*
  *Does not include unroutable nets such as driverless and loadless.
  Run report_route_status for detailed report.
  Number of Failed Nets               = 11
    (Failed Nets is the sum of unrouted and partially routed nets)
  Number of Unrouted Nets             = 11
  Number of Partially Routed Nets     = 0
  Number of Node Overlaps             = 0

Phase 2 Router Initialization | Checksum: 26c74aa2d

Time (s): cpu = 00:00:23 ; elapsed = 00:00:19 . Memory (MB): peak = 2977.402 ; gain = 81.945 ; free physical = 841 ; free virtual = 11356

Phase 3 Global Routing
Phase 3 Global Routing | Checksum: 26c74aa2d

Time (s): cpu = 00:00:23 ; elapsed = 00:00:19 . Memory (MB): peak = 2977.402 ; gain = 81.945 ; free physical = 841 ; free virtual = 11356

Phase 4 Initial Routing

Phase 4.1 Initial Net Routing Pass
Phase 4.1 Initial Net Routing Pass | Checksum: 1c2d1e8ee

Time (s): cpu = 00:00:23 ; elapsed = 00:00:19 . Memory (MB): peak = 2977.402 ; gain = 81.945 ; free physical = 841 ; free virtual = 11356
Phase 4 Initial Routing | Checksum: 1c2d1e8ee

Time (s): cpu = 00:00:23 ; elapsed = 00:00:19 . Memory (MB): peak = 2977.402 ; gain = 81.945 ; free physical = 841 ; free virtual = 11356

Phase 5 Rip-up And Reroute

Phase 5.1 Global Iteration 0
 Number of Nodes with overlaps = 0
Phase 5.1 Global Iteration 0 | Checksum: 32ab0fae9

Time (s): cpu = 00:00:23 ; elapsed = 00:00:19 . Memory (MB): peak = 2977.402 ; gain = 81.945 ; free physical = 841 ; free virtual = 11356
Phase 5 Rip-up And Reroute | Checksum: 32ab0fae9

Time (s): cpu = 00:00:23 ; elapsed = 00:00:19 . Memory (MB): peak = 2977.402 ; gain = 81.945 ; free physical = 841 ; free virtual = 11356

Phase 6 Delay and Skew Optimization
Phase 6 Delay and Skew Optimization | Checksum: 32ab0fae9

Time (s): cpu = 00:00:23 ; elapsed = 00:00:19 . Memory (MB): peak = 2977.402 ; gain = 81.945 ; free physical = 841 ; free virtual = 11356

Phase 7 Post Hold Fix

Phase 7.1 Hold Fix Iter
Phase 7.1 Hold Fix Iter | Checksum: 32ab0fae9

Time (s): cpu = 00:00:23 ; elapsed = 00:00:19 . Memory (MB): peak = 2977.402 ; gain = 81.945 ; free physical = 841 ; free virtual = 11356
Phase 7 Post Hold Fix | Checksum: 32ab0fae9

Time (s): cpu = 00:00:23 ; elapsed = 00:00:19 . Memory (MB): peak = 2977.402 ; gain = 81.945 ; free physical = 841 ; free virtual = 11356

Phase 8 Route finalize

Router Utilization Summary
  Global Vertical Routing Utilization    = 0.00478354 %
  Global Horizontal Routing Utilization  = 0.0213431 %
  Routable Net Status*
  *Does not include unroutable nets such as driverless and loadless.
  Run report_route_status for detailed report.
  Number of Failed Nets               = 0
    (Failed Nets is the sum of unrouted and partially routed nets)
  Number of Unrouted Nets             = 0
  Number of Partially Routed Nets     = 0
  Number of Node Overlaps             = 0


--GLOBAL Congestion:
Utilization threshold used for congestion level computation: 0.85
Congestion Report
North Dir 1x1 Area, Max Cong = 0.900901%, No Congested Regions.
South Dir 1x1 Area, Max Cong = 18.018%, No Congested Regions.
East Dir 1x1 Area, Max Cong = 10.2941%, No Congested Regions.
West Dir 1x1 Area, Max Cong = 1.47059%, No Congested Regions.

------------------------------
Reporting congestion hotspots
------------------------------
Direction: North
----------------
Congested clusters found at Level 0
Effective congestion level: 0 Aspect Ratio: 1 Sparse Ratio: 0
Direction: South
----------------
Congested clusters found at Level 0
Effective congestion level: 0 Aspect Ratio: 1 Sparse Ratio: 0
Direction: East
----------------
Congested clusters found at Level 0
Effective congestion level: 0 Aspect Ratio: 1 Sparse Ratio: 0
Direction: West
----------------
Congested clusters found at Level 0
Effective congestion level: 0 Aspect Ratio: 1 Sparse Ratio: 0

Phase 8 Route finalize | Checksum: 32ab0fae9

Time (s): cpu = 00:00:23 ; elapsed = 00:00:19 . Memory (MB): peak = 2977.402 ; gain = 81.945 ; free physical = 841 ; free virtual = 11356

Phase 9 Verifying routed nets

 Verification completed successfully
Phase 9 Verifying routed nets | Checksum: 32ab0fae9

Time (s): cpu = 00:00:23 ; elapsed = 00:00:19 . Memory (MB): peak = 2977.402 ; gain = 81.945 ; free physical = 841 ; free virtual = 11356

Phase 10 Depositing Routes
Phase 10 Depositing Routes | Checksum: 2b5415d87

Time (s): cpu = 00:00:23 ; elapsed = 00:00:19 . Memory (MB): peak = 2977.402 ; gain = 81.945 ; free physical = 841 ; free virtual = 11356

Phase 11 Post Process Routing
Phase 11 Post Process Routing | Checksum: 2b5415d87

Time (s): cpu = 00:00:23 ; elapsed = 00:00:19 . Memory (MB): peak = 2977.402 ; gain = 81.945 ; free physical = 841 ; free virtual = 11356
Total Elapsed time in route_design: 19.33 secs

Phase 12 Post-Route Event Processing
Phase 12 Post-Route Event Processing | Checksum: 19c5de546

Time (s): cpu = 00:00:23 ; elapsed = 00:00:19 . Memory (MB): peak = 2977.402 ; gain = 81.945 ; free physical = 841 ; free virtual = 11356
INFO: [Route 35-16] Router Completed Successfully
Ending Routing Task | Checksum: 19c5de546

Time (s): cpu = 00:00:23 ; elapsed = 00:00:19 . Memory (MB): peak = 2977.402 ; gain = 81.945 ; free physical = 841 ; free virtual = 11356

Routing Is Done.
INFO: [Common 17-83] Releasing license: Implementation
60 Infos, 1 Warnings, 0 Critical Warnings and 0 Errors encountered.
route_design completed successfully
route_design: Time (s): cpu = 00:00:23 ; elapsed = 00:00:19 . Memory (MB): peak = 2977.402 ; gain = 81.945 ; free physical = 841 ; free virtual = 11356
INFO: [Vivado 12-24828] Executing command : report_drc -file decoder_7seg_drc_routed.rpt -pb decoder_7seg_drc_routed.pb -rpx decoder_7seg_drc_routed.rpx
Command: report_drc -file decoder_7seg_drc_routed.rpt -pb decoder_7seg_drc_routed.pb -rpx decoder_7seg_drc_routed.rpx
INFO: [IP_Flow 19-1839] IP Catalog is up to date.
INFO: [DRC 23-27] Running DRC with 8 threads
INFO: [Vivado_Tcl 2-168] The results of DRC are in file /home/psh/work/decoder/decoder.runs/impl_1/decoder_7seg_drc_routed.rpt.
report_drc completed successfully
INFO: [Vivado 12-24828] Executing command : report_methodology -file decoder_7seg_methodology_drc_routed.rpt -pb decoder_7seg_methodology_drc_routed.pb -rpx decoder_7seg_methodology_drc_routed.rpx
Command: report_methodology -file decoder_7seg_methodology_drc_routed.rpt -pb decoder_7seg_methodology_drc_routed.pb -rpx decoder_7seg_methodology_drc_routed.rpx
INFO: [Timing 38-35] Done setting XDC timing constraints.
INFO: [DRC 23-133] Running Methodology with 8 threads
INFO: [Vivado_Tcl 2-1520] The results of Report Methodology are in file /home/psh/work/decoder/decoder.runs/impl_1/decoder_7seg_methodology_drc_routed.rpt.
report_methodology completed successfully
INFO: [Vivado 12-24828] Executing command : report_timing_summary -max_paths 10 -report_unconstrained -file decoder_7seg_timing_summary_routed.rpt -pb decoder_7seg_timing_summary_routed.pb -rpx decoder_7seg_timing_summary_routed.rpx -warn_on_violation 
INFO: [Timing 38-35] Done setting XDC timing constraints.
INFO: [Timing 38-91] UpdateTimingParams: Speed grade: -1, Delay Type: min_max.
INFO: [Timing 38-191] Multithreading enabled for timing update using a maximum of 8 CPUs
WARNING: [Timing 38-313] There are no user specified timing constraints. Timing constraints are needed for proper timing analysis.
INFO: [Vivado 12-24838] Running report commands "report_bus_skew, report_incremental_reuse, report_route_status" in parallel.
Running report generation with 3 threads.
INFO: [Vivado 12-24828] Executing command : report_route_status -file decoder_7seg_route_status.rpt -pb decoder_7seg_route_status.pb
INFO: [Vivado 12-24828] Executing command : report_incremental_reuse -file decoder_7seg_incremental_reuse_routed.rpt
INFO: [Vivado_Tcl 4-1062] Incremental flow is disabled. No incremental reuse Info to report.
INFO: [Vivado 12-24828] Executing command : report_bus_skew -warn_on_violation -file decoder_7seg_bus_skew_routed.rpt -pb decoder_7seg_bus_skew_routed.pb -rpx decoder_7seg_bus_skew_routed.rpx
INFO: [Timing 38-91] UpdateTimingParams: Speed grade: -1, Delay Type: min_max.
INFO: [Timing 38-191] Multithreading enabled for timing update using a maximum of 8 CPUs
INFO: [Vivado 12-24828] Executing command : report_power -file decoder_7seg_power_routed.rpt -pb decoder_7seg_power_summary_routed.pb -rpx decoder_7seg_power_routed.rpx
Command: report_power -file decoder_7seg_power_routed.rpt -pb decoder_7seg_power_summary_routed.pb -rpx decoder_7seg_power_routed.rpx
WARNING: [Power 33-232] No user defined clocks were found in the design! Power estimation will be inaccurate until this is corrected.
Resolution: Please specify clocks using create_clock/create_generated_clock for sequential elements. For pure combinatorial circuits, please specify a virtual clock, otherwise the vectorless estimation might be inaccurate
Running Vector-less Activity Propagation...

Finished Running Vector-less Activity Propagation
80 Infos, 3 Warnings, 0 Critical Warnings and 0 Errors encountered.
report_power completed successfully
INFO: [Vivado 12-24828] Executing command : report_clock_utilization -file decoder_7seg_clock_utilization_routed.rpt
generate_parallel_reports: Time (s): cpu = 00:00:20 ; elapsed = 00:00:05 . Memory (MB): peak = 3127.902 ; gain = 150.500 ; free physical = 763 ; free virtual = 11288
INFO: [Timing 38-480] Writing timing data to binary archive.
Write ShapeDB Complete: Time (s): cpu = 00:00:00 ; elapsed = 00:00:00.01 . Memory (MB): peak = 3127.902 ; gain = 0.000 ; free physical = 763 ; free virtual = 11288
Wrote PlaceDB: Time (s): cpu = 00:00:00 ; elapsed = 00:00:00 . Memory (MB): peak = 3127.902 ; gain = 0.000 ; free physical = 763 ; free virtual = 11288
Wrote PulsedLatchDB: Time (s): cpu = 00:00:00 ; elapsed = 00:00:00 . Memory (MB): peak = 3127.902 ; gain = 0.000 ; free physical = 763 ; free virtual = 11288
Writing XDEF routing.
Writing XDEF routing logical nets.
Writing XDEF routing special nets.
Wrote RouteStorage: Time (s): cpu = 00:00:00.04 ; elapsed = 00:00:00.02 . Memory (MB): peak = 3127.902 ; gain = 0.000 ; free physical = 763 ; free virtual = 11288
Wrote Netlist Cache: Time (s): cpu = 00:00:00 ; elapsed = 00:00:00 . Memory (MB): peak = 3127.902 ; gain = 0.000 ; free physical = 763 ; free virtual = 11288
Wrote Device Cache: Time (s): cpu = 00:00:00.01 ; elapsed = 00:00:00 . Memory (MB): peak = 3127.902 ; gain = 0.000 ; free physical = 763 ; free virtual = 11289
Write Physdb Complete: Time (s): cpu = 00:00:00.06 ; elapsed = 00:00:00.04 . Memory (MB): peak = 3127.902 ; gain = 0.000 ; free physical = 763 ; free virtual = 11289
INFO: [Common 17-1381] The checkpoint '/home/psh/work/decoder/decoder.runs/impl_1/decoder_7seg_routed.dcp' has been generated.
Command: write_bitstream -force decoder_7seg.bit
Attempting to get a license for feature 'Implementation' and/or device 'xc7a35t'
INFO: [Common 17-349] Got license for feature 'Implementation' and/or device 'xc7a35t'
Running DRC as a precondition to command write_bitstream
INFO: [IP_Flow 19-1839] IP Catalog is up to date.
INFO: [DRC 23-27] Running DRC with 8 threads
INFO: [Vivado 12-3199] DRC finished with 0 Errors
INFO: [Vivado 12-3200] Please refer to the DRC report (report_drc) for more information.
INFO: [Designutils 20-2272] Running write_bitstream with 8 threads.
Loading data files...
Loading site data...
Loading route data...
Processing options...
Creating bitmap...
Creating bitstream...
Bitstream compression saved 15814432 bits.
Writing bitstream ./decoder_7seg.bit...
INFO: [Vivado 12-1842] Bitgen Completed Successfully.
INFO: [Project 1-1876] WebTalk data collection is mandatory when using a ULT device. To see the specific WebTalk data collected for your design, open the usage_statistics_webtalk.html or usage_statistics_webtalk.xml file in the implementation directory.
INFO: [Common 17-83] Releasing license: Implementation
92 Infos, 3 Warnings, 0 Critical Warnings and 0 Errors encountered.
write_bitstream completed successfully
write_bitstream: Time (s): cpu = 00:00:22 ; elapsed = 00:00:20 . Memory (MB): peak = 3378.113 ; gain = 250.211 ; free physical = 484 ; free virtual = 11011
INFO: [Common 17-206] Exiting Vivado at Thu Jul 17 14:20:03 2025...
