
*** Running vivado
    with args -log soc_hello_wrapper.vds -m64 -product Vivado -mode batch -messageDb vivado.pb -notrace -source soc_hello_wrapper.tcl


****** Vivado v2024.2 (64-bit)
  **** SW Build 5239630 on Fri Nov 08 22:34:34 MST 2024
  **** IP Build 5239520 on Sun Nov 10 16:12:51 MST 2024
  **** SharedData Build 5239561 on Fri Nov 08 14:39:27 MST 2024
  **** Start of session at: Tue Sep  2 12:45:16 2025
    ** Copyright 1986-2022 Xilinx, Inc. All Rights Reserved.
    ** Copyright 2022-2024 Advanced Micro Devices, Inc. All Rights Reserved.

source soc_hello_wrapper.tcl -notrace
create_project: Time (s): cpu = 00:00:18 ; elapsed = 00:00:19 . Memory (MB): peak = 1487.125 ; gain = 52.840 ; free physical = 4107 ; free virtual = 10371
INFO: [IP_Flow 19-234] Refreshing IP repositories
INFO: [IP_Flow 19-1704] No user IP repositories specified
INFO: [IP_Flow 19-2313] Loaded Vivado IP repository '/home/psh/tools/Vivado/2024.2/data/ip'.
Command: read_checkpoint -auto_incremental -incremental /home/psh/work/project_9/project_9.srcs/utils_1/imports/synth_1/dht11_top.dcp
INFO: [Vivado 12-5825] Read reference checkpoint from /home/psh/work/project_9/project_9.srcs/utils_1/imports/synth_1/dht11_top.dcp for incremental synthesis
INFO: [Vivado 12-7989] Please ensure there are no constraint changes
Command: synth_design -top soc_hello_wrapper -part xc7a35tcpg236-1
Starting synth_design
Attempting to get a license for feature 'Synthesis' and/or device 'xc7a35t'
INFO: [Common 17-349] Got license for feature 'Synthesis' and/or device 'xc7a35t'
INFO: [Device 21-403] Loading part xc7a35tcpg236-1
INFO: [Designutils 20-5440] No compile time benefit to using incremental synthesis; A full resynthesis will be run
INFO: [Designutils 20-4379] Flow is switching to default flow due to incremental criteria not met. If you would like to alter this behaviour and have the flow terminate instead, please set the following parameter config_implementation {autoIncr.Synth.RejectBehavior Terminate}
INFO: [Synth 8-7079] Multithreading enabled for synth_design using a maximum of 7 processes.
INFO: [Synth 8-7078] Launching helper process for spawning children vivado processes
INFO: [Synth 8-7075] Helper process launched with PID 65389
---------------------------------------------------------------------------------
Starting RTL Elaboration : Time (s): cpu = 00:00:09 ; elapsed = 00:00:10 . Memory (MB): peak = 2158.883 ; gain = 421.766 ; free physical = 3092 ; free virtual = 9420
---------------------------------------------------------------------------------
INFO: [Synth 8-6157] synthesizing module 'soc_hello_wrapper' [/home/psh/work/project_9/project_9.gen/sources_1/bd/soc_hello/hdl/soc_hello_wrapper.v:13]
INFO: [Synth 8-6157] synthesizing module 'soc_hello' [/home/psh/work/project_9/project_9.gen/sources_1/bd/soc_hello/synth/soc_hello.v:226]
INFO: [Synth 8-6157] synthesizing module 'soc_hello_axi_gpio_0_0' [/home/psh/work/project_9/project_9.runs/synth_1/.Xil/Vivado-65124-min/realtime/soc_hello_axi_gpio_0_0_stub.v:6]
INFO: [Synth 8-6155] done synthesizing module 'soc_hello_axi_gpio_0_0' (0#1) [/home/psh/work/project_9/project_9.runs/synth_1/.Xil/Vivado-65124-min/realtime/soc_hello_axi_gpio_0_0_stub.v:6]
INFO: [Synth 8-6157] synthesizing module 'soc_hello_axi_smc_0' [/home/psh/work/project_9/project_9.runs/synth_1/.Xil/Vivado-65124-min/realtime/soc_hello_axi_smc_0_stub.v:6]
INFO: [Synth 8-6155] done synthesizing module 'soc_hello_axi_smc_0' (0#1) [/home/psh/work/project_9/project_9.runs/synth_1/.Xil/Vivado-65124-min/realtime/soc_hello_axi_smc_0_stub.v:6]
WARNING: [Synth 8-7071] port 'M00_AXI_awprot' of module 'soc_hello_axi_smc_0' is unconnected for instance 'axi_smc' [/home/psh/work/project_9/project_9.gen/sources_1/bd/soc_hello/synth/soc_hello.v:356]
WARNING: [Synth 8-7071] port 'M00_AXI_arprot' of module 'soc_hello_axi_smc_0' is unconnected for instance 'axi_smc' [/home/psh/work/project_9/project_9.gen/sources_1/bd/soc_hello/synth/soc_hello.v:356]
WARNING: [Synth 8-7071] port 'M01_AXI_awprot' of module 'soc_hello_axi_smc_0' is unconnected for instance 'axi_smc' [/home/psh/work/project_9/project_9.gen/sources_1/bd/soc_hello/synth/soc_hello.v:356]
WARNING: [Synth 8-7071] port 'M01_AXI_arprot' of module 'soc_hello_axi_smc_0' is unconnected for instance 'axi_smc' [/home/psh/work/project_9/project_9.gen/sources_1/bd/soc_hello/synth/soc_hello.v:356]
WARNING: [Synth 8-7023] instance 'axi_smc' of module 'soc_hello_axi_smc_0' has 59 connections declared, but only 55 given [/home/psh/work/project_9/project_9.gen/sources_1/bd/soc_hello/synth/soc_hello.v:356]
INFO: [Synth 8-6157] synthesizing module 'soc_hello_axi_uartlite_0_0' [/home/psh/work/project_9/project_9.runs/synth_1/.Xil/Vivado-65124-min/realtime/soc_hello_axi_uartlite_0_0_stub.v:6]
INFO: [Synth 8-6155] done synthesizing module 'soc_hello_axi_uartlite_0_0' (0#1) [/home/psh/work/project_9/project_9.runs/synth_1/.Xil/Vivado-65124-min/realtime/soc_hello_axi_uartlite_0_0_stub.v:6]
WARNING: [Synth 8-7071] port 'interrupt' of module 'soc_hello_axi_uartlite_0_0' is unconnected for instance 'axi_uartlite_0' [/home/psh/work/project_9/project_9.gen/sources_1/bd/soc_hello/synth/soc_hello.v:412]
WARNING: [Synth 8-7023] instance 'axi_uartlite_0' of module 'soc_hello_axi_uartlite_0_0' has 22 connections declared, but only 21 given [/home/psh/work/project_9/project_9.gen/sources_1/bd/soc_hello/synth/soc_hello.v:412]
INFO: [Synth 8-6157] synthesizing module 'soc_hello_clk_wiz_0' [/home/psh/work/project_9/project_9.runs/synth_1/.Xil/Vivado-65124-min/realtime/soc_hello_clk_wiz_0_stub.v:6]
INFO: [Synth 8-6155] done synthesizing module 'soc_hello_clk_wiz_0' (0#1) [/home/psh/work/project_9/project_9.runs/synth_1/.Xil/Vivado-65124-min/realtime/soc_hello_clk_wiz_0_stub.v:6]
WARNING: [Synth 8-7071] port 'locked' of module 'soc_hello_clk_wiz_0' is unconnected for instance 'clk_wiz' [/home/psh/work/project_9/project_9.gen/sources_1/bd/soc_hello/synth/soc_hello.v:434]
WARNING: [Synth 8-7023] instance 'clk_wiz' of module 'soc_hello_clk_wiz_0' has 4 connections declared, but only 3 given [/home/psh/work/project_9/project_9.gen/sources_1/bd/soc_hello/synth/soc_hello.v:434]
INFO: [Synth 8-6157] synthesizing module 'soc_hello_mdm_1_1' [/home/psh/work/project_9/project_9.runs/synth_1/.Xil/Vivado-65124-min/realtime/soc_hello_mdm_1_1_stub.v:6]
INFO: [Synth 8-6155] done synthesizing module 'soc_hello_mdm_1_1' (0#1) [/home/psh/work/project_9/project_9.runs/synth_1/.Xil/Vivado-65124-min/realtime/soc_hello_mdm_1_1_stub.v:6]
INFO: [Synth 8-6157] synthesizing module 'soc_hello_microblaze_riscv_0_0' [/home/psh/work/project_9/project_9.runs/synth_1/.Xil/Vivado-65124-min/realtime/soc_hello_microblaze_riscv_0_0_stub.v:6]
INFO: [Synth 8-6155] done synthesizing module 'soc_hello_microblaze_riscv_0_0' (0#1) [/home/psh/work/project_9/project_9.runs/synth_1/.Xil/Vivado-65124-min/realtime/soc_hello_microblaze_riscv_0_0_stub.v:6]
WARNING: [Synth 8-7071] port 'Interrupt_Ack' of module 'soc_hello_microblaze_riscv_0_0' is unconnected for instance 'microblaze_riscv_0' [/home/psh/work/project_9/project_9.gen/sources_1/bd/soc_hello/synth/soc_hello.v:451]
WARNING: [Synth 8-7023] instance 'microblaze_riscv_0' of module 'soc_hello_microblaze_riscv_0_0' has 52 connections declared, but only 51 given [/home/psh/work/project_9/project_9.gen/sources_1/bd/soc_hello/synth/soc_hello.v:451]
INFO: [Synth 8-6157] synthesizing module 'microblaze_riscv_0_local_memory_imp_KZWAQ9' [/home/psh/work/project_9/project_9.gen/sources_1/bd/soc_hello/synth/soc_hello.v:13]
INFO: [Synth 8-6157] synthesizing module 'soc_hello_dlmb_bram_if_cntlr_1' [/home/psh/work/project_9/project_9.runs/synth_1/.Xil/Vivado-65124-min/realtime/soc_hello_dlmb_bram_if_cntlr_1_stub.v:6]
INFO: [Synth 8-6155] done synthesizing module 'soc_hello_dlmb_bram_if_cntlr_1' (0#1) [/home/psh/work/project_9/project_9.runs/synth_1/.Xil/Vivado-65124-min/realtime/soc_hello_dlmb_bram_if_cntlr_1_stub.v:6]
INFO: [Synth 8-6157] synthesizing module 'soc_hello_dlmb_v10_1' [/home/psh/work/project_9/project_9.runs/synth_1/.Xil/Vivado-65124-min/realtime/soc_hello_dlmb_v10_1_stub.v:6]
INFO: [Synth 8-6155] done synthesizing module 'soc_hello_dlmb_v10_1' (0#1) [/home/psh/work/project_9/project_9.runs/synth_1/.Xil/Vivado-65124-min/realtime/soc_hello_dlmb_v10_1_stub.v:6]
WARNING: [Synth 8-7071] port 'LMB_Rst' of module 'soc_hello_dlmb_v10_1' is unconnected for instance 'dlmb_v10' [/home/psh/work/project_9/project_9.gen/sources_1/bd/soc_hello/synth/soc_hello.v:138]
WARNING: [Synth 8-7023] instance 'dlmb_v10' of module 'soc_hello_dlmb_v10_1' has 25 connections declared, but only 24 given [/home/psh/work/project_9/project_9.gen/sources_1/bd/soc_hello/synth/soc_hello.v:138]
INFO: [Synth 8-6157] synthesizing module 'soc_hello_ilmb_bram_if_cntlr_1' [/home/psh/work/project_9/project_9.runs/synth_1/.Xil/Vivado-65124-min/realtime/soc_hello_ilmb_bram_if_cntlr_1_stub.v:6]
INFO: [Synth 8-6155] done synthesizing module 'soc_hello_ilmb_bram_if_cntlr_1' (0#1) [/home/psh/work/project_9/project_9.runs/synth_1/.Xil/Vivado-65124-min/realtime/soc_hello_ilmb_bram_if_cntlr_1_stub.v:6]
INFO: [Synth 8-6157] synthesizing module 'soc_hello_ilmb_v10_1' [/home/psh/work/project_9/project_9.runs/synth_1/.Xil/Vivado-65124-min/realtime/soc_hello_ilmb_v10_1_stub.v:6]
INFO: [Synth 8-6155] done synthesizing module 'soc_hello_ilmb_v10_1' (0#1) [/home/psh/work/project_9/project_9.runs/synth_1/.Xil/Vivado-65124-min/realtime/soc_hello_ilmb_v10_1_stub.v:6]
WARNING: [Synth 8-7071] port 'LMB_Rst' of module 'soc_hello_ilmb_v10_1' is unconnected for instance 'ilmb_v10' [/home/psh/work/project_9/project_9.gen/sources_1/bd/soc_hello/synth/soc_hello.v:184]
WARNING: [Synth 8-7023] instance 'ilmb_v10' of module 'soc_hello_ilmb_v10_1' has 25 connections declared, but only 24 given [/home/psh/work/project_9/project_9.gen/sources_1/bd/soc_hello/synth/soc_hello.v:184]
INFO: [Synth 8-6157] synthesizing module 'soc_hello_lmb_bram_1' [/home/psh/work/project_9/project_9.runs/synth_1/.Xil/Vivado-65124-min/realtime/soc_hello_lmb_bram_1_stub.v:6]
INFO: [Synth 8-6155] done synthesizing module 'soc_hello_lmb_bram_1' (0#1) [/home/psh/work/project_9/project_9.runs/synth_1/.Xil/Vivado-65124-min/realtime/soc_hello_lmb_bram_1_stub.v:6]
WARNING: [Synth 8-7071] port 'rsta_busy' of module 'soc_hello_lmb_bram_1' is unconnected for instance 'lmb_bram' [/home/psh/work/project_9/project_9.gen/sources_1/bd/soc_hello/synth/soc_hello.v:209]
WARNING: [Synth 8-7071] port 'rstb_busy' of module 'soc_hello_lmb_bram_1' is unconnected for instance 'lmb_bram' [/home/psh/work/project_9/project_9.gen/sources_1/bd/soc_hello/synth/soc_hello.v:209]
WARNING: [Synth 8-7023] instance 'lmb_bram' of module 'soc_hello_lmb_bram_1' has 16 connections declared, but only 14 given [/home/psh/work/project_9/project_9.gen/sources_1/bd/soc_hello/synth/soc_hello.v:209]
INFO: [Synth 8-6155] done synthesizing module 'microblaze_riscv_0_local_memory_imp_KZWAQ9' (0#1) [/home/psh/work/project_9/project_9.gen/sources_1/bd/soc_hello/synth/soc_hello.v:13]
INFO: [Synth 8-6157] synthesizing module 'soc_hello_proc_sys_reset_0_0' [/home/psh/work/project_9/project_9.runs/synth_1/.Xil/Vivado-65124-min/realtime/soc_hello_proc_sys_reset_0_0_stub.v:6]
INFO: [Synth 8-6155] done synthesizing module 'soc_hello_proc_sys_reset_0_0' (0#1) [/home/psh/work/project_9/project_9.runs/synth_1/.Xil/Vivado-65124-min/realtime/soc_hello_proc_sys_reset_0_0_stub.v:6]
WARNING: [Synth 8-7071] port 'peripheral_reset' of module 'soc_hello_proc_sys_reset_0_0' is unconnected for instance 'proc_sys_reset_0' [/home/psh/work/project_9/project_9.gen/sources_1/bd/soc_hello/synth/soc_hello.v:525]
WARNING: [Synth 8-7071] port 'interconnect_aresetn' of module 'soc_hello_proc_sys_reset_0_0' is unconnected for instance 'proc_sys_reset_0' [/home/psh/work/project_9/project_9.gen/sources_1/bd/soc_hello/synth/soc_hello.v:525]
WARNING: [Synth 8-7023] instance 'proc_sys_reset_0' of module 'soc_hello_proc_sys_reset_0_0' has 10 connections declared, but only 8 given [/home/psh/work/project_9/project_9.gen/sources_1/bd/soc_hello/synth/soc_hello.v:525]
INFO: [Synth 8-6155] done synthesizing module 'soc_hello' (0#1) [/home/psh/work/project_9/project_9.gen/sources_1/bd/soc_hello/synth/soc_hello.v:226]
INFO: [Synth 8-6155] done synthesizing module 'soc_hello_wrapper' (0#1) [/home/psh/work/project_9/project_9.gen/sources_1/bd/soc_hello/hdl/soc_hello_wrapper.v:13]
---------------------------------------------------------------------------------
Finished RTL Elaboration : Time (s): cpu = 00:00:15 ; elapsed = 00:00:16 . Memory (MB): peak = 2237.820 ; gain = 500.703 ; free physical = 2696 ; free virtual = 9082
---------------------------------------------------------------------------------
---------------------------------------------------------------------------------
Start Handling Custom Attributes
---------------------------------------------------------------------------------
---------------------------------------------------------------------------------
Finished Handling Custom Attributes : Time (s): cpu = 00:00:15 ; elapsed = 00:00:16 . Memory (MB): peak = 2252.664 ; gain = 515.547 ; free physical = 2725 ; free virtual = 9111
---------------------------------------------------------------------------------
---------------------------------------------------------------------------------
Finished RTL Optimization Phase 1 : Time (s): cpu = 00:00:15 ; elapsed = 00:00:16 . Memory (MB): peak = 2252.664 ; gain = 515.547 ; free physical = 2725 ; free virtual = 9111
---------------------------------------------------------------------------------
Netlist sorting complete. Time (s): cpu = 00:00:00.02 ; elapsed = 00:00:00.02 . Memory (MB): peak = 2252.664 ; gain = 0.000 ; free physical = 2724 ; free virtual = 9119
INFO: [Project 1-570] Preparing netlist for logic optimization

Processing XDC Constraints
Initializing timing engine
Parsing XDC File [/home/psh/work/project_9/project_9.gen/sources_1/bd/soc_hello/ip/soc_hello_proc_sys_reset_0_0/soc_hello_proc_sys_reset_0_0/soc_hello_proc_sys_reset_0_0_in_context.xdc] for cell 'soc_hello_i/proc_sys_reset_0'
Finished Parsing XDC File [/home/psh/work/project_9/project_9.gen/sources_1/bd/soc_hello/ip/soc_hello_proc_sys_reset_0_0/soc_hello_proc_sys_reset_0_0/soc_hello_proc_sys_reset_0_0_in_context.xdc] for cell 'soc_hello_i/proc_sys_reset_0'
Parsing XDC File [/home/psh/work/project_9/project_9.gen/sources_1/bd/soc_hello/ip/soc_hello_clk_wiz_0/soc_hello_clk_wiz_0/soc_hello_clk_wiz_0_in_context.xdc] for cell 'soc_hello_i/clk_wiz'
Finished Parsing XDC File [/home/psh/work/project_9/project_9.gen/sources_1/bd/soc_hello/ip/soc_hello_clk_wiz_0/soc_hello_clk_wiz_0/soc_hello_clk_wiz_0_in_context.xdc] for cell 'soc_hello_i/clk_wiz'
Parsing XDC File [/home/psh/work/project_9/project_9.gen/sources_1/bd/soc_hello/ip/soc_hello_microblaze_riscv_0_0/soc_hello_microblaze_riscv_0_0/soc_hello_microblaze_riscv_0_0_in_context.xdc] for cell 'soc_hello_i/microblaze_riscv_0'
Finished Parsing XDC File [/home/psh/work/project_9/project_9.gen/sources_1/bd/soc_hello/ip/soc_hello_microblaze_riscv_0_0/soc_hello_microblaze_riscv_0_0/soc_hello_microblaze_riscv_0_0_in_context.xdc] for cell 'soc_hello_i/microblaze_riscv_0'
Parsing XDC File [/home/psh/work/project_9/project_9.gen/sources_1/bd/soc_hello/ip/soc_hello_dlmb_v10_1/soc_hello_dlmb_v10_1/soc_hello_dlmb_v10_1_in_context.xdc] for cell 'soc_hello_i/microblaze_riscv_0_local_memory/dlmb_v10'
Finished Parsing XDC File [/home/psh/work/project_9/project_9.gen/sources_1/bd/soc_hello/ip/soc_hello_dlmb_v10_1/soc_hello_dlmb_v10_1/soc_hello_dlmb_v10_1_in_context.xdc] for cell 'soc_hello_i/microblaze_riscv_0_local_memory/dlmb_v10'
Parsing XDC File [/home/psh/work/project_9/project_9.gen/sources_1/bd/soc_hello/ip/soc_hello_ilmb_v10_1/soc_hello_ilmb_v10_1/soc_hello_dlmb_v10_1_in_context.xdc] for cell 'soc_hello_i/microblaze_riscv_0_local_memory/ilmb_v10'
Finished Parsing XDC File [/home/psh/work/project_9/project_9.gen/sources_1/bd/soc_hello/ip/soc_hello_ilmb_v10_1/soc_hello_ilmb_v10_1/soc_hello_dlmb_v10_1_in_context.xdc] for cell 'soc_hello_i/microblaze_riscv_0_local_memory/ilmb_v10'
Parsing XDC File [/home/psh/work/project_9/project_9.gen/sources_1/bd/soc_hello/ip/soc_hello_dlmb_bram_if_cntlr_1/soc_hello_dlmb_bram_if_cntlr_1/soc_hello_dlmb_bram_if_cntlr_1_in_context.xdc] for cell 'soc_hello_i/microblaze_riscv_0_local_memory/dlmb_bram_if_cntlr'
Finished Parsing XDC File [/home/psh/work/project_9/project_9.gen/sources_1/bd/soc_hello/ip/soc_hello_dlmb_bram_if_cntlr_1/soc_hello_dlmb_bram_if_cntlr_1/soc_hello_dlmb_bram_if_cntlr_1_in_context.xdc] for cell 'soc_hello_i/microblaze_riscv_0_local_memory/dlmb_bram_if_cntlr'
Parsing XDC File [/home/psh/work/project_9/project_9.gen/sources_1/bd/soc_hello/ip/soc_hello_ilmb_bram_if_cntlr_1/soc_hello_ilmb_bram_if_cntlr_1/soc_hello_ilmb_bram_if_cntlr_1_in_context.xdc] for cell 'soc_hello_i/microblaze_riscv_0_local_memory/ilmb_bram_if_cntlr'
Finished Parsing XDC File [/home/psh/work/project_9/project_9.gen/sources_1/bd/soc_hello/ip/soc_hello_ilmb_bram_if_cntlr_1/soc_hello_ilmb_bram_if_cntlr_1/soc_hello_ilmb_bram_if_cntlr_1_in_context.xdc] for cell 'soc_hello_i/microblaze_riscv_0_local_memory/ilmb_bram_if_cntlr'
Parsing XDC File [/home/psh/work/project_9/project_9.gen/sources_1/bd/soc_hello/ip/soc_hello_lmb_bram_1/soc_hello_lmb_bram_1/soc_hello_lmb_bram_1_in_context.xdc] for cell 'soc_hello_i/microblaze_riscv_0_local_memory/lmb_bram'
Finished Parsing XDC File [/home/psh/work/project_9/project_9.gen/sources_1/bd/soc_hello/ip/soc_hello_lmb_bram_1/soc_hello_lmb_bram_1/soc_hello_lmb_bram_1_in_context.xdc] for cell 'soc_hello_i/microblaze_riscv_0_local_memory/lmb_bram'
Parsing XDC File [/home/psh/work/project_9/project_9.gen/sources_1/bd/soc_hello/ip/soc_hello_mdm_1_1/soc_hello_mdm_1_1/soc_hello_mdm_1_1_in_context.xdc] for cell 'soc_hello_i/mdm_1'
Finished Parsing XDC File [/home/psh/work/project_9/project_9.gen/sources_1/bd/soc_hello/ip/soc_hello_mdm_1_1/soc_hello_mdm_1_1/soc_hello_mdm_1_1_in_context.xdc] for cell 'soc_hello_i/mdm_1'
Parsing XDC File [/home/psh/work/project_9/project_9.gen/sources_1/bd/soc_hello/ip/soc_hello_axi_uartlite_0_0/soc_hello_axi_uartlite_0_0/soc_hello_axi_uartlite_0_0_in_context.xdc] for cell 'soc_hello_i/axi_uartlite_0'
Finished Parsing XDC File [/home/psh/work/project_9/project_9.gen/sources_1/bd/soc_hello/ip/soc_hello_axi_uartlite_0_0/soc_hello_axi_uartlite_0_0/soc_hello_axi_uartlite_0_0_in_context.xdc] for cell 'soc_hello_i/axi_uartlite_0'
Parsing XDC File [/home/psh/work/project_9/project_9.gen/sources_1/bd/soc_hello/ip/soc_hello_axi_smc_0/soc_hello_axi_smc_0/soc_hello_axi_smc_0_in_context.xdc] for cell 'soc_hello_i/axi_smc'
Finished Parsing XDC File [/home/psh/work/project_9/project_9.gen/sources_1/bd/soc_hello/ip/soc_hello_axi_smc_0/soc_hello_axi_smc_0/soc_hello_axi_smc_0_in_context.xdc] for cell 'soc_hello_i/axi_smc'
Parsing XDC File [/home/psh/work/project_9/project_9.gen/sources_1/bd/soc_hello/ip/soc_hello_axi_gpio_0_0/soc_hello_axi_gpio_0_0/soc_hello_axi_gpio_0_0_in_context.xdc] for cell 'soc_hello_i/axi_gpio_led_sw'
Finished Parsing XDC File [/home/psh/work/project_9/project_9.gen/sources_1/bd/soc_hello/ip/soc_hello_axi_gpio_0_0/soc_hello_axi_gpio_0_0/soc_hello_axi_gpio_0_0_in_context.xdc] for cell 'soc_hello_i/axi_gpio_led_sw'
Parsing XDC File [/home/psh/work/project_9/project_9.srcs/constrs_1/imports/work/Basys-3-Master.xdc]
Finished Parsing XDC File [/home/psh/work/project_9/project_9.srcs/constrs_1/imports/work/Basys-3-Master.xdc]
Parsing XDC File [/home/psh/work/project_9/project_9.runs/synth_1/dont_touch.xdc]
Finished Parsing XDC File [/home/psh/work/project_9/project_9.runs/synth_1/dont_touch.xdc]
Completed Processing XDC Constraints

Netlist sorting complete. Time (s): cpu = 00:00:00 ; elapsed = 00:00:00 . Memory (MB): peak = 2301.590 ; gain = 0.000 ; free physical = 2777 ; free virtual = 9157
INFO: [Project 1-111] Unisim Transformation Summary:
No Unisim elements were transformed.

Constraint Validation Runtime : Time (s): cpu = 00:00:00.02 ; elapsed = 00:00:00.01 . Memory (MB): peak = 2301.590 ; gain = 0.000 ; free physical = 2776 ; free virtual = 9157
WARNING: [Timing 38-316] Clock period '20.000' specified during out-of-context synthesis of instance 'soc_hello_i/microblaze_riscv_0_local_memory/lmb_bram' at clock pin 'clka' is different from the actual clock period '10.000', this can lead to different synthesis results.
INFO: [Designutils 20-5440] No compile time benefit to using incremental synthesis; A full resynthesis will be run
INFO: [Designutils 20-4379] Flow is switching to default flow due to incremental criteria not met. If you would like to alter this behaviour and have the flow terminate instead, please set the following parameter config_implementation {autoIncr.Synth.RejectBehavior Terminate}
---------------------------------------------------------------------------------
Finished Constraint Validation : Time (s): cpu = 00:00:34 ; elapsed = 00:00:35 . Memory (MB): peak = 2301.590 ; gain = 564.473 ; free physical = 2982 ; free virtual = 9353
---------------------------------------------------------------------------------
---------------------------------------------------------------------------------
Start Loading Part and Timing Information
---------------------------------------------------------------------------------
Loading part: xc7a35tcpg236-1
---------------------------------------------------------------------------------
Finished Loading Part and Timing Information : Time (s): cpu = 00:00:34 ; elapsed = 00:00:35 . Memory (MB): peak = 2309.594 ; gain = 572.477 ; free physical = 2977 ; free virtual = 9354
---------------------------------------------------------------------------------
---------------------------------------------------------------------------------
Start Applying 'set_property' XDC Constraints
---------------------------------------------------------------------------------
Applied set_property IO_BUFFER_TYPE = NONE for sys_clock. (constraint file  /home/psh/work/project_9/project_9.gen/sources_1/bd/soc_hello/ip/soc_hello_clk_wiz_0/soc_hello_clk_wiz_0/soc_hello_clk_wiz_0_in_context.xdc, line 3).
Applied set_property CLOCK_BUFFER_TYPE = NONE for sys_clock. (constraint file  /home/psh/work/project_9/project_9.gen/sources_1/bd/soc_hello/ip/soc_hello_clk_wiz_0/soc_hello_clk_wiz_0/soc_hello_clk_wiz_0_in_context.xdc, line 4).
Applied set_property KEEP_HIERARCHY = SOFT for soc_hello_i. (constraint file  auto generated constraint).
Applied set_property KEEP_HIERARCHY = SOFT for soc_hello_i/proc_sys_reset_0. (constraint file  auto generated constraint).
Applied set_property KEEP_HIERARCHY = SOFT for soc_hello_i/clk_wiz. (constraint file  auto generated constraint).
Applied set_property KEEP_HIERARCHY = SOFT for soc_hello_i/microblaze_riscv_0. (constraint file  auto generated constraint).
Applied set_property KEEP_HIERARCHY = SOFT for soc_hello_i/microblaze_riscv_0_local_memory/dlmb_v10. (constraint file  auto generated constraint).
Applied set_property KEEP_HIERARCHY = SOFT for soc_hello_i/microblaze_riscv_0_local_memory/ilmb_v10. (constraint file  auto generated constraint).
Applied set_property KEEP_HIERARCHY = SOFT for soc_hello_i/microblaze_riscv_0_local_memory/dlmb_bram_if_cntlr. (constraint file  auto generated constraint).
Applied set_property KEEP_HIERARCHY = SOFT for soc_hello_i/microblaze_riscv_0_local_memory/ilmb_bram_if_cntlr. (constraint file  auto generated constraint).
Applied set_property KEEP_HIERARCHY = SOFT for soc_hello_i/microblaze_riscv_0_local_memory/lmb_bram. (constraint file  auto generated constraint).
Applied set_property KEEP_HIERARCHY = SOFT for soc_hello_i/mdm_1. (constraint file  auto generated constraint).
Applied set_property KEEP_HIERARCHY = SOFT for soc_hello_i/axi_uartlite_0. (constraint file  auto generated constraint).
Applied set_property KEEP_HIERARCHY = SOFT for soc_hello_i/axi_smc. (constraint file  auto generated constraint).
Applied set_property KEEP_HIERARCHY = SOFT for soc_hello_i/axi_gpio_led_sw. (constraint file  auto generated constraint).
---------------------------------------------------------------------------------
Finished applying 'set_property' XDC Constraints : Time (s): cpu = 00:00:34 ; elapsed = 00:00:35 . Memory (MB): peak = 2309.594 ; gain = 572.477 ; free physical = 2985 ; free virtual = 9363
---------------------------------------------------------------------------------
---------------------------------------------------------------------------------
Finished RTL Optimization Phase 2 : Time (s): cpu = 00:00:34 ; elapsed = 00:00:35 . Memory (MB): peak = 2309.594 ; gain = 572.477 ; free physical = 2983 ; free virtual = 9362
---------------------------------------------------------------------------------
---------------------------------------------------------------------------------
Start RTL Component Statistics 
---------------------------------------------------------------------------------
Detailed RTL Component Info : 
---------------------------------------------------------------------------------
Finished RTL Component Statistics 
---------------------------------------------------------------------------------
---------------------------------------------------------------------------------
Start Part Resource Summary
---------------------------------------------------------------------------------
Part Resources:
DSPs: 90 (col length:60)
BRAMs: 100 (col length: RAMB18 60 RAMB36 30)
---------------------------------------------------------------------------------
Finished Part Resource Summary
---------------------------------------------------------------------------------
---------------------------------------------------------------------------------
Start Cross Boundary and Area Optimization
---------------------------------------------------------------------------------
WARNING: [Synth 8-7080] Parallel synthesis criteria is not met
---------------------------------------------------------------------------------
Finished Cross Boundary and Area Optimization : Time (s): cpu = 00:00:36 ; elapsed = 00:00:37 . Memory (MB): peak = 2309.594 ; gain = 572.477 ; free physical = 2955 ; free virtual = 9335
---------------------------------------------------------------------------------
---------------------------------------------------------------------------------
Start Applying XDC Timing Constraints
---------------------------------------------------------------------------------
---------------------------------------------------------------------------------
Finished Applying XDC Timing Constraints : Time (s): cpu = 00:00:45 ; elapsed = 00:00:47 . Memory (MB): peak = 2387.594 ; gain = 650.477 ; free physical = 2908 ; free virtual = 9286
---------------------------------------------------------------------------------
---------------------------------------------------------------------------------
Start Timing Optimization
---------------------------------------------------------------------------------
---------------------------------------------------------------------------------
Finished Timing Optimization : Time (s): cpu = 00:00:45 ; elapsed = 00:00:47 . Memory (MB): peak = 2387.594 ; gain = 650.477 ; free physical = 2908 ; free virtual = 9286
---------------------------------------------------------------------------------
---------------------------------------------------------------------------------
Start Technology Mapping
---------------------------------------------------------------------------------
---------------------------------------------------------------------------------
Finished Technology Mapping : Time (s): cpu = 00:00:46 ; elapsed = 00:00:47 . Memory (MB): peak = 2398.609 ; gain = 661.492 ; free physical = 2877 ; free virtual = 9254
---------------------------------------------------------------------------------
---------------------------------------------------------------------------------
Start IO Insertion
---------------------------------------------------------------------------------
---------------------------------------------------------------------------------
Start Flattening Before IO Insertion
---------------------------------------------------------------------------------
---------------------------------------------------------------------------------
Finished Flattening Before IO Insertion
---------------------------------------------------------------------------------
---------------------------------------------------------------------------------
Start Final Netlist Cleanup
---------------------------------------------------------------------------------
---------------------------------------------------------------------------------
Finished Final Netlist Cleanup
---------------------------------------------------------------------------------
---------------------------------------------------------------------------------
Finished IO Insertion : Time (s): cpu = 00:00:55 ; elapsed = 00:00:56 . Memory (MB): peak = 2559.422 ; gain = 822.305 ; free physical = 2796 ; free virtual = 9156
---------------------------------------------------------------------------------
---------------------------------------------------------------------------------
Start Renaming Generated Instances
---------------------------------------------------------------------------------
---------------------------------------------------------------------------------
Finished Renaming Generated Instances : Time (s): cpu = 00:00:55 ; elapsed = 00:00:56 . Memory (MB): peak = 2559.422 ; gain = 822.305 ; free physical = 2796 ; free virtual = 9156
---------------------------------------------------------------------------------
---------------------------------------------------------------------------------
Start Rebuilding User Hierarchy
---------------------------------------------------------------------------------
---------------------------------------------------------------------------------
Finished Rebuilding User Hierarchy : Time (s): cpu = 00:00:55 ; elapsed = 00:00:56 . Memory (MB): peak = 2559.422 ; gain = 822.305 ; free physical = 2796 ; free virtual = 9156
---------------------------------------------------------------------------------
---------------------------------------------------------------------------------
Start Renaming Generated Ports
---------------------------------------------------------------------------------
---------------------------------------------------------------------------------
Finished Renaming Generated Ports : Time (s): cpu = 00:00:55 ; elapsed = 00:00:56 . Memory (MB): peak = 2559.422 ; gain = 822.305 ; free physical = 2796 ; free virtual = 9156
---------------------------------------------------------------------------------
---------------------------------------------------------------------------------
Start Handling Custom Attributes
---------------------------------------------------------------------------------
---------------------------------------------------------------------------------
Finished Handling Custom Attributes : Time (s): cpu = 00:00:55 ; elapsed = 00:00:56 . Memory (MB): peak = 2559.422 ; gain = 822.305 ; free physical = 2796 ; free virtual = 9156
---------------------------------------------------------------------------------
---------------------------------------------------------------------------------
Start Renaming Generated Nets
---------------------------------------------------------------------------------
---------------------------------------------------------------------------------
Finished Renaming Generated Nets : Time (s): cpu = 00:00:55 ; elapsed = 00:00:56 . Memory (MB): peak = 2559.422 ; gain = 822.305 ; free physical = 2796 ; free virtual = 9156
---------------------------------------------------------------------------------
---------------------------------------------------------------------------------
Start Writing Synthesis Report
---------------------------------------------------------------------------------

Report BlackBoxes: 
+------+-------------------------------+----------+
|      |BlackBox name                  |Instances |
+------+-------------------------------+----------+
|1     |soc_hello_axi_gpio_0_0         |         1|
|2     |soc_hello_axi_smc_0            |         1|
|3     |soc_hello_axi_uartlite_0_0     |         1|
|4     |soc_hello_clk_wiz_0            |         1|
|5     |soc_hello_mdm_1_1              |         1|
|6     |soc_hello_microblaze_riscv_0_0 |         1|
|7     |soc_hello_proc_sys_reset_0_0   |         1|
|8     |soc_hello_dlmb_bram_if_cntlr_1 |         1|
|9     |soc_hello_dlmb_v10_1           |         1|
|10    |soc_hello_ilmb_bram_if_cntlr_1 |         1|
|11    |soc_hello_ilmb_v10_1           |         1|
|12    |soc_hello_lmb_bram_1           |         1|
+------+-------------------------------+----------+

Report Cell Usage: 
+------+-----------------------------+------+
|      |Cell                         |Count |
+------+-----------------------------+------+
|1     |soc_hello_axi_gpio_0         |     1|
|2     |soc_hello_axi_smc            |     1|
|3     |soc_hello_axi_uartlite_0     |     1|
|4     |soc_hello_clk_wiz            |     1|
|5     |soc_hello_dlmb_bram_if_cntlr |     1|
|6     |soc_hello_dlmb_v10           |     1|
|7     |soc_hello_ilmb_bram_if_cntlr |     1|
|8     |soc_hello_ilmb_v10           |     1|
|9     |soc_hello_lmb_bram           |     1|
|10    |soc_hello_mdm_1              |     1|
|11    |soc_hello_microblaze_riscv_0 |     1|
|12    |soc_hello_proc_sys_reset_0   |     1|
|13    |IBUF                         |    18|
|14    |OBUF                         |    17|
+------+-----------------------------+------+
---------------------------------------------------------------------------------
Finished Writing Synthesis Report : Time (s): cpu = 00:00:55 ; elapsed = 00:00:56 . Memory (MB): peak = 2559.422 ; gain = 822.305 ; free physical = 2796 ; free virtual = 9156
---------------------------------------------------------------------------------
Synthesis finished with 0 errors, 0 critical warnings and 1 warnings.
Synthesis Optimization Runtime : Time (s): cpu = 00:00:50 ; elapsed = 00:00:51 . Memory (MB): peak = 2559.422 ; gain = 773.379 ; free physical = 2789 ; free virtual = 9154
Synthesis Optimization Complete : Time (s): cpu = 00:00:55 ; elapsed = 00:00:56 . Memory (MB): peak = 2559.430 ; gain = 822.305 ; free physical = 2789 ; free virtual = 9154
INFO: [Project 1-571] Translating synthesized netlist
Netlist sorting complete. Time (s): cpu = 00:00:00.02 ; elapsed = 00:00:00.02 . Memory (MB): peak = 2559.430 ; gain = 0.000 ; free physical = 2947 ; free virtual = 9312
INFO: [Project 1-570] Preparing netlist for logic optimization
INFO: [Opt 31-138] Pushed 0 inverter(s) to 0 load pin(s).
Netlist sorting complete. Time (s): cpu = 00:00:00 ; elapsed = 00:00:00 . Memory (MB): peak = 2559.430 ; gain = 0.000 ; free physical = 2956 ; free virtual = 9316
INFO: [Project 1-111] Unisim Transformation Summary:
No Unisim elements were transformed.

Synth Design complete | Checksum: ef7e11b6
INFO: [Common 17-83] Releasing license: Synthesis
51 Infos, 23 Warnings, 0 Critical Warnings and 0 Errors encountered.
synth_design completed successfully
synth_design: Time (s): cpu = 00:01:14 ; elapsed = 00:01:09 . Memory (MB): peak = 2559.430 ; gain = 1018.586 ; free physical = 2956 ; free virtual = 9315
INFO: [Common 17-2834] synth_design peak Physical Memory [PSS] (MB): overall = 2039.962; main = 1937.267; forked = 306.268
INFO: [Common 17-2834] synth_design peak Virtual Memory [VSS] (MB): overall = 3384.508; main = 2559.426; forked = 920.895
Write ShapeDB Complete: Time (s): cpu = 00:00:00 ; elapsed = 00:00:00 . Memory (MB): peak = 2583.434 ; gain = 0.000 ; free physical = 2956 ; free virtual = 9315
INFO: [Common 17-1381] The checkpoint '/home/psh/work/project_9/project_9.runs/synth_1/soc_hello_wrapper.dcp' has been generated.
INFO: [Vivado 12-24828] Executing command : report_utilization -file soc_hello_wrapper_utilization_synth.rpt -pb soc_hello_wrapper_utilization_synth.pb
INFO: [Common 17-206] Exiting Vivado at Tue Sep  2 12:46:59 2025...
